Case 1: Not Possible!
Case 2: Not Possible!
Case 3:
AAAAAAAAAAAA
AAAAAAAAAAAA
AAAAAAAAABAA
AAAAAAAABBBA
AAAAAAAAABAA
AAAAAAAAAAAA
AAAAAAAAAAAA
AAAAAAAAAAAA
AAAAAAAAAAAA
AAAAAAAAAAAA
AAAAAAAAAAAA
AAAAAAAAAAAA
Case 4: Not Possible!
Case 5:
AABAAAAA
ABBBAAAA
AABAAAAA
AAAAAAAA
AAAAAAAA
AAAAAAAA
AAAAAAAA
AAAAAAAA
Case 6: Not Possible!
Case 7: Not Possible!
Case 8: Not Possible!
Case 9: Not Possible!
Case 10: Not Possible!
Case 11: Not Possible!
Case 12: Not Possible!
Case 13: Not Possible!
Case 14: Not Possible!
Case 15: Not Possible!
Case 16: Not Possible!
Case 17: Not Possible!
Case 18: Not Possible!
Case 19: Not Possible!
Case 20: Not Possible!
Case 21: Not Possible!
Case 22: Not Possible!
Case 23: Not Possible!
Case 24: Not Possible!
Case 25: Not Possible!
Case 26: Not Possible!
Case 27: Not Possible!
Case 28: Not Possible!
Case 29: Not Possible!
Case 30: Not Possible!
Case 31: Not Possible!
Case 32: Not Possible!
Case 33: Not Possible!
Case 34: Not Possible!
Case 35: Not Possible!
Case 36: Not Possible!
Case 37: Not Possible!
Case 38: Not Possible!
Case 39: Not Possible!
Case 40: Not Possible!
Case 41: Not Possible!
Case 42: Not Possible!
Case 43: Not Possible!
Case 44: Not Possible!
Case 45: Not Possible!
Case 46: Not Possible!
Case 47: Not Possible!
Case 48: Not Possible!
Case 49: Not Possible!
Case 50: Not Possible!
Case 51: Not Possible!
Case 52: Not Possible!
Case 53: Not Possible!
Case 54: Not Possible!
Case 55: Not Possible!
Case 56: Not Possible!
Case 57: Not Possible!
Case 58:
AAAAAAAAA
AAAAAAAAA
AAAAAAAAA
AAAAAAAAA
AAAAAAAAA
ABAAAAAAA
BBBAAAAAA
ABAAAAAAA
AAAAAAAAA
Case 59: Not Possible!
Case 60: Not Possible!
Case 61: Not Possible!
Case 62: Not Possible!
Case 63: Not Possible!
Case 64: Not Possible!
Case 65: Not Possible!
Case 66: Not Possible!
Case 67: Not Possible!
Case 68:
AAAAAAAAAAAAA
AAAAAAAAAAAAA
AAAAAAAAAAAAA
AAAAAAAAAAAAA
AAAAAAAAAAAAA
AAAAAAAAAAAAA
AAAAABAAAAAAA
AAAABBBAAAAAA
AAAAABAAAAAAA
AAAAAAAAAAAAA
AAAAAAAAAAAAA
AAAAAAAAAAAAA
AAAAAAAAAAAAA
Case 69: Not Possible!
Case 70: Not Possible!
Case 71: Not Possible!
Case 72: Not Possible!
Case 73:
AAAAAAABAAA
AAAAACBBBAA
AAAACCCBAAA
AAAAACAAAAA
AAAAAAAAAAA
AAAAAAAAAAA
AAAAAAAAAAA
AAAAAAAAAAA
AAAAAAAAAAA
AAAAAAAAAAA
AAAAAAAAAAA
Case 74: Not Possible!
Case 75: Not Possible!
Case 76:
AAAAAABAAA
AAAAABBBAA
AAAAAABAAA
AAAAAAAAAA
AAAAAAAAAA
AABAAAAAAA
ABBBAAAAAA
AABAABAAAA
AAAABBBAAA
AAAAABAAAA
Case 77: Not Possible!
Case 78: Not Possible!
Case 79: Not Possible!
Case 80: Not Possible!
Case 81: Not Possible!
Case 82: Not Possible!
Case 83: Not Possible!
Case 84:
AAABAAAAAAAAAA
AABBBAAAAAAAAA
AAABAAAAAAAAAA
AAAAAAAAAAAAAA
AAAAAAAAAAAAAA
AAAAAAAAAAAAAA
AAAAAAAAAAAAAA
AAAAAAAAAAAAAA
AAAAAAAAAAAAAA
AAAAAAAAAAAAAA
AAAAAAAAAAAAAA
AAAAAAAAAAAAAA
AAAAAAAAAAAAAA
AAAAAAAAAAAAAA
Case 85: Not Possible!
Case 86: Not Possible!
Case 87:
ABAA
BBBA
ABAA
AAAA
Case 88: Not Possible!
Case 89: Not Possible!
Case 90: Not Possible!
Case 91:
AAAAAAAAAAA
AAAAAAAAAAA
AAAAAAAAAAA
AAAAAAAAAAA
AAAAAAAAAAA
AAAAAAAAAAA
AAAAAABAAAA
AAAAABBBAAA
AAAAAABAAAA
AAAAAAAAAAA
AAAAAAAAAAA
Case 92: Not Possible!
Case 93: Not Possible!
Case 94: Not Possible!
Case 95: Not Possible!
Case 96: Not Possible!
Case 97: Not Possible!
Case 98: Not Possible!
Case 99: Not Possible!
Case 100: Not Possible!
