480
124
455
609
20
297
427
468
226
501
444
469
497
327
155
98
510
412
293
349
319
599
220
532
456
83
254
45
478
685
381
615
136
539
373
212
931
895
98
615
108
486
354
324
748
701
413
495
567
477
337
463
525
249
500
668
562
176
31
654
763
787
220
218
133
569
702
793
497
475
656
716
459
977
98
339
180
857
735
860
14
74
190
870
160
133
38
484
626
6
639
73
378
548
174
385
434
995
662
714
759
726
460
178
203
729
822
720
533
131
90
642
531
323
894
651
682
802
166
191
774
604
129
189
127
711
815
921
750
155
366
361
535
23
889
945
309
827
678
631
63
199
403
709
465
654
949
308
579
817
112
607
507
20
191
8
716
375
261
52
376
713
715
618
573
150
356
446
822
719
172
607
374
394
455
546
805
992
569
164
679
115
409
89
180
741
408
134
941
762
414
723
828
44
812
850
171
461
293
487
631
626
765
119
166
798
799
774
363
112
444
141
586
748
433
946
100
388
771
271
821
748
355
393
757
498
609
655
107
723
320
738
671
566
433
104
185
578
23
162
125
640
783
752
868
523
926
93
562
779
479
175
812
255
130
501
392
22
1010
558
539
589
628
457
0
498
769
536
6
205
739
411
11
386
701
226
866
579
360
532
234
183
643
295
221
575
481
456
338
697
11
332
867
678
274
402
12
965
754
498
396
514
173
123
796
692
961
307
340
4
705
348
793
415
376
76
488
114
421
65
305
775
260
355
58
78
320
677
927
553
557
78
815
115
783
312
169
700
734
70
533
522
448
780
129
467
561
430
656
604
642
976
418
808
241
985
716
636
828
359
461
493
864
905
324
129
644
110
720
764
262
89
243
268
446
197
598
195
195
907
824
216
232
422
420
579
920
47
729
604
54
555
330
455
281
881
923
876
395
1018
234
897
356
71
1011
488
95
169
601
329
606
512
164
1019
832
823
153
566
565
447
267
9
560
636
377
273
838
233
58
664
784
528
1019
215
735
528
45
841
425
940
250
207
784
656
497
845
767
652
759
340
274
611
806
185
679
514
155
93
762
165
958
490
154
169
425
635
512
819
426
602
39
166
907
200
174
544
11
670
195
848
629
585
150
113
817
674
36
822
171
558
259
216
648
767
337
642
213
78
294
238
578
376
51
593
19
277
464
386
141
818
152
458
604
741
86
738
706
67
191
711
200
409
351
873
106
970
608
987
510
397
762
569
193
549
54
136
79
250
40
499
26
550
833
124
78
233
716
721
350
1025
803
348
354
961
229
209
188
893
378
133
305
757
811
398
882
690
758
356
918
395
865
149
379
784
357
412
688
780
163
205
397
386
428
308
767
1004
192
85
314
371
807
13
984
226
656
292
411
913
112
605
941
656
21
402
274
774
974
618
182
286
345
285
640
800
303
856
818
527
495
846
660
287
65
214
340
681
254
588
919
525
76
360
721
536
443
307
309
279
138
815
403
812
803
421
86
173
517
753
652
943
79
191
397
874
221
278
479
246
572
372
147
90
400
803
733
430
677
319
13
384
458
176
579
320
791
598
128
291
216
176
117
100
649
826
819
172
124
506
504
542
746
233
651
647
686
70
391
96
21
599
831
18
434
580
128
526
377
75
452
534
695
725
409
13
51
954
1051
580
912
548
518
804
67
3
233
461
361
257
497
581
593
147
557
89
141
201
726
571
1031
643
794
820
514
170
873
851
588
102
901
197
801
159
283
274
767
663
680
1273
1323
268
838
414
34
954
721
68
37
212
899
703
608
454
366
408
460
760
278
718
788
627
217
242
412
1180
596
782
505
701
211
126
186
28
825
735
912
166
668
962
1108
717
604
573
463
702
461
531
52
885
166
1112
370
416
397
1023
702
470
872
186
883
757
1306
635
151
903
478
664
847
344
479
1245
88
1004
967
899
366
322
1298
1326
423
859
1
729
114
99
670
490
164
440
54
110
1029
666
268
488
517
657
953
738
442
936
1008
1278
277
486
585
1244
522
1309
503
1109
398
39
1164
58
56
721
1400
101
637
852
740
790
203
969
675
1034
674
179
676
452
401
3
195
152
886
640
2
640
126
490
460
447
943
115
350
431
610
40
798
1104
889
693
692
262
456
1304
956
903
580
741
53
946
803
915
753
509
213
703
886
568
690
866
895
385
444
1028
176
44
528
423
701
296
837
618
503
613
936
274
805
673
1268
418
1124
539
1002
41
363
161
99
235
1278
304
184
786
19
855
683
1063
1354
593
176
863
1074
1485
763
963
287
656
652
1039
423
1049
301
539
1167
692
430
796
437
785
1208
690
598
905
1127
127
241
890
891
992
370
388
179
1395
603
353
1054
1390
1204
241
930
310
1086
731
321
949
868
1497
208
799
852
643
480
79
900
799
442
3
36
591
1498
837
1081
261
173
27
522
1213
286
1191
1485
427
590
1205
595
829
1401
689
693
800
762
831
911
576
161
299
190
1357
1354
548
758
241
865
1163
446
770
367
165
1347
35
492
616
637
763
104
1085
18
788
762
1335
354
370
501
924
655
379
830
1251
22
900
1103
842
366
172
628
933
546
598
1085
980
1009
801
973
477
527
989
941
199
293
368
470
290
44
63
320
220
983
646
705
1184
1121
1067
1191
1484
664
491
1012
1122
1234
912
1204
16
1181
895
340
814
404
25
436
1142
158
789
1170
1175
75
539
125
1162
933
434
546
199
1117
457
1377
3
763
735
842
1140
339
799
490
695
556
1213
899
1270
66
265
1311
594
975
452
747
296
38
650
451
1110
225
611
208
1064
1484
1020
198
912
703
841
821
1130
784
720
474
192
1339
84
853
1127
277
1491
283
1074
691
568
1025
635
556
715
44
507
1052
292
1407
823
498
601
185
1305
254
1076
1476
719
127
356
178
532
695
874
216
841
74
710
676
1229
610
1388
792
1033
938
332
643
174
1460
1081
140
506
485
1175
210
364
519
455
176
1065
410
35
1253
846
319
1036
816
1485
447
1032
487
829
423
263
1165
589
115
618
1044
1054
286
274
891
1294
1030
894
92
244
288
462
149
546
1050
573
901
527
524
465
691
747
658
634
35
448
331
334
365
643
142
1451
422
169
1053
393
102
287
293
1226
39
194
512
1440
230
169
1000
875
905
254
821
142
513
1225
501
756
155
819
204
103
437
300
1065
389
279
1206
15
829
601
1249
63
674
132
804
722
653
192
1068
1263
883
187
1133
1202
1149
59
504
22
544
871
536
1124
1329
198
752
651
1094
1441
671
277
976
331
298
591
840
694
87
506
722
1267
704
1581
1238
737
127
640
591
1149
1477
654
886
46
44
409
665
681
520
932
837
358
16
267
771
245
1221
448
1534
252
40
1336
517
747
942
72
389
255
162
404
542
1200
1552
239
1130
836
27
882
282
676
261
172
1257
1200
49
414
866
333
22
1333
421
1174
782
634
224
1063
517
523
359
1449
1170
135
872
112
73
1258
180
999
1072
824
1079
1210
851
1217
443
677
355
730
932
889
903
371
706
1420
372
1151
781
496
189
155
1060
29
935
817
1142
507
1504
804
1150
76
765
13
1222
972
1474
134
1047
1165
778
755
923
837
12
933
300
28
635
431
973
813
26
575
603
58
719
779
855
118
314
535
952
551
718
1039
1253
1289
142
1064
691
1315
749
183
1007
699
139
1191
968
864
1424
928
13
1284
439
1101
1146
48
1484
796
1491
760
675
921
697
331
549
1323
557
1081
178
833
416
171
157
262
1141
910
648
86
740
826
996
1081
1444
1175
228
1518
991
1125
839
734
1110
1227
3
248
523
1171
340
971
1326
1072
62
1350
563
1439
1152
787
697
837
1280
120
446
45
39
162
1453
764
924
248
697
1132
476
1342
639
315
399
370
657
694
33
955
323
187
701
379
677
317
444
348
1080
533
1338
674
1578
737
621
1267
765
702
908
505
163
610
510
878
557
1310
458
1276
12
1121
1204
345
447
1180
944
681
634
927
729
55
633
929
798
467
19
749
766
501
43
470
647
1022
480
463
117
105
1145
828
123
758
341
785
751
674
1252
336
1286
737
898
364
564
917
924
948
334
905
42
440
488
1412
640
871
120
23
1253
456
1348
76
28
233
874
787
322
572
399
1320
1031
729
649
392
563
993
22
917
1035
679
1452
498
796
814
1216
678
151
924
890
590
507
1228
1454
667
77
1100
1074
802
264
1510
383
1310
639
18
417
1075
523
758
1357
97
377
645
130
1346
1355
81
897
1051
1450
817
546
751
1122
1560
110
890
240
368
978
859
602
705
113
786
1123
818
890
36
95
275
1171
900
820
769
248
538
3
833
23
825
1311
1036
339
359
1502
769
628
163
659
1005
98
712
1500
1101
1283
510
102
294
1172
559
820
308
1397
843
1049
1079
786
793
840
270
754
351
13
888
687
1314
451
804
673
1248
1163
1485
610
994
1151
609
326
285
1085
249
386
604
668
1138
945
773
159
1000
932
1203
294
1290
539
679
238
1427
910
874
606
648
927
329
898
842
1265
400
1205
296
1252
842
1162
815
906
603
345
98
90
280
1345
1244
1236
732
1011
494
882
794
864
1282
1409
436
927
1054
1320
506
297
1252
692
1567
657
1162
158
689
855
222
577
1494
880
84
1125
837
476
94
1215
763
1179
71
699
853
220
1000
836
1288
599
607
234
916
789
589
104
1361
1105
246
332
1433
329
441
802
308
1052
938
149
1016
981
377
553
414
773
966
908
1179
351
738
663
651
1040
1244
46
301
1070
463
94
967
830
698
613
559
850
349
29
471
1224
1026
944
1313
411
699
302
645
673
1183
813
1106
974
679
1218
1072
396
1023
1107
1421
1393
765
14
1318
186
887
659
193
698
834
1102
836
1198
56
316
195
1370
1161
65
968
1154
787
1268
1263
418
858
699
279
404
1185
1125
514
981
1102
1242
601
1524
1147
563
910
556
569
812
1416
633
585
240
1379
1052
829
883
206
200
34
552
156
1309
1294
344
130
1017
768
749
1230
1069
574
738
163
307
961
1252
902
1153
915
59
439
834
1116
356
38
1057
1189
1024
639
340
857
859
1216
59
754
23
832
63
290
319
595
1198
377
244
710
144
1055
239
1408
164
1020
505
1058
961
324
1215
1434
220
19
1414
189
1167
715
245
301
544
827
403
162
578
475
621
966
740
995
827
1096
1067
214
733
1118
863
185
332
732
447
1154
786
725
1430
374
66
1242
925
109
45
495
482
1316
57
1004
1152
34
428
928
1211
1361
850
215
1022
560
221
379
1038
257
160
888
189
1145
107
896
1477
418
779
533
494
710
153
1
533
1497
86
1030
315
830
200
877
740
788
978
362
1068
624
506
365
297
1156
468
713
1337
680
845
1426
486
828
1218
1022
424
707
1068
1197
826
1027
1432
1224
1412
785
433
807
202
1008
1183
1557
319
401
712
1203
1037
325
275
255
914
1413
804
1287
790
924
1338
818
155
1110
348
830
495
394
888
769
200
916
1253
765
398
201
1201
1432
1126
951
1205
878
729
1083
571
1286
63
734
826
471
268
1113
952
847
450
505
369
598
554
926
1105
705
524
1057
959
465
1011
668
270
416
354
329
1429
778
1233
1225
549
872
779
456
126
337
798
989
1236
124
794
1339
699
156
537
162
552
1178
680
1001
1320
723
376
604
423
1267
1345
1339
1525
519
677
1175
357
1043
104
549
1400
705
418
887
631
785
94
614
1236
1262
547
502
358
1371
265
732
995
825
411
1222
881
812
1113
1218
611
823
151
1008
1045
1163
1196
774
236
757
205
1336
965
618
931
1390
1039
344
1220
603
1242
774
255
729
76
837
9
643
193
1525
301
3
1408
315
145
440
725
1394
604
850
1371
445
818
559
663
958
914
279
564
80
1568
1028
42
1363
1264
1090
735
1179
275
319
13
398
211
1273
82
628
783
912
1134
1085
1222
1055
971
515
1473
262
992
229
195
904
96
102
656
854
466
565
556
673
393
1325
215
6
74
323
145
889
1140
495
641
923
646
1030
1037
805
94
1072
458
864
900
397
533
1172
1001
955
436
1199
251
241
1141
174
1442
722
542
407
546
560
967
1081
1159
1129
30
842
285
1378
362
1190
1006
1018
8
1099
398
343
1275
995
1095
621
315
43
515
1296
173
241
1067
655
161
427
1456
1271
663
1326
410
1155
152
200
753
760
751
703
915
378
407
387
755
948
177
1223
1408
695
199
982
1007
682
282
653
479
587
784
249
1048
54
22
635
936
1196
332
291
88
430
585
811
1159
1016
524
1125
1047
840
951
1115
816
978
45
916
977
1478
272
1301
861
1119
47
1268
1159
738
892
11
1
951
779
93
428
498
213
296
795
1050
959
981
1012
221
926
1162
319
196
798
1181
221
822
337
497
445
546
387
125
375
415
473
656
531
887
468
1029
1046
935
963
291
1366
740
500
1082
184
384
1507
835
929
836
1248
1151
1120
807
769
744
1094
929
668
955
513
778
422
554
466
332
1295
117
1194
630
1018
910
1352
848
1323
902
1142
394
161
906
126
1092
1113
242
522
1345
508
379
257
819
1157
728
58
250
181
564
645
447
234
566
932
609
750
1132
466
1208
1060
1235
372
470
639
340
265
755
401
1095
1316
910
853
401
1351
162
687
546
1081
838
1377
886
1151
1104
890
41
1136
882
793
425
892
791
115
758
209
748
1088
925
663
601
29
334
881
843
795
320
764
1210
988
1450
901
1418
554
99
557
709
785
713
329
1010
686
538
799
1097
1047
126
1301
969
1086
787
1013
54
1174
13
749
265
1319
438
186
127
23
1091
215
66
1143
335
348
669
1322
1213
652
577
1384
478
750
770
798
1216
217
804
658
391
628
1041
889
943
752
254
605
1011
219
734
1035
1081
1355
989
908
155
95
485
67
163
566
210
1336
1467
956
691
229
619
775
831
547
1349
740
1145
1317
43
49
489
162
1004
1128
622
401
1199
488
158
1122
1321
665
1008
923
1305
756
974
19
429
459
352
759
327
538
580
197
384
816
92
687
1084
1073
37
650
881
556
850
175
130
1058
833
216
1197
1100
947
706
414
220
272
1021
488
692
625
690
489
869
804
307
254
1054
225
15
1112
661
281
189
145
869
309
1490
1246
363
634
576
130
51
301
709
134
1152
964
1494
474
883
825
950
1198
1330
633
1262
944
213
269
379
409
1071
1030
647
40
919
772
718
165
722
534
459
835
158
740
246
1342
791
1083
616
984
1351
39
1367
867
29
95
480
636
1192
850
411
971
916
8
268
309
153
946
425
612
1214
1324
1509
381
584
245
844
376
1163
862
1107
448
964
672
631
1183
1173
1131
228
959
528
760
405
40
740
895
1215
50
512
354
1095
736
736
1492
834
7
720
872
962
1323
901
1154
650
1192
1268
386
969
991
1126
761
1157
715
986
315
1388
49
354
463
384
839
458
406
205
608
240
756
400
827
195
500
297
1532
1349
191
937
549
708
430
1182
1514
678
985
985
749
870
631
687
1133
271
785
418
1374
1338
809
518
9
166
53
1331
105
150
153
652
377
430
1233
444
703
1233
577
61
4
1051
1302
734
1345
592
1371
1122
60
681
1333
50
739
90
1210
719
744
1047
1058
656
736
1082
945
1276
226
194
9
1012
132
147
613
1455
385
1412
4
712
889
1368
759
1412
1402
1160
98
412
1230
76
660
4
171
126
1046
1215
1324
46
632
924
1107
948
789
805
832
1142
1346
1231
799
1424
1034
1391
217
975
706
1358
1386
833
1051
573
479
279
202
707
425
1142
1029
867
1035
75
1258
107
189
1070
341
483
185
457
755
1508
721
99
855
243
588
27
457
850
957
966
213
898
321
1057
380
1155
745
1328
1281
167
1209
876
704
437
824
297
633
610
797
1071
1242
183
906
558
1182
532
176
361
1499
1322
83
469
1036
1389
961
412
7
833
1089
373
1040
1034
1012
163
220
202
267
1124
478
670
1374
678
527
180
870
987
374
265
1272
698
243
1023
774
1537
492
459
128
1263
602
552
1044
254
1289
318
325
953
289
30
918
98
178
598
1205
1342
1154
151
799
351
1467
1087
869
1001
941
900
495
564
799
394
950
492
353
1501
197
976
850
718
512
975
403
222
619
