0 0 0 0 10 
----->10000000000.0000 -10000000000.0000
0 0 0 1 9 
----->10000000000.0000 -10000000000.0000
0 0 0 2 8 
----->10000000000.0000 -10000000000.0000
0 0 0 3 7 
----->10000000000.0000 -10000000000.0000
0 0 0 4 6 
----->10000000000.0000 -10000000000.0000
0 0 0 5 5 
----->10000000000.0000 -10000000000.0000
0 0 0 6 4 
----->10000000000.0000 -10000000000.0000
0 0 0 7 3 
----->10000000000.0000 -10000000000.0000
0 0 0 8 2 
----->10000000000.0000 -10000000000.0000
0 0 0 9 1 
----->10000000000.0000 -10000000000.0000
0 0 0 10 0 
----->10000000000.0000 -10000000000.0000
0 0 1 0 9 
----->10000000000.0000 -10000000000.0000
0 0 1 1 8 
----->10000000000.0000 -10000000000.0000
0 0 1 2 7 
----->10000000000.0000 -10000000000.0000
0 0 1 3 6 
----->10000000000.0000 -10000000000.0000
0 0 1 4 5 
----->10000000000.0000 -10000000000.0000
0 0 1 5 4 
----->10000000000.0000 -10000000000.0000
0 0 1 6 3 
----->10000000000.0000 -10000000000.0000
0 0 1 7 2 
----->10000000000.0000 -10000000000.0000
0 0 1 8 1 
----->10000000000.0000 -10000000000.0000
0 0 1 9 0 
----->10000000000.0000 -10000000000.0000
0 0 2 0 8 
----->10000000000.0000 -10000000000.0000
0 0 2 1 7 
----->10000000000.0000 -10000000000.0000
0 0 2 2 6 
----->10000000000.0000 -10000000000.0000
0 0 2 3 5 
----->10000000000.0000 -10000000000.0000
0 0 2 4 4 
----->10000000000.0000 -10000000000.0000
0 0 2 5 3 
----->10000000000.0000 -10000000000.0000
0 0 2 6 2 
----->10000000000.0000 -10000000000.0000
0 0 2 7 1 
----->10000000000.0000 -10000000000.0000
0 0 2 8 0 
----->10000000000.0000 -10000000000.0000
750 710 750!!!!!!!!!!!!!
0 0 3 0 7 
----->2.6000 2.6000
0 0 3 1 6 
----->2.6000 2.6000
0 0 3 2 5 
----->2.6000 2.6000
0 0 3 3 4 
----->2.6000 2.6000
0 0 3 4 3 
----->2.6000 2.6000
0 0 3 5 2 
----->2.6000 2.6000
0 0 3 6 1 
----->2.6000 2.6000
750 705 750!!!!!!!!!!!!!
0 0 3 7 0 
----->2.6000 2.6000
750 715 755!!!!!!!!!!!!!
0 0 4 0 6 
----->2.6000 2.6500
0 0 4 1 5 
----->2.6000 2.6500
0 0 4 2 4 
----->2.6000 2.6500
0 0 4 3 3 
----->2.6000 2.6500
0 0 4 4 2 
----->2.6000 2.6500
750 700 750!!!!!!!!!!!!!
0 0 4 5 1 
----->2.6000 2.6500
750 710 755!!!!!!!!!!!!!
0 0 4 6 0 
----->2.6000 2.6500
750 720 760!!!!!!!!!!!!!
0 0 5 0 5 
----->2.6000 2.7000
0 0 5 1 4 
----->2.6000 2.7000
0 0 5 2 3 
----->2.6000 2.7000
750 695 750!!!!!!!!!!!!!
0 0 5 3 2 
----->2.6000 2.7000
750 705 755!!!!!!!!!!!!!
0 0 5 4 1 
----->2.6000 2.7000
750 715 760!!!!!!!!!!!!!
0 0 5 5 0 
----->2.6000 2.7000
750 725 765!!!!!!!!!!!!!
0 0 6 0 4 
----->2.6000 2.7500
750 690 750!!!!!!!!!!!!!
0 0 6 1 3 
----->2.6000 2.7500
750 700 755!!!!!!!!!!!!!
0 0 6 2 2 
----->2.6000 2.7500
750 710 760!!!!!!!!!!!!!
0 0 6 3 1 
----->2.6000 2.7500
750 720 765!!!!!!!!!!!!!
0 0 6 4 0 
----->2.6000 2.7500
750 730 770!!!!!!!!!!!!!
0 0 7 0 3 
----->2.6000 2.8000
750 705 760!!!!!!!!!!!!!
0 0 7 1 2 
----->2.6000 2.8000
750 715 765!!!!!!!!!!!!!
0 0 7 2 1 
----->2.6000 2.8000
750 725 770!!!!!!!!!!!!!
0 0 7 3 0 
----->2.6000 2.8000
750 735 775!!!!!!!!!!!!!
0 0 8 0 2 
----->2.6000 2.8500
750 720 770!!!!!!!!!!!!!
0 0 8 1 1 
----->2.6000 2.8500
750 730 775!!!!!!!!!!!!!
0 0 8 2 0 
----->2.6000 2.8500
750 740 780!!!!!!!!!!!!!
0 0 9 0 1 
----->2.6000 2.9000
750 735 780!!!!!!!!!!!!!
0 0 9 1 0 
----->2.6000 2.9000
750 745 785!!!!!!!!!!!!!
0 0 10 0 0 
----->2.6000 2.9500
750 750 790!!!!!!!!!!!!!
0 1 0 0 9 
----->2.6000 3.0000
0 1 0 1 8 
----->2.6000 3.0000
0 1 0 2 7 
----->2.6000 3.0000
0 1 0 3 6 
----->2.6000 3.0000
0 1 0 4 5 
----->2.6000 3.0000
0 1 0 5 4 
----->2.6000 3.0000
0 1 0 6 3 
----->2.6000 3.0000
0 1 0 7 2 
----->2.6000 3.0000
0 1 0 8 1 
----->2.6000 3.0000
0 1 0 9 0 
----->2.6000 3.0000
750 710 750!!!!!!!!!!!!!
0 1 1 0 8 
----->2.6000 3.0000
0 1 1 1 7 
----->2.6000 3.0000
0 1 1 2 6 
----->2.6000 3.0000
0 1 1 3 5 
----->2.6000 3.0000
0 1 1 4 4 
----->2.6000 3.0000
0 1 1 5 3 
----->2.6000 3.0000
0 1 1 6 2 
----->2.6000 3.0000
0 1 1 7 1 
----->2.6000 3.0000
750 705 750!!!!!!!!!!!!!
0 1 1 8 0 
----->2.6000 3.0000
750 715 755!!!!!!!!!!!!!
0 1 2 0 7 
----->2.6000 3.0000
0 1 2 1 6 
----->2.6000 3.0000
0 1 2 2 5 
----->2.6000 3.0000
0 1 2 3 4 
----->2.6000 3.0000
0 1 2 4 3 
----->2.6000 3.0000
0 1 2 5 2 
----->2.6000 3.0000
750 700 750!!!!!!!!!!!!!
0 1 2 6 1 
----->2.6000 3.0000
750 710 755!!!!!!!!!!!!!
0 1 2 7 0 
----->2.6000 3.0000
750 720 760!!!!!!!!!!!!!
0 1 3 0 6 
----->2.6000 3.0000
0 1 3 1 5 
----->2.6000 3.0000
0 1 3 2 4 
----->2.6000 3.0000
0 1 3 3 3 
----->2.6000 3.0000
750 695 750!!!!!!!!!!!!!
0 1 3 4 2 
----->2.6000 3.0000
750 705 755!!!!!!!!!!!!!
0 1 3 5 1 
----->2.6000 3.0000
750 715 760!!!!!!!!!!!!!
0 1 3 6 0 
----->2.6000 3.0000
750 725 765!!!!!!!!!!!!!
0 1 4 0 5 
----->2.6000 3.0000
0 1 4 1 4 
----->2.6000 3.0000
750 690 750!!!!!!!!!!!!!
0 1 4 2 3 
----->2.6000 3.0000
750 700 755!!!!!!!!!!!!!
0 1 4 3 2 
----->2.6000 3.0000
750 710 760!!!!!!!!!!!!!
0 1 4 4 1 
----->2.6000 3.0000
750 720 765!!!!!!!!!!!!!
0 1 4 5 0 
----->2.6000 3.0000
750 730 770!!!!!!!!!!!!!
0 1 5 0 4 
----->2.6000 3.0000
750 695 755!!!!!!!!!!!!!
0 1 5 1 3 
----->2.6000 3.0000
750 705 760!!!!!!!!!!!!!
0 1 5 2 2 
----->2.6000 3.0000
750 715 765!!!!!!!!!!!!!
0 1 5 3 1 
----->2.6000 3.0000
750 725 770!!!!!!!!!!!!!
0 1 5 4 0 
----->2.6000 3.0000
750 735 775!!!!!!!!!!!!!
0 1 6 0 3 
----->2.6000 3.0000
750 710 765!!!!!!!!!!!!!
0 1 6 1 2 
----->2.6000 3.0000
750 720 770!!!!!!!!!!!!!
0 1 6 2 1 
----->2.6000 3.0000
750 730 775!!!!!!!!!!!!!
0 1 6 3 0 
----->2.6000 3.0000
750 740 780!!!!!!!!!!!!!
0 1 7 0 2 
----->2.6000 3.0000
750 725 775!!!!!!!!!!!!!
0 1 7 1 1 
----->2.6000 3.0000
750 735 780!!!!!!!!!!!!!
0 1 7 2 0 
----->2.6000 3.0000
750 745 785!!!!!!!!!!!!!
0 1 8 0 1 
----->2.6000 3.0000
750 740 785!!!!!!!!!!!!!
0 1 8 1 0 
----->2.6000 3.0000
750 750 790!!!!!!!!!!!!!
0 1 9 0 0 
----->2.6000 3.0000
0 2 0 0 8 
----->2.6000 3.0000
0 2 0 1 7 
----->2.6000 3.0000
0 2 0 2 6 
----->2.6000 3.0000
0 2 0 3 5 
----->2.6000 3.0000
0 2 0 4 4 
----->2.6000 3.0000
0 2 0 5 3 
----->2.6000 3.0000
0 2 0 6 2 
----->2.6000 3.0000
750 700 750!!!!!!!!!!!!!
0 2 0 7 1 
----->2.6000 3.0000
750 710 755!!!!!!!!!!!!!
0 2 0 8 0 
----->2.6000 3.0000
750 720 760!!!!!!!!!!!!!
0 2 1 0 7 
----->2.6000 3.0000
0 2 1 1 6 
----->2.6000 3.0000
0 2 1 2 5 
----->2.6000 3.0000
0 2 1 3 4 
----->2.6000 3.0000
0 2 1 4 3 
----->2.6000 3.0000
750 695 750!!!!!!!!!!!!!
0 2 1 5 2 
----->2.6000 3.0000
750 705 755!!!!!!!!!!!!!
0 2 1 6 1 
----->2.6000 3.0000
750 715 760!!!!!!!!!!!!!
0 2 1 7 0 
----->2.6000 3.0000
750 725 765!!!!!!!!!!!!!
0 2 2 0 6 
----->2.6000 3.0000
0 2 2 1 5 
----->2.6000 3.0000
0 2 2 2 4 
----->2.6000 3.0000
750 690 750!!!!!!!!!!!!!
0 2 2 3 3 
----->2.6000 3.0000
750 700 755!!!!!!!!!!!!!
0 2 2 4 2 
----->2.6000 3.0000
750 710 760!!!!!!!!!!!!!
0 2 2 5 1 
----->2.6000 3.0000
750 720 765!!!!!!!!!!!!!
0 2 2 6 0 
----->2.6000 3.0000
750 730 770!!!!!!!!!!!!!
0 2 3 0 5 
----->2.6000 3.0000
750 685 750!!!!!!!!!!!!!
0 2 3 1 4 
----->2.6000 3.0000
750 695 755!!!!!!!!!!!!!
0 2 3 2 3 
----->2.6000 3.0000
750 705 760!!!!!!!!!!!!!
0 2 3 3 2 
----->2.6000 3.0000
750 715 765!!!!!!!!!!!!!
0 2 3 4 1 
----->2.6000 3.0000
750 725 770!!!!!!!!!!!!!
0 2 3 5 0 
----->2.6000 3.0000
750 735 775!!!!!!!!!!!!!
0 2 4 0 4 
----->2.6000 3.0000
750 700 760!!!!!!!!!!!!!
0 2 4 1 3 
----->2.6000 3.0000
750 710 765!!!!!!!!!!!!!
0 2 4 2 2 
----->2.6000 3.0000
750 720 770!!!!!!!!!!!!!
0 2 4 3 1 
----->2.6000 3.0000
750 730 775!!!!!!!!!!!!!
0 2 4 4 0 
----->2.6000 3.0000
750 740 780!!!!!!!!!!!!!
0 2 5 0 3 
----->2.6000 3.0000
750 715 770!!!!!!!!!!!!!
0 2 5 1 2 
----->2.6000 3.0000
750 725 775!!!!!!!!!!!!!
0 2 5 2 1 
----->2.6000 3.0000
750 735 780!!!!!!!!!!!!!
0 2 5 3 0 
----->2.6000 3.0000
750 745 785!!!!!!!!!!!!!
0 2 6 0 2 
----->2.6000 3.0000
750 730 780!!!!!!!!!!!!!
0 2 6 1 1 
----->2.6000 3.0000
750 740 785!!!!!!!!!!!!!
0 2 6 2 0 
----->2.6000 3.0000
750 750 790!!!!!!!!!!!!!
0 2 7 0 1 
----->2.6000 3.0000
750 745 790!!!!!!!!!!!!!
0 2 7 1 0 
----->2.6000 3.0000
0 2 8 0 0 
----->2.6000 3.0000
0 3 0 0 7 
----->2.6000 3.0000
0 3 0 1 6 
----->2.6000 3.0000
0 3 0 2 5 
----->2.6000 3.0000
0 3 0 3 4 
----->2.6000 3.0000
750 690 750!!!!!!!!!!!!!
0 3 0 4 3 
----->2.6000 3.0000
750 700 755!!!!!!!!!!!!!
0 3 0 5 2 
----->2.6000 3.0000
750 710 760!!!!!!!!!!!!!
0 3 0 6 1 
----->2.6000 3.0000
750 720 765!!!!!!!!!!!!!
0 3 0 7 0 
----->2.6000 3.0000
750 730 770!!!!!!!!!!!!!
0 3 1 0 6 
----->2.6000 3.0000
0 3 1 1 5 
----->2.6000 3.0000
750 685 750!!!!!!!!!!!!!
0 3 1 2 4 
----->2.6000 3.0000
750 695 755!!!!!!!!!!!!!
0 3 1 3 3 
----->2.6000 3.0000
750 705 760!!!!!!!!!!!!!
0 3 1 4 2 
----->2.6000 3.0000
750 715 765!!!!!!!!!!!!!
0 3 1 5 1 
----->2.6000 3.0000
750 725 770!!!!!!!!!!!!!
0 3 1 6 0 
----->2.6000 3.0000
750 735 775!!!!!!!!!!!!!
0 3 2 0 5 
----->2.6000 3.0000
750 690 755!!!!!!!!!!!!!
0 3 2 1 4 
----->2.6000 3.0000
750 700 760!!!!!!!!!!!!!
0 3 2 2 3 
----->2.6000 3.0000
750 710 765!!!!!!!!!!!!!
0 3 2 3 2 
----->2.6000 3.0000
750 720 770!!!!!!!!!!!!!
0 3 2 4 1 
----->2.6000 3.0000
750 730 775!!!!!!!!!!!!!
0 3 2 5 0 
----->2.6000 3.0000
750 740 780!!!!!!!!!!!!!
0 3 3 0 4 
----->2.6000 3.0000
750 705 765!!!!!!!!!!!!!
0 3 3 1 3 
----->2.6000 3.0000
750 715 770!!!!!!!!!!!!!
0 3 3 2 2 
----->2.6000 3.0000
750 725 775!!!!!!!!!!!!!
0 3 3 3 1 
----->2.6000 3.0000
750 735 780!!!!!!!!!!!!!
0 3 3 4 0 
----->2.6000 3.0000
750 745 785!!!!!!!!!!!!!
0 3 4 0 3 
----->2.6000 3.0000
750 720 775!!!!!!!!!!!!!
0 3 4 1 2 
----->2.6000 3.0000
750 730 780!!!!!!!!!!!!!
0 3 4 2 1 
----->2.6000 3.0000
750 740 785!!!!!!!!!!!!!
0 3 4 3 0 
----->2.6000 3.0000
750 750 790!!!!!!!!!!!!!
0 3 5 0 2 
----->2.6000 3.0000
750 735 785!!!!!!!!!!!!!
0 3 5 1 1 
----->2.6000 3.0000
750 745 790!!!!!!!!!!!!!
0 3 5 2 0 
----->2.6000 3.0000
0 3 6 0 1 
----->2.6000 3.0000
750 750 795!!!!!!!!!!!!!
0 3 6 1 0 
----->2.6000 3.0500
0 3 7 0 0 
----->2.6000 3.0500
0 4 0 0 6 
----->2.6000 3.0500
750 680 750!!!!!!!!!!!!!
0 4 0 1 5 
----->2.6000 3.0500
750 690 755!!!!!!!!!!!!!
0 4 0 2 4 
----->2.6000 3.0500
750 700 760!!!!!!!!!!!!!
0 4 0 3 3 
----->2.6000 3.0500
750 710 765!!!!!!!!!!!!!
0 4 0 4 2 
----->2.6000 3.0500
750 720 770!!!!!!!!!!!!!
0 4 0 5 1 
----->2.6000 3.0500
750 730 775!!!!!!!!!!!!!
0 4 0 6 0 
----->2.6000 3.0500
750 740 780!!!!!!!!!!!!!
0 4 1 0 5 
----->2.6000 3.0500
750 695 760!!!!!!!!!!!!!
0 4 1 1 4 
----->2.6000 3.0500
750 705 765!!!!!!!!!!!!!
0 4 1 2 3 
----->2.6000 3.0500
750 715 770!!!!!!!!!!!!!
0 4 1 3 2 
----->2.6000 3.0500
750 725 775!!!!!!!!!!!!!
0 4 1 4 1 
----->2.6000 3.0500
750 735 780!!!!!!!!!!!!!
0 4 1 5 0 
----->2.6000 3.0500
750 745 785!!!!!!!!!!!!!
0 4 2 0 4 
----->2.6000 3.0500
750 710 770!!!!!!!!!!!!!
0 4 2 1 3 
----->2.6000 3.0500
750 720 775!!!!!!!!!!!!!
0 4 2 2 2 
----->2.6000 3.0500
750 730 780!!!!!!!!!!!!!
0 4 2 3 1 
----->2.6000 3.0500
750 740 785!!!!!!!!!!!!!
0 4 2 4 0 
----->2.6000 3.0500
750 750 790!!!!!!!!!!!!!
0 4 3 0 3 
----->2.6000 3.0500
750 725 780!!!!!!!!!!!!!
0 4 3 1 2 
----->2.6000 3.0500
750 735 785!!!!!!!!!!!!!
0 4 3 2 1 
----->2.6000 3.0500
750 745 790!!!!!!!!!!!!!
0 4 3 3 0 
----->2.6000 3.0500
0 4 4 0 2 
----->2.6000 3.0500
750 740 790!!!!!!!!!!!!!
0 4 4 1 1 
----->2.6000 3.0500
750 750 795!!!!!!!!!!!!!
0 4 4 2 0 
----->2.6000 3.0500
0 4 5 0 1 
----->2.6000 3.0500
0 4 5 1 0 
----->2.6000 3.0500
0 4 6 0 0 
----->2.6000 3.0500
0 5 0 0 5 
----->2.6000 3.0500
750 700 765!!!!!!!!!!!!!
0 5 0 1 4 
----->2.6000 3.0500
750 710 770!!!!!!!!!!!!!
0 5 0 2 3 
----->2.6000 3.0500
750 720 775!!!!!!!!!!!!!
0 5 0 3 2 
----->2.6000 3.0500
750 730 780!!!!!!!!!!!!!
0 5 0 4 1 
----->2.6000 3.0500
750 740 785!!!!!!!!!!!!!
0 5 0 5 0 
----->2.6000 3.0500
750 750 790!!!!!!!!!!!!!
0 5 1 0 4 
----->2.6000 3.0500
750 715 775!!!!!!!!!!!!!
0 5 1 1 3 
----->2.6000 3.0500
750 725 780!!!!!!!!!!!!!
0 5 1 2 2 
----->2.6000 3.0500
750 735 785!!!!!!!!!!!!!
0 5 1 3 1 
----->2.6000 3.0500
750 745 790!!!!!!!!!!!!!
0 5 1 4 0 
----->2.6000 3.0500
0 5 2 0 3 
----->2.6000 3.0500
750 730 785!!!!!!!!!!!!!
0 5 2 1 2 
----->2.6000 3.0500
750 740 790!!!!!!!!!!!!!
0 5 2 2 1 
----->2.6000 3.0500
750 750 795!!!!!!!!!!!!!
0 5 2 3 0 
----->2.6000 3.0500
0 5 3 0 2 
----->2.6000 3.0500
750 745 795!!!!!!!!!!!!!
0 5 3 1 1 
----->2.6000 3.0500
0 5 3 2 0 
----->2.6000 3.0500
0 5 4 0 1 
----->2.6000 3.0500
0 5 4 1 0 
----->2.6000 3.0500
0 5 5 0 0 
----->2.6000 3.0500
0 6 0 0 4 
----->2.6000 3.0500
750 720 780!!!!!!!!!!!!!
0 6 0 1 3 
----->2.6000 3.0500
750 730 785!!!!!!!!!!!!!
0 6 0 2 2 
----->2.6000 3.0500
750 740 790!!!!!!!!!!!!!
0 6 0 3 1 
----->2.6000 3.0500
750 750 795!!!!!!!!!!!!!
0 6 0 4 0 
----->2.6000 3.0500
0 6 1 0 3 
----->2.6000 3.0500
750 735 790!!!!!!!!!!!!!
0 6 1 1 2 
----->2.6000 3.0500
750 745 795!!!!!!!!!!!!!
0 6 1 2 1 
----->2.6000 3.0500
0 6 1 3 0 
----->2.6000 3.0500
0 6 2 0 2 
----->2.6000 3.0500
750 750 800!!!!!!!!!!!!!
0 6 2 1 1 
----->2.6000 3.1000
0 6 2 2 0 
----->2.6000 3.1000
0 6 3 0 1 
----->2.6000 3.1000
0 6 3 1 0 
----->2.6000 3.1000
0 6 4 0 0 
----->2.6000 3.1000
0 7 0 0 3 
----->2.6000 3.1000
750 740 795!!!!!!!!!!!!!
0 7 0 1 2 
----->2.6000 3.1000
750 750 800!!!!!!!!!!!!!
0 7 0 2 1 
----->2.6000 3.1000
0 7 0 3 0 
----->2.6000 3.1000
0 7 1 0 2 
----->2.6000 3.1000
0 7 1 1 1 
----->2.6000 3.1000
0 7 1 2 0 
----->2.6000 3.1000
0 7 2 0 1 
----->2.6000 3.1000
0 7 2 1 0 
----->2.6000 3.1000
0 7 3 0 0 
----->2.6000 3.1000
0 8 0 0 2 
----->2.6000 3.1000
0 8 0 1 1 
----->2.6000 3.1000
0 8 0 2 0 
----->2.6000 3.1000
0 8 1 0 1 
----->2.6000 3.1000
0 8 1 1 0 
----->2.6000 3.1000
0 8 2 0 0 
----->2.6000 3.1000
0 9 0 0 1 
----->2.6000 3.1000
0 9 0 1 0 
----->2.6000 3.1000
0 9 1 0 0 
----->2.6000 3.1000
0 10 0 0 0 
----->2.6000 3.1000
1 0 0 0 9 
----->2.6000 3.1000
1 0 0 1 8 
----->2.6000 3.1000
1 0 0 2 7 
----->2.6000 3.1000
1 0 0 3 6 
----->2.6000 3.1000
1 0 0 4 5 
----->2.6000 3.1000
1 0 0 5 4 
----->2.6000 3.1000
1 0 0 6 3 
----->2.6000 3.1000
750 685 751!!!!!!!!!!!!!
1 0 0 7 2 
----->2.5000 3.1000
750 695 756!!!!!!!!!!!!!
1 0 0 8 1 
----->2.5000 3.1000
750 705 761!!!!!!!!!!!!!
1 0 0 9 0 
----->2.5000 3.1000
750 715 766!!!!!!!!!!!!!
1 0 1 0 8 
----->2.5000 3.1000
1 0 1 1 7 
----->2.5000 3.1000
1 0 1 2 6 
----->2.5000 3.1000
1 0 1 3 5 
----->2.5000 3.1000
1 0 1 4 4 
----->2.5000 3.1000
750 680 751!!!!!!!!!!!!!
1 0 1 5 3 
----->2.5000 3.1000
750 690 756!!!!!!!!!!!!!
1 0 1 6 2 
----->2.5000 3.1000
750 700 761!!!!!!!!!!!!!
1 0 1 7 1 
----->2.5000 3.1000
750 710 766!!!!!!!!!!!!!
1 0 1 8 0 
----->2.5000 3.1000
750 720 771!!!!!!!!!!!!!
1 0 2 0 7 
----->2.5000 3.1000
1 0 2 1 6 
----->2.5000 3.1000
1 0 2 2 5 
----->2.5000 3.1000
750 675 751!!!!!!!!!!!!!
1 0 2 3 4 
----->2.5000 3.1000
750 685 756!!!!!!!!!!!!!
1 0 2 4 3 
----->2.5000 3.1000
750 695 761!!!!!!!!!!!!!
1 0 2 5 2 
----->2.5000 3.1000
750 705 766!!!!!!!!!!!!!
1 0 2 6 1 
----->2.5000 3.1000
750 715 771!!!!!!!!!!!!!
1 0 2 7 0 
----->2.5000 3.1000
750 725 776!!!!!!!!!!!!!
1 0 3 0 6 
----->2.5000 3.1000
750 670 751!!!!!!!!!!!!!
1 0 3 1 5 
----->2.5000 3.1000
750 680 756!!!!!!!!!!!!!
1 0 3 2 4 
----->2.5000 3.1000
750 690 761!!!!!!!!!!!!!
1 0 3 3 3 
----->2.5000 3.1000
750 700 766!!!!!!!!!!!!!
1 0 3 4 2 
----->2.5000 3.1000
750 710 771!!!!!!!!!!!!!
1 0 3 5 1 
----->2.5000 3.1000
750 720 776!!!!!!!!!!!!!
1 0 3 6 0 
----->2.5000 3.1000
750 730 781!!!!!!!!!!!!!
1 0 4 0 5 
----->2.5000 3.1000
750 685 761!!!!!!!!!!!!!
1 0 4 1 4 
----->2.5000 3.1000
750 695 766!!!!!!!!!!!!!
1 0 4 2 3 
----->2.5000 3.1000
750 705 771!!!!!!!!!!!!!
1 0 4 3 2 
----->2.5000 3.1000
750 715 776!!!!!!!!!!!!!
1 0 4 4 1 
----->2.5000 3.1000
750 725 781!!!!!!!!!!!!!
1 0 4 5 0 
----->2.5000 3.1000
750 735 786!!!!!!!!!!!!!
1 0 5 0 4 
----->2.5000 3.1000
750 700 771!!!!!!!!!!!!!
1 0 5 1 3 
----->2.5000 3.1000
750 710 776!!!!!!!!!!!!!
1 0 5 2 2 
----->2.5000 3.1000
750 720 781!!!!!!!!!!!!!
1 0 5 3 1 
----->2.5000 3.1000
750 730 786!!!!!!!!!!!!!
1 0 5 4 0 
----->2.5000 3.1000
750 740 791!!!!!!!!!!!!!
1 0 6 0 3 
----->2.5000 3.1000
750 715 781!!!!!!!!!!!!!
1 0 6 1 2 
----->2.5000 3.1000
750 725 786!!!!!!!!!!!!!
1 0 6 2 1 
----->2.5000 3.1000
750 735 791!!!!!!!!!!!!!
1 0 6 3 0 
----->2.5000 3.1000
750 745 796!!!!!!!!!!!!!
1 0 7 0 2 
----->2.5000 3.1000
750 730 791!!!!!!!!!!!!!
1 0 7 1 1 
----->2.5000 3.1000
750 740 796!!!!!!!!!!!!!
1 0 7 2 0 
----->2.5000 3.1000
750 750 801!!!!!!!!!!!!!
1 0 8 0 1 
----->2.5000 3.1000
750 745 801!!!!!!!!!!!!!
1 0 8 1 0 
----->2.5000 3.1000
1 0 9 0 0 
----->2.5000 3.1000
1 1 0 0 8 
----->2.5000 3.1000
1 1 0 1 7 
----->2.5000 3.1000
1 1 0 2 6 
----->2.5000 3.1000
1 1 0 3 5 
----->2.5000 3.1000
750 675 751!!!!!!!!!!!!!
1 1 0 4 4 
----->2.5000 3.1000
750 685 756!!!!!!!!!!!!!
1 1 0 5 3 
----->2.5000 3.1000
750 695 761!!!!!!!!!!!!!
1 1 0 6 2 
----->2.5000 3.1000
750 705 766!!!!!!!!!!!!!
1 1 0 7 1 
----->2.5000 3.1000
750 715 771!!!!!!!!!!!!!
1 1 0 8 0 
----->2.5000 3.1000
750 725 776!!!!!!!!!!!!!
1 1 1 0 7 
----->2.5000 3.1000
1 1 1 1 6 
----->2.5000 3.1000
750 670 751!!!!!!!!!!!!!
1 1 1 2 5 
----->2.5000 3.1000
750 680 756!!!!!!!!!!!!!
1 1 1 3 4 
----->2.5000 3.1000
750 690 761!!!!!!!!!!!!!
1 1 1 4 3 
----->2.5000 3.1000
750 700 766!!!!!!!!!!!!!
1 1 1 5 2 
----->2.5000 3.1000
750 710 771!!!!!!!!!!!!!
1 1 1 6 1 
----->2.5000 3.1000
750 720 776!!!!!!!!!!!!!
1 1 1 7 0 
----->2.5000 3.1000
750 730 781!!!!!!!!!!!!!
1 1 2 0 6 
----->2.5000 3.1000
750 675 756!!!!!!!!!!!!!
1 1 2 1 5 
----->2.5000 3.1000
750 685 761!!!!!!!!!!!!!
1 1 2 2 4 
----->2.5000 3.1000
750 695 766!!!!!!!!!!!!!
1 1 2 3 3 
----->2.5000 3.1000
750 705 771!!!!!!!!!!!!!
1 1 2 4 2 
----->2.5000 3.1000
750 715 776!!!!!!!!!!!!!
1 1 2 5 1 
----->2.5000 3.1000
750 725 781!!!!!!!!!!!!!
1 1 2 6 0 
----->2.5000 3.1000
750 735 786!!!!!!!!!!!!!
1 1 3 0 5 
----->2.5000 3.1000
750 690 766!!!!!!!!!!!!!
1 1 3 1 4 
----->2.5000 3.1000
750 700 771!!!!!!!!!!!!!
1 1 3 2 3 
----->2.5000 3.1000
750 710 776!!!!!!!!!!!!!
1 1 3 3 2 
----->2.5000 3.1000
750 720 781!!!!!!!!!!!!!
1 1 3 4 1 
----->2.5000 3.1000
750 730 786!!!!!!!!!!!!!
1 1 3 5 0 
----->2.5000 3.1000
750 740 791!!!!!!!!!!!!!
1 1 4 0 4 
----->2.5000 3.1000
750 705 776!!!!!!!!!!!!!
1 1 4 1 3 
----->2.5000 3.1000
750 715 781!!!!!!!!!!!!!
1 1 4 2 2 
----->2.5000 3.1000
750 725 786!!!!!!!!!!!!!
1 1 4 3 1 
----->2.5000 3.1000
750 735 791!!!!!!!!!!!!!
1 1 4 4 0 
----->2.5000 3.1000
750 745 796!!!!!!!!!!!!!
1 1 5 0 3 
----->2.5000 3.1000
750 720 786!!!!!!!!!!!!!
1 1 5 1 2 
----->2.5000 3.1000
750 730 791!!!!!!!!!!!!!
1 1 5 2 1 
----->2.5000 3.1000
750 740 796!!!!!!!!!!!!!
1 1 5 3 0 
----->2.5000 3.1000
750 750 801!!!!!!!!!!!!!
1 1 6 0 2 
----->2.5000 3.1000
750 735 796!!!!!!!!!!!!!
1 1 6 1 1 
----->2.5000 3.1000
750 745 801!!!!!!!!!!!!!
1 1 6 2 0 
----->2.5000 3.1000
1 1 7 0 1 
----->2.5000 3.1000
750 750 806!!!!!!!!!!!!!
1 1 7 1 0 
----->2.5000 3.1000
1 1 8 0 0 
----->2.5000 3.1000
1 2 0 0 7 
----->2.5000 3.1000
750 665 751!!!!!!!!!!!!!
1 2 0 1 6 
----->2.5000 3.1000
750 675 756!!!!!!!!!!!!!
1 2 0 2 5 
----->2.5000 3.1000
750 685 761!!!!!!!!!!!!!
1 2 0 3 4 
----->2.5000 3.1000
750 695 766!!!!!!!!!!!!!
1 2 0 4 3 
----->2.5000 3.1000
750 705 771!!!!!!!!!!!!!
1 2 0 5 2 
----->2.5000 3.1000
750 715 776!!!!!!!!!!!!!
1 2 0 6 1 
----->2.5000 3.1000
750 725 781!!!!!!!!!!!!!
1 2 0 7 0 
----->2.5000 3.1000
750 735 786!!!!!!!!!!!!!
1 2 1 0 6 
----->2.5000 3.1000
750 680 761!!!!!!!!!!!!!
1 2 1 1 5 
----->2.5000 3.1000
750 690 766!!!!!!!!!!!!!
1 2 1 2 4 
----->2.5000 3.1000
750 700 771!!!!!!!!!!!!!
1 2 1 3 3 
----->2.5000 3.1000
750 710 776!!!!!!!!!!!!!
1 2 1 4 2 
----->2.5000 3.1000
750 720 781!!!!!!!!!!!!!
1 2 1 5 1 
----->2.5000 3.1000
750 730 786!!!!!!!!!!!!!
1 2 1 6 0 
----->2.5000 3.1000
750 740 791!!!!!!!!!!!!!
1 2 2 0 5 
----->2.5000 3.1000
750 695 771!!!!!!!!!!!!!
1 2 2 1 4 
----->2.5000 3.1000
750 705 776!!!!!!!!!!!!!
1 2 2 2 3 
----->2.5000 3.1000
750 715 781!!!!!!!!!!!!!
1 2 2 3 2 
----->2.5000 3.1000
750 725 786!!!!!!!!!!!!!
1 2 2 4 1 
----->2.5000 3.1000
750 735 791!!!!!!!!!!!!!
1 2 2 5 0 
----->2.5000 3.1000
750 745 796!!!!!!!!!!!!!
1 2 3 0 4 
----->2.5000 3.1000
750 710 781!!!!!!!!!!!!!
1 2 3 1 3 
----->2.5000 3.1000
750 720 786!!!!!!!!!!!!!
1 2 3 2 2 
----->2.5000 3.1000
750 730 791!!!!!!!!!!!!!
1 2 3 3 1 
----->2.5000 3.1000
750 740 796!!!!!!!!!!!!!
1 2 3 4 0 
----->2.5000 3.1000
750 750 801!!!!!!!!!!!!!
1 2 4 0 3 
----->2.5000 3.1000
750 725 791!!!!!!!!!!!!!
1 2 4 1 2 
----->2.5000 3.1000
750 735 796!!!!!!!!!!!!!
1 2 4 2 1 
----->2.5000 3.1000
750 745 801!!!!!!!!!!!!!
1 2 4 3 0 
----->2.5000 3.1000
1 2 5 0 2 
----->2.5000 3.1000
750 740 801!!!!!!!!!!!!!
1 2 5 1 1 
----->2.5000 3.1000
750 750 806!!!!!!!!!!!!!
1 2 5 2 0 
----->2.5000 3.1000
1 2 6 0 1 
----->2.5000 3.1000
1 2 6 1 0 
----->2.5000 3.1000
1 2 7 0 0 
----->2.5000 3.1000
1 3 0 0 6 
----->2.5000 3.1000
750 685 766!!!!!!!!!!!!!
1 3 0 1 5 
----->2.5000 3.1000
750 695 771!!!!!!!!!!!!!
1 3 0 2 4 
----->2.5000 3.1000
750 705 776!!!!!!!!!!!!!
1 3 0 3 3 
----->2.5000 3.1000
750 715 781!!!!!!!!!!!!!
1 3 0 4 2 
----->2.5000 3.1000
750 725 786!!!!!!!!!!!!!
1 3 0 5 1 
----->2.5000 3.1000
750 735 791!!!!!!!!!!!!!
1 3 0 6 0 
----->2.5000 3.1000
750 745 796!!!!!!!!!!!!!
1 3 1 0 5 
----->2.5000 3.1000
750 700 776!!!!!!!!!!!!!
1 3 1 1 4 
----->2.5000 3.1000
750 710 781!!!!!!!!!!!!!
1 3 1 2 3 
----->2.5000 3.1000
750 720 786!!!!!!!!!!!!!
1 3 1 3 2 
----->2.5000 3.1000
750 730 791!!!!!!!!!!!!!
1 3 1 4 1 
----->2.5000 3.1000
750 740 796!!!!!!!!!!!!!
1 3 1 5 0 
----->2.5000 3.1000
750 750 801!!!!!!!!!!!!!
1 3 2 0 4 
----->2.5000 3.1000
750 715 786!!!!!!!!!!!!!
1 3 2 1 3 
----->2.5000 3.1000
750 725 791!!!!!!!!!!!!!
1 3 2 2 2 
----->2.5000 3.1000
750 735 796!!!!!!!!!!!!!
1 3 2 3 1 
----->2.5000 3.1000
750 745 801!!!!!!!!!!!!!
1 3 2 4 0 
----->2.5000 3.1000
1 3 3 0 3 
----->2.5000 3.1000
750 730 796!!!!!!!!!!!!!
1 3 3 1 2 
----->2.5000 3.1000
750 740 801!!!!!!!!!!!!!
1 3 3 2 1 
----->2.5000 3.1000
750 750 806!!!!!!!!!!!!!
1 3 3 3 0 
----->2.5000 3.1000
1 3 4 0 2 
----->2.5000 3.1000
750 745 806!!!!!!!!!!!!!
1 3 4 1 1 
----->2.5000 3.1000
1 3 4 2 0 
----->2.5000 3.1000
1 3 5 0 1 
----->2.5000 3.1000
1 3 5 1 0 
----->2.5000 3.1000
1 3 6 0 0 
----->2.5000 3.1000
1 4 0 0 5 
----->2.5000 3.1000
750 705 781!!!!!!!!!!!!!
1 4 0 1 4 
----->2.5000 3.1000
750 715 786!!!!!!!!!!!!!
1 4 0 2 3 
----->2.5000 3.1000
750 725 791!!!!!!!!!!!!!
1 4 0 3 2 
----->2.5000 3.1000
750 735 796!!!!!!!!!!!!!
1 4 0 4 1 
----->2.5000 3.1000
750 745 801!!!!!!!!!!!!!
1 4 0 5 0 
----->2.5000 3.1000
1 4 1 0 4 
----->2.5000 3.1000
750 720 791!!!!!!!!!!!!!
1 4 1 1 3 
----->2.5000 3.1000
750 730 796!!!!!!!!!!!!!
1 4 1 2 2 
----->2.5000 3.1000
750 740 801!!!!!!!!!!!!!
1 4 1 3 1 
----->2.5000 3.1000
750 750 806!!!!!!!!!!!!!
1 4 1 4 0 
----->2.5000 3.1000
1 4 2 0 3 
----->2.5000 3.1000
750 735 801!!!!!!!!!!!!!
1 4 2 1 2 
----->2.5000 3.1000
750 745 806!!!!!!!!!!!!!
1 4 2 2 1 
----->2.5000 3.1000
1 4 2 3 0 
----->2.5000 3.1000
1 4 3 0 2 
----->2.5000 3.1000
750 750 811!!!!!!!!!!!!!
1 4 3 1 1 
----->2.5000 3.1000
1 4 3 2 0 
----->2.5000 3.1000
1 4 4 0 1 
----->2.5000 3.1000
1 4 4 1 0 
----->2.5000 3.1000
1 4 5 0 0 
----->2.5000 3.1000
1 5 0 0 4 
----->2.5000 3.1000
750 725 796!!!!!!!!!!!!!
1 5 0 1 3 
----->2.5000 3.1000
750 735 801!!!!!!!!!!!!!
1 5 0 2 2 
----->2.5000 3.1000
750 745 806!!!!!!!!!!!!!
1 5 0 3 1 
----->2.5000 3.1000
1 5 0 4 0 
----->2.5000 3.1000
1 5 1 0 3 
----->2.5000 3.1000
750 740 806!!!!!!!!!!!!!
1 5 1 1 2 
----->2.5000 3.1000
750 750 811!!!!!!!!!!!!!
1 5 1 2 1 
----->2.5000 3.1000
1 5 1 3 0 
----->2.5000 3.1000
1 5 2 0 2 
----->2.5000 3.1000
1 5 2 1 1 
----->2.5000 3.1000
1 5 2 2 0 
----->2.5000 3.1000
1 5 3 0 1 
----->2.5000 3.1000
1 5 3 1 0 
----->2.5000 3.1000
1 5 4 0 0 
----->2.5000 3.1000
1 6 0 0 3 
----->2.5000 3.1000
750 745 811!!!!!!!!!!!!!
1 6 0 1 2 
----->2.5000 3.1000
1 6 0 2 1 
----->2.5000 3.1000
1 6 0 3 0 
----->2.5000 3.1000
1 6 1 0 2 
----->2.5000 3.1000
1 6 1 1 1 
----->2.5000 3.1000
1 6 1 2 0 
----->2.5000 3.1000
1 6 2 0 1 
----->2.5000 3.1000
1 6 2 1 0 
----->2.5000 3.1000
1 6 3 0 0 
----->2.5000 3.1000
1 7 0 0 2 
----->2.5000 3.1000
1 7 0 1 1 
----->2.5000 3.1000
1 7 0 2 0 
----->2.5000 3.1000
1 7 1 0 1 
----->2.5000 3.1000
1 7 1 1 0 
----->2.5000 3.1000
1 7 2 0 0 
----->2.5000 3.1000
1 8 0 0 1 
----->2.5000 3.1000
1 8 0 1 0 
----->2.5000 3.1000
1 8 1 0 0 
----->2.5000 3.1000
1 9 0 0 0 
----->2.5000 3.1000
2 0 0 0 8 
----->2.5000 3.1000
750 650 752!!!!!!!!!!!!!
2 0 0 1 7 
----->2.4000 3.1000
750 660 757!!!!!!!!!!!!!
2 0 0 2 6 
----->2.4000 3.1000
750 670 762!!!!!!!!!!!!!
2 0 0 3 5 
----->2.4000 3.1000
750 680 767!!!!!!!!!!!!!
2 0 0 4 4 
----->2.4000 3.1000
750 690 772!!!!!!!!!!!!!
2 0 0 5 3 
----->2.4000 3.1000
750 700 777!!!!!!!!!!!!!
2 0 0 6 2 
----->2.4000 3.1000
750 710 782!!!!!!!!!!!!!
2 0 0 7 1 
----->2.4000 3.1000
750 720 787!!!!!!!!!!!!!
2 0 0 8 0 
----->2.4000 3.1000
750 730 792!!!!!!!!!!!!!
2 0 1 0 7 
----->2.4000 3.1000
750 665 762!!!!!!!!!!!!!
2 0 1 1 6 
----->2.4000 3.1000
750 675 767!!!!!!!!!!!!!
2 0 1 2 5 
----->2.4000 3.1000
750 685 772!!!!!!!!!!!!!
2 0 1 3 4 
----->2.4000 3.1000
750 695 777!!!!!!!!!!!!!
2 0 1 4 3 
----->2.4000 3.1000
750 705 782!!!!!!!!!!!!!
2 0 1 5 2 
----->2.4000 3.1000
750 715 787!!!!!!!!!!!!!
2 0 1 6 1 
----->2.4000 3.1000
750 725 792!!!!!!!!!!!!!
2 0 1 7 0 
----->2.4000 3.1000
750 735 797!!!!!!!!!!!!!
2 0 2 0 6 
----->2.4000 3.1000
750 680 772!!!!!!!!!!!!!
2 0 2 1 5 
----->2.4000 3.1000
750 690 777!!!!!!!!!!!!!
2 0 2 2 4 
----->2.4000 3.1000
750 700 782!!!!!!!!!!!!!
2 0 2 3 3 
----->2.4000 3.1000
750 710 787!!!!!!!!!!!!!
2 0 2 4 2 
----->2.4000 3.1000
750 720 792!!!!!!!!!!!!!
2 0 2 5 1 
----->2.4000 3.1000
750 730 797!!!!!!!!!!!!!
2 0 2 6 0 
----->2.4000 3.1000
750 740 802!!!!!!!!!!!!!
2 0 3 0 5 
----->2.4000 3.1000
750 695 782!!!!!!!!!!!!!
2 0 3 1 4 
----->2.4000 3.1000
750 705 787!!!!!!!!!!!!!
2 0 3 2 3 
----->2.4000 3.1000
750 715 792!!!!!!!!!!!!!
2 0 3 3 2 
----->2.4000 3.1000
750 725 797!!!!!!!!!!!!!
2 0 3 4 1 
----->2.4000 3.1000
750 735 802!!!!!!!!!!!!!
2 0 3 5 0 
----->2.4000 3.1000
750 745 807!!!!!!!!!!!!!
2 0 4 0 4 
----->2.4000 3.1000
750 710 792!!!!!!!!!!!!!
2 0 4 1 3 
----->2.4000 3.1000
750 720 797!!!!!!!!!!!!!
2 0 4 2 2 
----->2.4000 3.1000
750 730 802!!!!!!!!!!!!!
2 0 4 3 1 
----->2.4000 3.1000
750 740 807!!!!!!!!!!!!!
2 0 4 4 0 
----->2.4000 3.1000
750 750 812!!!!!!!!!!!!!
2 0 5 0 3 
----->2.4000 3.1000
750 725 802!!!!!!!!!!!!!
2 0 5 1 2 
----->2.4000 3.1000
750 735 807!!!!!!!!!!!!!
2 0 5 2 1 
----->2.4000 3.1000
750 745 812!!!!!!!!!!!!!
2 0 5 3 0 
----->2.4000 3.1000
2 0 6 0 2 
----->2.4000 3.1000
750 740 812!!!!!!!!!!!!!
2 0 6 1 1 
----->2.4000 3.1000
750 750 817!!!!!!!!!!!!!
2 0 6 2 0 
----->2.4000 3.1000
2 0 7 0 1 
----->2.4000 3.1000
2 0 7 1 0 
----->2.4000 3.1000
2 0 8 0 0 
----->2.4000 3.1000
2 1 0 0 7 
----->2.4000 3.1000
750 670 767!!!!!!!!!!!!!
2 1 0 1 6 
----->2.4000 3.1000
750 680 772!!!!!!!!!!!!!
2 1 0 2 5 
----->2.4000 3.1000
750 690 777!!!!!!!!!!!!!
2 1 0 3 4 
----->2.4000 3.1000
750 700 782!!!!!!!!!!!!!
2 1 0 4 3 
----->2.4000 3.1000
750 710 787!!!!!!!!!!!!!
2 1 0 5 2 
----->2.4000 3.1000
750 720 792!!!!!!!!!!!!!
2 1 0 6 1 
----->2.4000 3.1000
750 730 797!!!!!!!!!!!!!
2 1 0 7 0 
----->2.4000 3.1000
750 740 802!!!!!!!!!!!!!
2 1 1 0 6 
----->2.4000 3.1000
750 685 777!!!!!!!!!!!!!
2 1 1 1 5 
----->2.4000 3.1000
750 695 782!!!!!!!!!!!!!
2 1 1 2 4 
----->2.4000 3.1000
750 705 787!!!!!!!!!!!!!
2 1 1 3 3 
----->2.4000 3.1000
750 715 792!!!!!!!!!!!!!
2 1 1 4 2 
----->2.4000 3.1000
750 725 797!!!!!!!!!!!!!
2 1 1 5 1 
----->2.4000 3.1000
750 735 802!!!!!!!!!!!!!
2 1 1 6 0 
----->2.4000 3.1000
750 745 807!!!!!!!!!!!!!
2 1 2 0 5 
----->2.4000 3.1000
750 700 787!!!!!!!!!!!!!
2 1 2 1 4 
----->2.4000 3.1000
750 710 792!!!!!!!!!!!!!
2 1 2 2 3 
----->2.4000 3.1000
750 720 797!!!!!!!!!!!!!
2 1 2 3 2 
----->2.4000 3.1000
750 730 802!!!!!!!!!!!!!
2 1 2 4 1 
----->2.4000 3.1000
750 740 807!!!!!!!!!!!!!
2 1 2 5 0 
----->2.4000 3.1000
750 750 812!!!!!!!!!!!!!
2 1 3 0 4 
----->2.4000 3.1000
750 715 797!!!!!!!!!!!!!
2 1 3 1 3 
----->2.4000 3.1000
750 725 802!!!!!!!!!!!!!
2 1 3 2 2 
----->2.4000 3.1000
750 735 807!!!!!!!!!!!!!
2 1 3 3 1 
----->2.4000 3.1000
750 745 812!!!!!!!!!!!!!
2 1 3 4 0 
----->2.4000 3.1000
2 1 4 0 3 
----->2.4000 3.1000
750 730 807!!!!!!!!!!!!!
2 1 4 1 2 
----->2.4000 3.1000
750 740 812!!!!!!!!!!!!!
2 1 4 2 1 
----->2.4000 3.1000
750 750 817!!!!!!!!!!!!!
2 1 4 3 0 
----->2.4000 3.1000
2 1 5 0 2 
----->2.4000 3.1000
750 745 817!!!!!!!!!!!!!
2 1 5 1 1 
----->2.4000 3.1000
2 1 5 2 0 
----->2.4000 3.1000
2 1 6 0 1 
----->2.4000 3.1000
2 1 6 1 0 
----->2.4000 3.1000
2 1 7 0 0 
----->2.4000 3.1000
2 2 0 0 6 
----->2.4000 3.1000
750 690 782!!!!!!!!!!!!!
2 2 0 1 5 
----->2.4000 3.1000
750 700 787!!!!!!!!!!!!!
2 2 0 2 4 
----->2.4000 3.1000
750 710 792!!!!!!!!!!!!!
2 2 0 3 3 
----->2.4000 3.1000
750 720 797!!!!!!!!!!!!!
2 2 0 4 2 
----->2.4000 3.1000
750 730 802!!!!!!!!!!!!!
2 2 0 5 1 
----->2.4000 3.1000
750 740 807!!!!!!!!!!!!!
2 2 0 6 0 
----->2.4000 3.1000
750 750 812!!!!!!!!!!!!!
2 2 1 0 5 
----->2.4000 3.1000
750 705 792!!!!!!!!!!!!!
2 2 1 1 4 
----->2.4000 3.1000
750 715 797!!!!!!!!!!!!!
2 2 1 2 3 
----->2.4000 3.1000
750 725 802!!!!!!!!!!!!!
2 2 1 3 2 
----->2.4000 3.1000
750 735 807!!!!!!!!!!!!!
2 2 1 4 1 
----->2.4000 3.1000
750 745 812!!!!!!!!!!!!!
2 2 1 5 0 
----->2.4000 3.1000
2 2 2 0 4 
----->2.4000 3.1000
750 720 802!!!!!!!!!!!!!
2 2 2 1 3 
----->2.4000 3.1000
750 730 807!!!!!!!!!!!!!
2 2 2 2 2 
----->2.4000 3.1000
750 740 812!!!!!!!!!!!!!
2 2 2 3 1 
----->2.4000 3.1000
750 750 817!!!!!!!!!!!!!
2 2 2 4 0 
----->2.4000 3.1000
2 2 3 0 3 
----->2.4000 3.1000
750 735 812!!!!!!!!!!!!!
2 2 3 1 2 
----->2.4000 3.1000
750 745 817!!!!!!!!!!!!!
2 2 3 2 1 
----->2.4000 3.1000
2 2 3 3 0 
----->2.4000 3.1000
2 2 4 0 2 
----->2.4000 3.1000
750 750 822!!!!!!!!!!!!!
2 2 4 1 1 
----->2.4000 3.1000
2 2 4 2 0 
----->2.4000 3.1000
2 2 5 0 1 
----->2.4000 3.1000
2 2 5 1 0 
----->2.4000 3.1000
2 2 6 0 0 
----->2.4000 3.1000
2 3 0 0 5 
----->2.4000 3.1000
750 710 797!!!!!!!!!!!!!
2 3 0 1 4 
----->2.4000 3.1000
750 720 802!!!!!!!!!!!!!
2 3 0 2 3 
----->2.4000 3.1000
750 730 807!!!!!!!!!!!!!
2 3 0 3 2 
----->2.4000 3.1000
750 740 812!!!!!!!!!!!!!
2 3 0 4 1 
----->2.4000 3.1000
750 750 817!!!!!!!!!!!!!
2 3 0 5 0 
----->2.4000 3.1000
2 3 1 0 4 
----->2.4000 3.1000
750 725 807!!!!!!!!!!!!!
2 3 1 1 3 
----->2.4000 3.1000
750 735 812!!!!!!!!!!!!!
2 3 1 2 2 
----->2.4000 3.1000
750 745 817!!!!!!!!!!!!!
2 3 1 3 1 
----->2.4000 3.1000
2 3 1 4 0 
----->2.4000 3.1000
2 3 2 0 3 
----->2.4000 3.1000
750 740 817!!!!!!!!!!!!!
2 3 2 1 2 
----->2.4000 3.1000
750 750 822!!!!!!!!!!!!!
2 3 2 2 1 
----->2.4000 3.1000
2 3 2 3 0 
----->2.4000 3.1000
2 3 3 0 2 
----->2.4000 3.1000
2 3 3 1 1 
----->2.4000 3.1000
2 3 3 2 0 
----->2.4000 3.1000
2 3 4 0 1 
----->2.4000 3.1000
2 3 4 1 0 
----->2.4000 3.1000
2 3 5 0 0 
----->2.4000 3.1000
2 4 0 0 4 
----->2.4000 3.1000
750 730 812!!!!!!!!!!!!!
2 4 0 1 3 
----->2.4000 3.1000
750 740 817!!!!!!!!!!!!!
2 4 0 2 2 
----->2.4000 3.1000
750 750 822!!!!!!!!!!!!!
2 4 0 3 1 
----->2.4000 3.1000
2 4 0 4 0 
----->2.4000 3.1000
2 4 1 0 3 
----->2.4000 3.1000
750 745 822!!!!!!!!!!!!!
2 4 1 1 2 
----->2.4000 3.1000
2 4 1 2 1 
----->2.4000 3.1000
2 4 1 3 0 
----->2.4000 3.1000
2 4 2 0 2 
----->2.4000 3.1000
2 4 2 1 1 
----->2.4000 3.1000
2 4 2 2 0 
----->2.4000 3.1000
2 4 3 0 1 
----->2.4000 3.1000
2 4 3 1 0 
----->2.4000 3.1000
2 4 4 0 0 
----->2.4000 3.1000
2 5 0 0 3 
----->2.4000 3.1000
750 750 827!!!!!!!!!!!!!
2 5 0 1 2 
----->2.4000 3.1500
2 5 0 2 1 
----->2.4000 3.1500
2 5 0 3 0 
----->2.4000 3.1500
2 5 1 0 2 
----->2.4000 3.1500
2 5 1 1 1 
----->2.4000 3.1500
2 5 1 2 0 
----->2.4000 3.1500
2 5 2 0 1 
----->2.4000 3.1500
2 5 2 1 0 
----->2.4000 3.1500
2 5 3 0 0 
----->2.4000 3.1500
2 6 0 0 2 
----->2.4000 3.1500
2 6 0 1 1 
----->2.4000 3.1500
2 6 0 2 0 
----->2.4000 3.1500
2 6 1 0 1 
----->2.4000 3.1500
2 6 1 1 0 
----->2.4000 3.1500
2 6 2 0 0 
----->2.4000 3.1500
2 7 0 0 1 
----->2.4000 3.1500
2 7 0 1 0 
----->2.4000 3.1500
2 7 1 0 0 
----->2.4000 3.1500
2 8 0 0 0 
----->2.4000 3.1500
3 0 0 0 7 
----->2.4000 3.1500
750 675 783!!!!!!!!!!!!!
3 0 0 1 6 
----->2.4000 3.1500
750 685 788!!!!!!!!!!!!!
3 0 0 2 5 
----->2.4000 3.1500
750 695 793!!!!!!!!!!!!!
3 0 0 3 4 
----->2.4000 3.1500
750 705 798!!!!!!!!!!!!!
3 0 0 4 3 
----->2.4000 3.1500
750 715 803!!!!!!!!!!!!!
3 0 0 5 2 
----->2.4000 3.1500
750 725 808!!!!!!!!!!!!!
3 0 0 6 1 
----->2.4000 3.1500
750 735 813!!!!!!!!!!!!!
3 0 0 7 0 
----->2.4000 3.1500
750 745 818!!!!!!!!!!!!!
3 0 1 0 6 
----->2.4000 3.1500
750 690 793!!!!!!!!!!!!!
3 0 1 1 5 
----->2.4000 3.1500
750 700 798!!!!!!!!!!!!!
3 0 1 2 4 
----->2.4000 3.1500
750 710 803!!!!!!!!!!!!!
3 0 1 3 3 
----->2.4000 3.1500
750 720 808!!!!!!!!!!!!!
3 0 1 4 2 
----->2.4000 3.1500
750 730 813!!!!!!!!!!!!!
3 0 1 5 1 
----->2.4000 3.1500
750 740 818!!!!!!!!!!!!!
3 0 1 6 0 
----->2.4000 3.1500
750 750 823!!!!!!!!!!!!!
3 0 2 0 5 
----->2.4000 3.1500
750 705 803!!!!!!!!!!!!!
3 0 2 1 4 
----->2.4000 3.1500
750 715 808!!!!!!!!!!!!!
3 0 2 2 3 
----->2.4000 3.1500
750 725 813!!!!!!!!!!!!!
3 0 2 3 2 
----->2.4000 3.1500
750 735 818!!!!!!!!!!!!!
3 0 2 4 1 
----->2.4000 3.1500
750 745 823!!!!!!!!!!!!!
3 0 2 5 0 
----->2.4000 3.1500
3 0 3 0 4 
----->2.4000 3.1500
750 720 813!!!!!!!!!!!!!
3 0 3 1 3 
----->2.4000 3.1500
750 730 818!!!!!!!!!!!!!
3 0 3 2 2 
----->2.4000 3.1500
750 740 823!!!!!!!!!!!!!
3 0 3 3 1 
----->2.4000 3.1500
750 750 828!!!!!!!!!!!!!
3 0 3 4 0 
----->2.4000 3.1500
3 0 4 0 3 
----->2.4000 3.1500
750 735 823!!!!!!!!!!!!!
3 0 4 1 2 
----->2.4000 3.1500
750 745 828!!!!!!!!!!!!!
3 0 4 2 1 
----->2.4000 3.1500
3 0 4 3 0 
----->2.4000 3.1500
3 0 5 0 2 
----->2.4000 3.1500
750 750 833!!!!!!!!!!!!!
3 0 5 1 1 
----->2.4000 3.1500
3 0 5 2 0 
----->2.4000 3.1500
3 0 6 0 1 
----->2.4000 3.1500
3 0 6 1 0 
----->2.4000 3.1500
3 0 7 0 0 
----->2.4000 3.1500
3 1 0 0 6 
----->2.4000 3.1500
750 695 798!!!!!!!!!!!!!
3 1 0 1 5 
----->2.4000 3.1500
750 705 803!!!!!!!!!!!!!
3 1 0 2 4 
----->2.4000 3.1500
750 715 808!!!!!!!!!!!!!
3 1 0 3 3 
----->2.4000 3.1500
750 725 813!!!!!!!!!!!!!
3 1 0 4 2 
----->2.4000 3.1500
750 735 818!!!!!!!!!!!!!
3 1 0 5 1 
----->2.4000 3.1500
750 745 823!!!!!!!!!!!!!
3 1 0 6 0 
----->2.4000 3.1500
3 1 1 0 5 
----->2.4000 3.1500
750 710 808!!!!!!!!!!!!!
3 1 1 1 4 
----->2.4000 3.1500
750 720 813!!!!!!!!!!!!!
3 1 1 2 3 
----->2.4000 3.1500
750 730 818!!!!!!!!!!!!!
3 1 1 3 2 
----->2.4000 3.1500
750 740 823!!!!!!!!!!!!!
3 1 1 4 1 
----->2.4000 3.1500
750 750 828!!!!!!!!!!!!!
3 1 1 5 0 
----->2.4000 3.1500
3 1 2 0 4 
----->2.4000 3.1500
750 725 818!!!!!!!!!!!!!
3 1 2 1 3 
----->2.4000 3.1500
750 735 823!!!!!!!!!!!!!
3 1 2 2 2 
----->2.4000 3.1500
750 745 828!!!!!!!!!!!!!
3 1 2 3 1 
----->2.4000 3.1500
3 1 2 4 0 
----->2.4000 3.1500
3 1 3 0 3 
----->2.4000 3.1500
750 740 828!!!!!!!!!!!!!
3 1 3 1 2 
----->2.4000 3.1500
750 750 833!!!!!!!!!!!!!
3 1 3 2 1 
----->2.4000 3.1500
3 1 3 3 0 
----->2.4000 3.1500
3 1 4 0 2 
----->2.4000 3.1500
3 1 4 1 1 
----->2.4000 3.1500
3 1 4 2 0 
----->2.4000 3.1500
3 1 5 0 1 
----->2.4000 3.1500
3 1 5 1 0 
----->2.4000 3.1500
3 1 6 0 0 
----->2.4000 3.1500
3 2 0 0 5 
----->2.4000 3.1500
750 715 813!!!!!!!!!!!!!
3 2 0 1 4 
----->2.4000 3.1500
750 725 818!!!!!!!!!!!!!
3 2 0 2 3 
----->2.4000 3.1500
750 735 823!!!!!!!!!!!!!
3 2 0 3 2 
----->2.4000 3.1500
750 745 828!!!!!!!!!!!!!
3 2 0 4 1 
----->2.4000 3.1500
3 2 0 5 0 
----->2.4000 3.1500
3 2 1 0 4 
----->2.4000 3.1500
750 730 823!!!!!!!!!!!!!
3 2 1 1 3 
----->2.4000 3.1500
750 740 828!!!!!!!!!!!!!
3 2 1 2 2 
----->2.4000 3.1500
750 750 833!!!!!!!!!!!!!
3 2 1 3 1 
----->2.4000 3.1500
3 2 1 4 0 
----->2.4000 3.1500
3 2 2 0 3 
----->2.4000 3.1500
750 745 833!!!!!!!!!!!!!
3 2 2 1 2 
----->2.4000 3.1500
3 2 2 2 1 
----->2.4000 3.1500
3 2 2 3 0 
----->2.4000 3.1500
3 2 3 0 2 
----->2.4000 3.1500
3 2 3 1 1 
----->2.4000 3.1500
3 2 3 2 0 
----->2.4000 3.1500
3 2 4 0 1 
----->2.4000 3.1500
3 2 4 1 0 
----->2.4000 3.1500
3 2 5 0 0 
----->2.4000 3.1500
3 3 0 0 4 
----->2.4000 3.1500
750 735 828!!!!!!!!!!!!!
3 3 0 1 3 
----->2.4000 3.1500
750 745 833!!!!!!!!!!!!!
3 3 0 2 2 
----->2.4000 3.1500
3 3 0 3 1 
----->2.4000 3.1500
3 3 0 4 0 
----->2.4000 3.1500
3 3 1 0 3 
----->2.4000 3.1500
750 750 838!!!!!!!!!!!!!
3 3 1 1 2 
----->2.4000 3.1500
3 3 1 2 1 
----->2.4000 3.1500
3 3 1 3 0 
----->2.4000 3.1500
3 3 2 0 2 
----->2.4000 3.1500
3 3 2 1 1 
----->2.4000 3.1500
3 3 2 2 0 
----->2.4000 3.1500
3 3 3 0 1 
----->2.4000 3.1500
3 3 3 1 0 
----->2.4000 3.1500
3 3 4 0 0 
----->2.4000 3.1500
3 4 0 0 3 
----->2.4000 3.1500
3 4 0 1 2 
----->2.4000 3.1500
3 4 0 2 1 
----->2.4000 3.1500
3 4 0 3 0 
----->2.4000 3.1500
3 4 1 0 2 
----->2.4000 3.1500
3 4 1 1 1 
----->2.4000 3.1500
3 4 1 2 0 
----->2.4000 3.1500
3 4 2 0 1 
----->2.4000 3.1500
3 4 2 1 0 
----->2.4000 3.1500
3 4 3 0 0 
----->2.4000 3.1500
3 5 0 0 2 
----->2.4000 3.1500
3 5 0 1 1 
----->2.4000 3.1500
3 5 0 2 0 
----->2.4000 3.1500
3 5 1 0 1 
----->2.4000 3.1500
3 5 1 1 0 
----->2.4000 3.1500
3 5 2 0 0 
----->2.4000 3.1500
3 6 0 0 1 
----->2.4000 3.1500
3 6 0 1 0 
----->2.4000 3.1500
3 6 1 0 0 
----->2.4000 3.1500
3 7 0 0 0 
----->2.4000 3.1500
4 0 0 0 6 
----->2.4000 3.1500
750 700 814!!!!!!!!!!!!!
4 0 0 1 5 
----->2.4000 3.1500
750 710 819!!!!!!!!!!!!!
4 0 0 2 4 
----->2.4000 3.1500
750 720 824!!!!!!!!!!!!!
4 0 0 3 3 
----->2.4000 3.1500
750 730 829!!!!!!!!!!!!!
4 0 0 4 2 
----->2.4000 3.1500
750 740 834!!!!!!!!!!!!!
4 0 0 5 1 
----->2.4000 3.1500
750 750 839!!!!!!!!!!!!!
4 0 0 6 0 
----->2.4000 3.1500
4 0 1 0 5 
----->2.4000 3.1500
750 715 824!!!!!!!!!!!!!
4 0 1 1 4 
----->2.4000 3.1500
750 725 829!!!!!!!!!!!!!
4 0 1 2 3 
----->2.4000 3.1500
750 735 834!!!!!!!!!!!!!
4 0 1 3 2 
----->2.4000 3.1500
750 745 839!!!!!!!!!!!!!
4 0 1 4 1 
----->2.4000 3.1500
4 0 1 5 0 
----->2.4000 3.1500
4 0 2 0 4 
----->2.4000 3.1500
750 730 834!!!!!!!!!!!!!
4 0 2 1 3 
----->2.4000 3.1500
750 740 839!!!!!!!!!!!!!
4 0 2 2 2 
----->2.4000 3.1500
750 750 844!!!!!!!!!!!!!
4 0 2 3 1 
----->2.4000 3.1500
4 0 2 4 0 
----->2.4000 3.1500
4 0 3 0 3 
----->2.4000 3.1500
750 745 844!!!!!!!!!!!!!
4 0 3 1 2 
----->2.4000 3.1500
4 0 3 2 1 
----->2.4000 3.1500
4 0 3 3 0 
----->2.4000 3.1500
4 0 4 0 2 
----->2.4000 3.1500
4 0 4 1 1 
----->2.4000 3.1500
4 0 4 2 0 
----->2.4000 3.1500
4 0 5 0 1 
----->2.4000 3.1500
4 0 5 1 0 
----->2.4000 3.1500
4 0 6 0 0 
----->2.4000 3.1500
4 1 0 0 5 
----->2.4000 3.1500
750 720 829!!!!!!!!!!!!!
4 1 0 1 4 
----->2.4000 3.1500
750 730 834!!!!!!!!!!!!!
4 1 0 2 3 
----->2.4000 3.1500
750 740 839!!!!!!!!!!!!!
4 1 0 3 2 
----->2.4000 3.1500
750 750 844!!!!!!!!!!!!!
4 1 0 4 1 
----->2.4000 3.1500
4 1 0 5 0 
----->2.4000 3.1500
4 1 1 0 4 
----->2.4000 3.1500
750 735 839!!!!!!!!!!!!!
4 1 1 1 3 
----->2.4000 3.1500
750 745 844!!!!!!!!!!!!!
4 1 1 2 2 
----->2.4000 3.1500
4 1 1 3 1 
----->2.4000 3.1500
4 1 1 4 0 
----->2.4000 3.1500
4 1 2 0 3 
----->2.4000 3.1500
750 750 849!!!!!!!!!!!!!
4 1 2 1 2 
----->2.4000 3.1500
4 1 2 2 1 
----->2.4000 3.1500
4 1 2 3 0 
----->2.4000 3.1500
4 1 3 0 2 
----->2.4000 3.1500
4 1 3 1 1 
----->2.4000 3.1500
4 1 3 2 0 
----->2.4000 3.1500
4 1 4 0 1 
----->2.4000 3.1500
4 1 4 1 0 
----->2.4000 3.1500
4 1 5 0 0 
----->2.4000 3.1500
4 2 0 0 4 
----->2.4000 3.1500
750 740 844!!!!!!!!!!!!!
4 2 0 1 3 
----->2.4000 3.1500
750 750 849!!!!!!!!!!!!!
4 2 0 2 2 
----->2.4000 3.1500
4 2 0 3 1 
----->2.4000 3.1500
4 2 0 4 0 
----->2.4000 3.1500
4 2 1 0 3 
----->2.4000 3.1500
4 2 1 1 2 
----->2.4000 3.1500
4 2 1 2 1 
----->2.4000 3.1500
4 2 1 3 0 
----->2.4000 3.1500
4 2 2 0 2 
----->2.4000 3.1500
4 2 2 1 1 
----->2.4000 3.1500
4 2 2 2 0 
----->2.4000 3.1500
4 2 3 0 1 
----->2.4000 3.1500
4 2 3 1 0 
----->2.4000 3.1500
4 2 4 0 0 
----->2.4000 3.1500
4 3 0 0 3 
----->2.4000 3.1500
4 3 0 1 2 
----->2.4000 3.1500
4 3 0 2 1 
----->2.4000 3.1500
4 3 0 3 0 
----->2.4000 3.1500
4 3 1 0 2 
----->2.4000 3.1500
4 3 1 1 1 
----->2.4000 3.1500
4 3 1 2 0 
----->2.4000 3.1500
4 3 2 0 1 
----->2.4000 3.1500
4 3 2 1 0 
----->2.4000 3.1500
4 3 3 0 0 
----->2.4000 3.1500
4 4 0 0 2 
----->2.4000 3.1500
4 4 0 1 1 
----->2.4000 3.1500
4 4 0 2 0 
----->2.4000 3.1500
4 4 1 0 1 
----->2.4000 3.1500
4 4 1 1 0 
----->2.4000 3.1500
4 4 2 0 0 
----->2.4000 3.1500
4 5 0 0 1 
----->2.4000 3.1500
4 5 0 1 0 
----->2.4000 3.1500
4 5 1 0 0 
----->2.4000 3.1500
4 6 0 0 0 
----->2.4000 3.1500
5 0 0 0 5 
----->2.4000 3.1500
750 725 845!!!!!!!!!!!!!
5 0 0 1 4 
----->2.4000 3.1500
750 735 850!!!!!!!!!!!!!
5 0 0 2 3 
----->2.4000 3.1500
750 745 855!!!!!!!!!!!!!
5 0 0 3 2 
----->2.4000 3.1500
5 0 0 4 1 
----->2.4000 3.1500
5 0 0 5 0 
----->2.4000 3.1500
5 0 1 0 4 
----->2.4000 3.1500
750 740 855!!!!!!!!!!!!!
5 0 1 1 3 
----->2.4000 3.1500
750 750 860!!!!!!!!!!!!!
5 0 1 2 2 
----->2.4000 3.1500
5 0 1 3 1 
----->2.4000 3.1500
5 0 1 4 0 
----->2.4000 3.1500
5 0 2 0 3 
----->2.4000 3.1500
5 0 2 1 2 
----->2.4000 3.1500
5 0 2 2 1 
----->2.4000 3.1500
5 0 2 3 0 
----->2.4000 3.1500
5 0 3 0 2 
----->2.4000 3.1500
5 0 3 1 1 
----->2.4000 3.1500
5 0 3 2 0 
----->2.4000 3.1500
5 0 4 0 1 
----->2.4000 3.1500
5 0 4 1 0 
----->2.4000 3.1500
5 0 5 0 0 
----->2.4000 3.1500
5 1 0 0 4 
----->2.4000 3.1500
750 745 860!!!!!!!!!!!!!
5 1 0 1 3 
----->2.4000 3.1500
5 1 0 2 2 
----->2.4000 3.1500
5 1 0 3 1 
----->2.4000 3.1500
5 1 0 4 0 
----->2.4000 3.1500
5 1 1 0 3 
----->2.4000 3.1500
5 1 1 1 2 
----->2.4000 3.1500
5 1 1 2 1 
----->2.4000 3.1500
5 1 1 3 0 
----->2.4000 3.1500
5 1 2 0 2 
----->2.4000 3.1500
5 1 2 1 1 
----->2.4000 3.1500
5 1 2 2 0 
----->2.4000 3.1500
5 1 3 0 1 
----->2.4000 3.1500
5 1 3 1 0 
----->2.4000 3.1500
5 1 4 0 0 
----->2.4000 3.1500
5 2 0 0 3 
----->2.4000 3.1500
5 2 0 1 2 
----->2.4000 3.1500
5 2 0 2 1 
----->2.4000 3.1500
5 2 0 3 0 
----->2.4000 3.1500
5 2 1 0 2 
----->2.4000 3.1500
5 2 1 1 1 
----->2.4000 3.1500
5 2 1 2 0 
----->2.4000 3.1500
5 2 2 0 1 
----->2.4000 3.1500
5 2 2 1 0 
----->2.4000 3.1500
5 2 3 0 0 
----->2.4000 3.1500
5 3 0 0 2 
----->2.4000 3.1500
5 3 0 1 1 
----->2.4000 3.1500
5 3 0 2 0 
----->2.4000 3.1500
5 3 1 0 1 
----->2.4000 3.1500
5 3 1 1 0 
----->2.4000 3.1500
5 3 2 0 0 
----->2.4000 3.1500
5 4 0 0 1 
----->2.4000 3.1500
5 4 0 1 0 
----->2.4000 3.1500
5 4 1 0 0 
----->2.4000 3.1500
5 5 0 0 0 
----->2.4000 3.1500
6 0 0 0 4 
----->2.4000 3.1500
750 750 876!!!!!!!!!!!!!
6 0 0 1 3 
----->2.4000 3.2000
6 0 0 2 2 
----->2.4000 3.2000
6 0 0 3 1 
----->2.4000 3.2000
6 0 0 4 0 
----->2.4000 3.2000
6 0 1 0 3 
----->2.4000 3.2000
6 0 1 1 2 
----->2.4000 3.2000
6 0 1 2 1 
----->2.4000 3.2000
6 0 1 3 0 
----->2.4000 3.2000
6 0 2 0 2 
----->2.4000 3.2000
6 0 2 1 1 
----->2.4000 3.2000
6 0 2 2 0 
----->2.4000 3.2000
6 0 3 0 1 
----->2.4000 3.2000
6 0 3 1 0 
----->2.4000 3.2000
6 0 4 0 0 
----->2.4000 3.2000
6 1 0 0 3 
----->2.4000 3.2000
6 1 0 1 2 
----->2.4000 3.2000
6 1 0 2 1 
----->2.4000 3.2000
6 1 0 3 0 
----->2.4000 3.2000
6 1 1 0 2 
----->2.4000 3.2000
6 1 1 1 1 
----->2.4000 3.2000
6 1 1 2 0 
----->2.4000 3.2000
6 1 2 0 1 
----->2.4000 3.2000
6 1 2 1 0 
----->2.4000 3.2000
6 1 3 0 0 
----->2.4000 3.2000
6 2 0 0 2 
----->2.4000 3.2000
6 2 0 1 1 
----->2.4000 3.2000
6 2 0 2 0 
----->2.4000 3.2000
6 2 1 0 1 
----->2.4000 3.2000
6 2 1 1 0 
----->2.4000 3.2000
6 2 2 0 0 
----->2.4000 3.2000
6 3 0 0 1 
----->2.4000 3.2000
6 3 0 1 0 
----->2.4000 3.2000
6 3 1 0 0 
----->2.4000 3.2000
6 4 0 0 0 
----->2.4000 3.2000
7 0 0 0 3 
----->2.4000 3.2000
7 0 0 1 2 
----->2.4000 3.2000
7 0 0 2 1 
----->2.4000 3.2000
7 0 0 3 0 
----->2.4000 3.2000
7 0 1 0 2 
----->2.4000 3.2000
7 0 1 1 1 
----->2.4000 3.2000
7 0 1 2 0 
----->2.4000 3.2000
7 0 2 0 1 
----->2.4000 3.2000
7 0 2 1 0 
----->2.4000 3.2000
7 0 3 0 0 
----->2.4000 3.2000
7 1 0 0 2 
----->2.4000 3.2000
7 1 0 1 1 
----->2.4000 3.2000
7 1 0 2 0 
----->2.4000 3.2000
7 1 1 0 1 
----->2.4000 3.2000
7 1 1 1 0 
----->2.4000 3.2000
7 1 2 0 0 
----->2.4000 3.2000
7 2 0 0 1 
----->2.4000 3.2000
7 2 0 1 0 
----->2.4000 3.2000
7 2 1 0 0 
----->2.4000 3.2000
7 3 0 0 0 
----->2.4000 3.2000
8 0 0 0 2 
----->2.4000 3.2000
8 0 0 1 1 
----->2.4000 3.2000
8 0 0 2 0 
----->2.4000 3.2000
8 0 1 0 1 
----->2.4000 3.2000
8 0 1 1 0 
----->2.4000 3.2000
8 0 2 0 0 
----->2.4000 3.2000
8 1 0 0 1 
----->2.4000 3.2000
8 1 0 1 0 
----->2.4000 3.2000
8 1 1 0 0 
----->2.4000 3.2000
8 2 0 0 0 
----->2.4000 3.2000
9 0 0 0 1 
----->2.4000 3.2000
9 0 0 1 0 
----->2.4000 3.2000
9 0 1 0 0 
----->2.4000 3.2000
9 1 0 0 0 
----->2.4000 3.2000
10 0 0 0 0 
----->2.4000 3.2000
2.4000 3.2000
