0.000
0.000
0.000
93543454.425
69521151.427
524983.638
418940.012
184576287.530
24387427.180
266038283.427
51975418.706
172397275.566
440245757.075
82704995.594
350394356.776
1531349.601
387981657.617
276639644.531
704068689.220
110308241.279
778686294.966
609793526.802
814913193.567
619277156.858
1003204906.787
705256561.047
1039645652.808
307363353.292
1056546675.165
630018836.398
20149937.943
675700389.210
241678705.159
1054359937.044
992305054.315
317068640.715
2754637.117
1211029941.029
913078342.383
567761566.611
560006612.193
858594249.453
77771148.576
365622714.984
34471191.493
1420692691.801
617552546.758
963410655.367
891019366.040
281206278.342
311646144.726
1146998621.991
1538960256.621
1063089242.461
269489596.523
12376288.321
224579966.700
1815282290.888
566757608.530
1152963674.997
678987195.869
1436037995.704
1568900486.423
190903055.423
169055654.696
1735210434.511
711717047.616
2809669373.800
27823647.989
51971815.529
47330962.297
9715641.451
157509955.520
120547798.527
51611871.953
153773775.422
66450302.586
73069814.889
88938106.655
282867868.056
25119716.035
163704281.022
136415336.990
334794672.227
58596999.094
262052463.727
365226675.219
180203736.117
61130440.378
99408918.001
272263250.233
312176897.332
293847028.317
199531513.133
121542826.622
187679275.567
274292584.799
466886179.568
568869699.089
54130357.465
483658937.343
174942537.561
13210277.280
239522637.080
9787932.425
677925113.661
216485368.149
38277332.893
539544422.305
460794067.204
339556209.498
499434380.480
247782740.799
610066294.938
138588665.257
88038181.695
386193090.355
249335877.286
260226005.012
766050369.224
126776229.149
455279618.381
115684227.254
495367930.214
897171888.755
28365074.898
918233070.527
70763988.033
79191855.440
312919104.171
872407556.848
352670171.664
434103899.704
925922124.940
211785480.994
478844011.134
917959288.731
1054116895.127
369700594.895
1593953330.382
3587699.105
17261492.964
7837574.867
16039775.589
51651212.084
44185040.764
15594142.995
110321588.033
103284608.192
65079946.324
38860307.137
128740962.768
242405627.326
62381013.238
5083026.080
56724564.374
103274520.863
86258861.618
101704522.376
22805941.014
333471260.155
22375742.918
791672830.692
10006345.182
494423401.681
771228881.538
184670887.289
149306664.215
934496142.654
365125862.250
426803864.495
43085565.481
769984316.560
422761219.888
433178251.224
568014874.805
430130630.348
451841780.506
485489135.378
184625631.172
195231826.639
800264440.036
796599060.503
492058470.046
805643904.680
811788767.491
656362722.734
709846947.258
722914377.693
747886156.960
1029332832.439
1241080554.310
191444057.787
865241845.168
2219650933.507
