13759631
11654235
1110135
62748005
0
102154401
84087703
21536112
34250189
21955099
73784461
1880066
121089251
42808173
34598521
1246962
122115971
90073974
22709507
71348234
178972161
1310660
74880530
211206703
8220198
209762771
135869647
219745710
52047244
289695608
11861448
5363067
208721720
212272016
196282136
304301875
207403771
271393388
68716956
191617633
102975672
60423000
47327730
306682366
256820481
256130591
218563440
237064400
34145762
231458029
258688788
245277150
269841223
186041839
17253731
276136237
368613399
131875682
284779579
45222668
172658165
397499090
304980031
207264687
274953139
158120906
207490249
10120864
301790359
345109117
177186601
172360910
260526992
268088474
222825669
77640179
63855410
37149962
396026642
380146319
121834080
40681862
19000634
495234712
19886809
507465821
265109794
360097559
248889527
338627547
224064434
24805711
1235795
116762953
445562085
560512125
201758752
115580345
89018576
83520588
376499351
257187546
201609365
579005356
486426225
221984232
476723301
300843182
725295865
709775503
735394524
121710609
537096715
448878725
607727389
149605408
4078248
705081583
662897926
600012694
759799274
494450472
297721120
471607829
240289233
87348514
643040915
215707348
289061827
530221017
817396691
794281196
883151562
483302738
784058060
59097276
998091090
835705477
503612186
446272683
461652497
748227212
319946888
711665963
881970424
107908239
859838184
1010460704
127250516
922469550
714546029
5117439
716564997
488143622
692586059
1046361242
242662931
124869640
1046040845
301861771
1031894284
708595861
337829384
804520692
1015780540
384739304
39676965
678130010
1060188930
619714670
839278142
1174261216
126625958
854512089
396326417
455056351
1179932152
1425940534
1291724713
165777155
1329495542
374980654
22707582
1038277458
1041424401
1137228615
733737986
343290940
1190645149
1326008875
1001793847
815562855
727647397
119375457
824169437
1295216168
1422126957
637359683
817764016
1214553020
765281823
340156443
120479722
159414164
881552038
1523101028
903175527
8202569
822049155
1317269872
441814936
39814416
1268739507
820826551
253951869
370440483
1019790701
920765047
1029854008
1671357988
423582341
1174275378
299573854
352594852
1134066637
1127951982
1110955047
284567214
1047729513
877946637
347042812
1238259909
568350296
964545016
1647632752
906131888
799150322
84455771
939397325
531130383
1755967572
1206943513
222078129
674268621
700658610
1072293746
1254106624
1783748758
1554191849
27286839
703661926
360595104
491585155
1665146052
1697082932
880127907
683021389
896537674
1236325773
1314949666
210392230
1356642062
748193875
1875797435
115591518
1869157725
1911296566
166832182
1285145606
272488235
954847537
54830410
430521219
106809089
357451567
968060510
1164394619
1046912766
1396810514
1444062735
216950859
1139516373
137097823
685032665
26302413
1748499189
1794741293
583129068
1535881696
1370986525
1485238542
339785156
1548831216
319267886
1468124182
918507582
63901540
1386999069
1930027038
550206305
993838508
94819090
2099187006
1264998704
1672360486
12753810
295382399
1223378596
342547989
40197991
1942219590
1423080226
2134761539
639042043
1097127833
190979542
2270913676
622702635
351181774
1421044785
248867551
1175254926
12430190
1242515458
588979087
1584101681
453665818
985194224
1763655404
1837165409
1802044392
1388794400
653470459
779515917
1878750872
1073000607
249446678
1265094555
1177810905
890581941
531080624
1727129975
963580310
2333864419
1448984167
826755041
841286568
702456337
1430762155
911208679
1625216721
1858669916
1260629422
527506012
1607412651
1426640459
2436946892
484018223
28400184
464159655
894628035
16224435
567372763
987341511
1141578171
1378869854
1384523713
57903180
2515155183
2227870080
1748937691
1380089496
2628607052
2202804842
1911740540
181720160
1616259286
2132467039
1332304467
1027700021
223782160
905203179
139478967
1377006609
122340477
1347578928
2623069701
2436269863
1705155353
1690833498
1419763990
2073180126
1639201794
1585798269
1081267022
37872477
1621780822
1025885270
1683032929
358451834
1522717439
22473444
2542340017
1886616887
744228176
334301509
1033083306
2852923824
977668197
8177310
2176327714
1072906740
2618240753
208015411
1222981910
1815570319
789020119
71562909
342097157
1233677934
1006505030
2166873153
2536900568
199350293
671952087
1521152248
1452313733
1375995163
942426014
2872268681
1154600968
36149424
433861243
1423770417
1456734029
538127966
396039214
2754359730
1522870005
863038602
357912057
440219759
1453650451
1377888296
2641475053
1265942877
2443919143
310294998
102133440
2754924599
590800476
750616165
2506364060
1559386068
1407227942
391648211
264950324
2068438678
305275356
2412668320
2471793799
810063623
406446418
321256378
355674575
2206560051
138493109
458377957
2853674779
1334367516
3160332113
953301314
516961822
1945016321
1845380823
2840669388
1394500175
181540205
3148145155
129528075
1492932053
1367470561
147890514
92172565
2896167976
782261089
2822717794
77958336
139986911
1188330080
2063424896
371633728
927703061
1511191416
2452624870
1175086854
303583813
214652719
283978287
531135799
2416755382
2566145486
3078988177
1035831634
1068131190
2356183288
2141305551
3272151844
219201197
866251358
1088554022
2209244653
2099459648
114484476
2263719517
1487785044
2227769850
712948263
1437895223
228497366
1671124365
1772925426
3053470616
1423703751
2639435144
1796413091
1125024459
55414766
1946101455
26675456
147440693
251638486
1127137421
2406197396
692178515
2719831683
1171006884
429770137
1462405012
1663630895
218824514
2789129317
92047799
2138157549
2944336902
1655379557
1565250845
3667822240
973296604
1701653870
2527691814
2920850060
2144489290
2339486676
335335634
1837100696
3122220082
2902561445
2208727152
1018168094
2880772742
38554223
1813089820
2309216623
1761811102
827861644
287911455
2525583095
1798662398
1641539896
1699678352
137998854
844851984
2223957778
2388540087
208032364
1585919841
384606786
1782566181
2421135812
3274521678
2497547334
836224024
2419440110
1387536503
2452275475
86745159
2104912508
185161675
3646977009
2468343609
369018611
2005655557
3312194445
2483900492
1585517175
2044916143
1536573118
589352319
2624479548
496378860
514290760
2169879534
102088954
749349003
1963821334
1305906289
3970820
2542933207
3812669458
2927448970
925312767
3465907365
2854260877
1723586776
2379769234
3434854290
1565928044
1877832773
1395181282
3006518785
1912130747
1620350782
2069358079
2269464492
3712096198
2459234217
1451534563
3589872844
175765718
1036491738
2360900588
844703310
128174108
1739299888
715374873
3765264592
3250584848
2279520248
3123239447
86614366
21043612
703215656
3284757593
3695112722
2831368402
1747023070
2043675561
905568902
1898402773
3440164066
121329387
3314519949
3949155332
786017922
3012653784
2045335182
2036491532
238662792
1449050746
3603416630
1238793863
3509685758
2337917679
67078155
1662654460
1980324250
482122580
3073172999
3782051849
1843267006
867494299
316675758
3817202975
1679684824
4078943467
66951893
1341029669
3593009344
4104765942
349468360
1306207468
1730563875
3783656819
2880811801
4274923015
690035442
2763367720
3011422751
4280368061
1812068808
1820446148
1965979881
2630780943
357425714
871233792
3285565931
3930859709
1884359192
3536163665
549454573
117603753
2311539728
1084532874
1732192521
2767679139
4027831712
3505009074
21568399
2290865792
2475012052
1247604039
2495785450
1933893985
925459212
1954557757
2361989460
1798299804
1110579458
1844723946
2267596758
2855874461
849833172
3549842546
897508183
3809312932
2876112588
2957701891
1784905765
2188864319
783825021
186688898
2062486075
1999603066
207219464
2989081512
4481205078
1453260747
2662478455
2670056148
2541171570
4354360398
780516646
3302454717
1743757537
3109139548
622157364
492249359
4828752323
2816976138
3158540888
1777467202
2856386660
1786042662
2735411067
3265430838
1684013912
2230553555
3822899431
2217933577
4177246738
3314069034
1848867875
1033130928
2798284661
2554854150
1138421822
3150941748
1524658903
2737349062
2241570058
4554209180
4989920
3460869361
2588563318
2365275491
2106412172
2905313160
2691706012
3027495977
1319293334
2885519024
796400962
3772834289
3427349908
934455858
4522451257
1230670063
2472398023
4819449342
3493110564
997654553
1725851297
1408609092
2597939449
729785024
3032360577
1432652345
2275573134
1222062254
743219099
2666891374
2072237707
4276288009
2122906493
4607101173
3221396743
195564395
1279707820
2249536449
320818401
1584631615
161410144
153179767
3026388357
475683037
1569997774
142811907
361286066
2608196862
2525586976
284031597
221229111
2077270854
3129286087
4021522774
629055324
1969491033
4141382580
3691579610
1002829919
3324104862
3812125332
2917047796
1398245144
3213399816
3127810575
5188454513
2599153296
2744644789
3654318013
4453472663
1023036194
1942463463
2703999184
4947308309
4020485596
2022955283
97619409
3789999415
154376983
3104668846
2701537210
2147153604
201056822
1755612063
280678116
1975212062
2251297041
288625283
2162518756
511670573
5546632902
3207561314
1300167285
3391252264
3294138996
4899557207
4704566419
281625191
100610363
953504512
2021291412
2620600504
4772956579
4494066207
3191754828
4235014217
4307907964
1544233693
2749575418
4632681318
2311185745
1491063934
4259637968
1376762894
4671221565
5577024742
704675081
2379316765
2638141725
882745976
4549009658
5079450049
945150090
3638726392
917899297
2652579799
161452343
324692485
3490994881
6955054
308131699
4564256571
1245947997
4598289090
2644062430
3251708880
4360069205
3806514158
1085164981
2680149112
5790750579
4280894591
4092189030
4134217819
1389236856
1484545422
2144699218
2512638426
5027947728
5627751721
2307710579
1175650247
5139974193
3215624705
3063351516
2530533121
3985761132
1368810264
599941210
5353700996
4655185612
1945027301
2651876858
63723116
250564716
1677523940
976446101
1667758101
314249575
492415762
1915222390
515781836
2130530043
4053119985
5790746309
4912266800
2232474045
3854740856
4102249873
3148890410
2626542556
4831375741
6021721524
1992676186
5331358021
5593542161
736754566
3261958091
2854905481
3372900565
54714239
1506339445
2134511096
4885772294
5067006882
2833101905
3677742235
4063442612
1748141689
1058847575
3235301425
4584811816
2240211485
4889359797
659127963
2514132352
3959098153
29444289
6481085298
3489917450
5193176751
3346201817
1860992304
2723504631
2509084540
3860522399
3651876288
970157724
971171230
5333170288
2250261294
2180368846
39063264
596636966
235490912
1115145743
5453480057
3684045032
3511529630
1457334458
2827160827
5094398369
2358421140
570597144
3184877475
5528678724
6520068668
3048901004
5345988030
3956393350
4296281621
5028682661
6115665939
3004593106
6700773004
4031745939
1469236059
491453956
119866470
241618243
284774809
2220230901
1162801072
4818512440
3169900548
5003961908
808954295
421756051
4197001451
1535190827
5706379948
710700259
4771172570
1783001950
6652782952
3488576391
3769718462
128604426
5535819792
1415813981
533790889
2527204470
3491986549
867041269
2490733987
522077576
105750744
174336140
2693871265
5654380774
2549148984
2785914735
5752104502
424567707
223471958
3718128196
2685982272
2824309938
3941187395
1643545103
6699905988
2646780008
3810707279
501992869
377687056
1121270660
806957961
2750221253
4019835314
2488486133
1957865799
855259131
7206882531
895491457
3275816759
1918907575
304145471
686359803
4569557853
1486542731
3733811417
1607553776
45403757
4011021251
2326639392
1485441973
6759251137
6549005406
784716512
3905322325
3540557589
4349680704
116202241
4380531954
1570882878
943239978
4941893851
4964616719
4380247554
5534085960
4280950823
2159838229
2294580324
4948966344
6912260843
6185029046
1435340702
5846120709
3475845507
1127464951
338345957
5384651851
6755290224
1183372452
190375213
5829151511
4872443932
6055385769
3395442345
3079515460
6507695774
4769243085
570610815
7172063375
4909703561
6377724110
6592595437
3751763657
214818998
1910848669
1123616960
828429943
2550155447
3712444647
5505467522
2121668271
3194292889
2222258972
5297226838
481453939
3365001036
1869994320
7116318992
944633945
1099366059
1327326991
2624474739
7218728666
4818104438
706789862
1774846179
609509449
2016598050
770879967
5608121355
693304973
2749479670
1178900027
4808210049
7802884983
3667424202
5446072202
3423960817
4587508731
3081419632
1778288485
959892996
7257422896
1425987100
1705953523
3801691816
503523847
7313018223
3645077102
6455426970
4867024503
4207748473
66145179
3334632916
1402959142
2146060106
4442574633
5068246132
4285939286
4368467747
3952285748
2985926041
3388874486
2667397269
4050038335
2826079413
831854020
4682807904
3233843204
6113649775
1208500964
4483541931
3084634703
5152553891
7595896669
6754138690
2735841227
7351959390
4672197478
3544315590
21821074
3746684150
3401804744
3295270663
1511907559
1356079528
598207003
2995929796
1051785325
3167700608
3304740957
5408909769
2343828638
7499195336
2109500704
989094459
5195141642
1463657988
249423536
603007389
2949150504
5535343875
2396134300
2063243370
5928779774
1422453160
5702010001
4319592375
2176832809
4722400534
5750444177
6839380487
357671638
2071602484
483816823
5187665774
5900028567
3476006886
4185449903
2000076432
3245561283
640707096
6658295202
2861663978
2435903510
4792623548
2890084618
2774786362
2663671372
4958052061
3730556597
3206175371
7186422364
7862409135
7622890740
3520041444
1340838201
6680363961
29219106
3912927774
1740501305
407736891
5585214560
641622633
6290510869
3428406021
1716777907
7477779244
4699438558
6183237325
232843318
5218900941
3521017669
2588296568
4558251421
7261589870
4876739674
7537092445
6009650893
8010239984
3613848106
2606669613
3905373353
1311731254
524361283
1022571789
2904689999
4895278580
1097380343
2236709131
5810421010
3624624031
471736984
684339722
7775698699
6411525593
1483947300
6452551538
3513311781
3753783577
6777496993
1123596271
7882280727
7277649400
7190577629
3137514713
223025816
6414128466
5096532966
2908960020
7944806719
7326247742
8253284570
3739602510
6562757147
3753941018
2718635618
1214889635
2109498800
5123197424
1210021174
3852579792
5891533753
6757151474
1971899694
4795238708
5188117648
5316622685
679507766
4779836405
5849118759
5277404891
762460990
3608203213
3680203254
902911529
2150546821
4131903946
7248701623
5043881233
714553680
1070482088
6446128375
8661564894
6089239295
7131239316
1376324982
1955126463
2126555145
7315153802
4695425092
3592635594
3897479503
2745722480
3991836023
2573022651
599921652
4909461320
7313040905
6210322583
4962429965
7564710004
13139317
477206551
4391198497
5689834247
5900251749
4684084548
7496474472
1728462487
351945945
4691164126
228146694
6537324
4342981367
3875540514
8413572520
2357403625
2283693000
6843070145
781563518
5675191595
4941699897
5062373251
8074584156
5661461713
8090795708
5706281419
8296688495
7833390038
384496033
3442786875
5744145981
5018019766
3929065125
281320341
3107413035
1668107534
7985818264
8230257118
861368847
5807074035
5580594265
4471920934
531385236
7913796117
7252864132
337258380
982619099
6665089004
1641556599
3029950939
5493522804
9241276368
6448078947
1269758786
3583572390
8881711178
3775878508
4368937394
6191330744
3707016485
352291797
2280004586
7256432327
8277854210
5168541093
8666346113
4287294425
482570843
2584907411
4131316600
2515043781
4073582343
5566857020
4330462180
1520132289
4518685734
6459499095
6913601577
8706277447
2270162924
7620202406
8564420648
4767926340
3143009066
3820932301
7918352974
2194150354
8774109711
7065264490
6661479004
8762491730
171851871
561266207
1886256207
8949546083
8171852486
132499362
4181697387
6145373643
3916795095
8665512338
5248210706
4379053597
4252467772
367505353
7478485061
1590696818
4582587440
4457014308
553579040
2072374286
2443652837
4225010560
9505723057
7853108970
1389970672
7385671654
7448949957
7553215621
6819148324
8098403377
5907176207
4193078509
5250492410
5995003788
6867090753
6677422288
2109026738
7044976984
1855124956
4755936625
2238996654
8660465158
585095131
7851936753
1251142349
4765906020
7579540201
6341483728
1888836238
5892535826
1217451243
3290531875
17063144
2611480925
6166155157
9168027375
5592444448
4918173745
3976807202
5571637843
6541653920
967753267
4449979825
8373510441
2579676706
1841067638
656799721
3638205866
6696852158
4093130159
3217986731
8128470086
2157595058
9224320455
7154212497
5762172081
8472179996
5374765216
4470126684
6467616983
4419856033
496970984
1760831725
1734366494
4488256664
6635325864
8384682077
2741118973
1160367406
1229758649
6803700618
2859943602
6368795949
9766629007
7017249371
9770319446
3934571839
9387661156
3625828091
2153666888
3303194390
5107610820
6516725432
2991399031
4701866347
4324642092
7287664518
7410663251
6841572855
5266720788
3149793835
3180466817
3539604064
2529386589
821438754
1137733779
607023644
6869152321
66777511
513658405
7714291589
7157572202
6368611122
2564982891
8863597096
739373801
3184784784
5166706954
3085754073
6054388668
4656346255
2224911691
5220503327
60390600
5269640336
187520851
8078841329
5363156323
9967912437
9032122336
9180131943
6635460581
4871443993
939628416
3168749720
6907157680
1509195876
9422188406
5794787217
7520631834
733905255
4742290349
9451589735
8018724089
3342017021
9987186436
7375945483
9702628063
8229731580
5416383211
7909815660
5322232434
1879891112
2594205192
3865466539
6072333801
33470255
4997069941
1911511900
10422158585
1950933146
5963227550
3115931740
5770307213
7983681540
10147587464
3959353140
5503834113
9685561795
4289699702
2859249033
5304064922
5223794152
3993738897
1454003433
2507616438
3814555462
1078458471
4445417081
9669477503
9463872480
2381024214
3346400604
1411271901
5098206278
2783996104
5511965
6004941849
4618713732
1322978244
151251183
6904355237
4925852379
1113970014
903170994
9801967690
6283506926
10358473992
678061475
2988889156
9250979907
8338574608
9875188165
623970375
7185072805
678415865
1378255806
2308822268
7042782172
1480906513
5963675645
6905607638
5980708493
9887179061
5611718670
750761676
7151890003
8590334227
7420803382
7446431336
7002424641
11099714061
9065398481
5868342592
9732315785
5042352044
245184252
8075295407
7383643166
8990678957
6786164183
10879742880
1738057238
5469810621
10574941126
1803601706
10127263595
4719775081
10725743271
1019955279
1012864884
5066975349
424021625
1655042769
1766010870
7850769561
9969273356
8056129020
7510737741
10586101233
2011162160
5447534275
6224581535
1952325142
6678781942
8498967259
2812529831
8321116992
5864849967
6990365817
4827549267
2838899656
9661030144
4903431471
1147766407
3732528734
10788467048
7119686602
9527723497
7265552914
5909092919
10068567245
6195242042
10346389359
6441352539
3439287222
3995491860
1183921126
10192576712
5496412790
8942855015
1432861930
7388815727
7310578622
9620312024
11038174750
1172216898
6406475109
5028085436
2247698603
8939356344
9240185018
4683051975
4408103816
4664218301
1834842300
8216418659
5797814417
8721212195
3409535692
6561019821
9117100506
6564756729
6491800319
2095468450
7362354222
6266654943
134486161
6022528748
3020239722
9809305062
9873897666
4597179178
7449985632
11188127258
5590809317
10175662408
7736076920
2279891615
3931506426
5033200861
333138720
5884839960
9741565475
5132091952
4642980474
8159977706
1216018270
10225498030
4322590696
937846180
7302270112
2250462361
5582628585
4479927697
1822992703
159385464
8071101905
6402312159
5895419151
6507093603
10824223042
6062936779
8493051007
335672474
9865172816
9734892477
987339738
3998331375
2282169512
5674137148
11212708229
553802433
2033297069
4813487993
1276054294
5039863795
11451534060
4568937838
6186683203
4823107930
3620346439
9230686559
6026788317
11948545821
8538082634
4680323743
6834267779
10145096765
6860557734
2298072577
7328734865
8101151871
6881964027
5668955804
9967323217
7422646915
2334091074
7543650609
510970072
2802329602
4192545650
1695781322
5114354516
10249054361
2160879269
309657926
7850664540
7219854001
553543615
1303604206
1023907904
1244181256
10703893335
1797724289
12348020212
12414559165
4983082907
5732179924
3674120371
5119777155
6327946441
1186487710
8761931669
3624172032
8567163178
6113619522
8814253988
9352166341
10435361260
2448950704
27400912
9683226552
846337031
4548958804
5618585352
2426681698
3112735362
56476717
4302838508
10425885324
589371833
828626317
8898292826
568923410
5784288039
4305428731
5592355744
8203699067
6150404851
6280567101
7124590103
10038782887
4963977288
5324946158
12451768686
6854256833
958100901
8270666570
3406668840
2877363708
12165192475
127691522
3262517001
2011694271
11067734821
10572702029
3852043550
1976687757
8993861985
12292804391
3010478658
4884967074
868641535
7901977655
7397214930
12447632941
3678309397
2139143982
5689860554
10184861230
2432360053
3651388749
6865444822
10992703942
7881519162
6447141115
3832490044
7551140451
6639530361
8202403443
4152461017
8875175625
2157291591
4982276099
434591868
7857976608
8551180671
995795174
5987766496
11111029274
80429981
9175441447
7122523916
5853936704
624341835
7967499372
4969609809
9829106399
7089567298
1011390287
245631987
7973395565
5855831631
3459618674
4649567844
3231870002
2694907009
7507364678
4618116329
8973130487
3655808538
5610407778
6132788147
755807910
8671417180
5807520002
6053822221
6096605702
7256221514
11227433289
11824212046
687883823
4237258562
12935558084
5762983539
2589118786
9723770924
14523385
12106307302
2215614503
7037409328
9041659370
10094826360
1618130584
6666011570
10030262763
624814349
4345129525
3280677453
12241107927
8401723641
2869206759
807205419
6020525260
10434619297
6296555722
8275724116
3184863926
9739562254
12176061973
7862017575
8644476434
9285325224
1628453446
5400764051
1697524280
3627796391
1074950218
7539749443
540645659
6825601198
4507271564
6748514211
1488766832
4463161336
8633995544
7617496200
3736697816
74519921
1131254863
1746769701
3987012526
12431276705
2417479623
6919911387
11040420314
11882413156
12364802593
11390374665
11700369376
5341452845
8264668108
9647693878
13383744447
4628843830
2255076397
11629475783
10392078043
51186883
134747372
5556519884
4462550671
9877152993
8153352605
7330708091
6150077375
9818272531
7874955676
5351019036
2544133509
8808060134
5268629894
11777702416
9946093021
5681383396
5734885611
3295762394
11840373184
9210298545
8208785050
3235518288
10754699362
5061604022
12805301017
7607837224
3569092899
7805233997
9324731875
2384364085
1634157245
11654100978
5732225433
999037411
11957587358
10380967384
3968793476
889846869
9702514438
6839768434
4872998764
461664139
2270362789
6800344712
4089411720
10176692752
10176127808
8818528151
1155528068
265436181
7858379863
7435581771
3381721996
6005361058
12762257321
3788207340
202307594
1447177021
11814851460
3010389327
13042027673
1150258650
5797754308
7279474366
1009218565
7763506258
10558293385
13874715371
12597147096
456911153
210162641
938901153
299660967
11574209839
3761915841
12365010678
8801254830
8744924119
5820909047
13377227665
5787648691
1156320506
9523909875
10369282792
8174041206
6253801558
12752102998
8294359328
4152913089
3423300713
9924416609
7475112940
2114534921
12220497229
6358076317
7151650473
7284232138
6335167392
4090494893
12612986527
2381609724
6094542651
4925680288
9820092305
1375124938
12766173472
13833546399
10205209793
8177896187
45985704
14332890038
4793202122
12380230398
14347548441
5707753298
1983370966
10856697807
11498697407
13699708204
2591033284
8863051844
472108263
7552763491
11191588808
3443517482
8197018278
253385357
10535916215
343021600
12395360161
4900617882
7161930920
9957574275
14643812850
13644783448
8393666160
12802979908
9985682957
2879814695
9533247345
14276065687
3645457230
12162319783
6969602271
1878922143
2680882684
8942535418
10283825510
13507545143
12986210076
12987747298
7762419854
3233124979
2140801247
4503674375
4990186258
10910901823
9745621000
6003621311
6173459930
6687642315
10665893694
9477914997
5258443990
8131099115
4513587070
11548885683
14810252734
9054608271
2202797326
6609052143
6678331982
4274931829
9796438973
7912954679
8461311178
13305325600
10737176842
6465891359
7944988479
5837645684
10772400981
624203303
13306428389
8010849884
7891569880
598629446
11570026725
9531679524
5899012734
3028031593
8062789299
8731930008
7835304878
10739953638
3578077122
13806788516
7919135464
8843096215
3541585086
4468422612
5398412404
13437199804
3473294551
5631997782
11818211176
1118348079
3209073638
10008496162
1432297002
3051164957
9960678237
11930183619
7037236258
1249262096
2589246651
9940006095
10765638159
695295339
2555375084
13356967166
346321106
5278519776
2257345590
7067735012
7131085119
4659966035
9178473393
377437644
13326436607
545326871
4866672707
8102071623
6614807795
10520516366
6777447580
1408100826
10316233263
11965480338
12010047682
12495251406
5303691440
6164594273
12299135988
5555026780
12882560126
6211945613
12124843690
3217497662
10421425204
7887610531
8115874794
10565706960
7597828858
14168783967
5231165301
12281512055
2160861711
7247361084
6294605801
4544424123
8596232068
3080425009
8784335244
5256523782
2935415784
13761364696
854122281
3100102001
660705312
1091502533
7238280363
6125223858
13914461896
7053958119
8313752843
11240462662
13206597087
5659465962
8607382932
2955782633
6855757509
13014332886
3309013511
1745340035
7738673575
78042401
7037267810
7821906822
2282470475
1603371447
489591387
3631540643
7570262677
13148999730
8524347399
10167929494
11612683774
4928462951
7434853138
12892133575
10795381690
459870554
5044622254
15450463760
7152011869
9952795045
13009749818
7409059076
898067152
807860313
1194550551
6275180021
10301674528
12612203694
4895304647
8341253845
15180388488
7890418109
4823569573
1925859685
14328269664
8446687705
4403082991
6572918537
5881825636
3071008860
12897793918
13143071565
2795283458
10710064605
8396027069
4556712866
2333454240
8205345749
9241715182
6535733081
6428296194
14702280827
7326338915
13362282954
6578538647
16036935886
271789348
7026630876
7512685042
6625099615
1372763661
5229159396
5219084035
7895166120
176601483
2528664639
234044294
2140366423
11128849484
8991849099
771742803
5801231056
7074307274
5850706022
14521262712
11221682282
7835339663
4561886349
3178918205
6868861503
1429657261
5286755223
12301454270
11751259742
6327217410
9239206429
7812716884
76545664
6106842510
14205749676
15098395325
15213572724
13623524015
11246647984
1158878189
5501296791
8047433691
2167436145
2134823356
14649863192
117869658
10946010579
37384026
2110161283
8920083915
5125359286
4213414164
16497157323
6170165037
4121777726
976959750
8749021173
11032902488
10661992397
7353498358
11816336219
7580075384
9104737840
7167513703
10998279683
5838420831
1971947927
11160201289
2234826008
8397523864
7728232454
7178281254
3839532703
3288076676
11633079660
10906402629
3267725927
3583896925
11793369123
10253831230
7136334532
10271206488
5443375808
3035060160
4805635506
1674081069
12379081626
8876976703
8642813750
1607054778
2223691565
12451210020
561703651
1736859240
510843001
7835260527
10615766239
15031237982
11209592318
1888961530
344020805
5082532780
11132212439
6280748857
2851514868
5222223055
9521574035
11923489378
11290738969
10114168155
12263484623
510180285
1720367531
308244395
654876867
1479567183
15699846976
3299964346
8133270935
65216942
11529187561
7007984287
9440045009
8333456060
4115598494
13572402362
14090307040
6548453405
4926601636
9302658624
521871785
7013759222
5525638106
12403451325
6697336107
5543169402
3878393564
13607873420
1564972891
9951655715
3116927866
10546945351
5920531622
7804484677
10976425874
463164389
3387762591
4895315518
8030805363
15108303354
16191352009
11332449855
13590209536
12975651613
15373880309
6132910029
7030877403
5818937960
6608502847
10679791200
6173208483
13050989531
11058885018
12379712920
16454025082
3784268453
13612932368
10717462074
13275490530
4477632917
12223631263
290842870
3135586238
5087035034
10847562213
1810799348
1629528631
4721363022
4584152563
173255073
7681542860
9729363077
8389115080
7508477693
4721096436
7993363455
2693265824
9182542700
1074271453
5016801735
1102151989
3489060776
900562408
14543933637
14847433275
17180128326
6530651721
1578916719
4230623295
8129714669
8782309811
11291515239
1382264549
7366654382
4443129593
13714876422
2613165999
15648062743
3563594710
15114146092
6176889741
14792827313
8303297501
3293655310
2540170991
1488074199
16236359279
801199785
7982599780
4380886380
8734579507
9729925576
6535579357
10188217045
10681334223
11889963918
1533721355
6048523719
625006543
5397724678
10631047837
8607750404
614521327
10773202893
935110873
13894739879
4790356969
13512708993
16150562828
11641279977
9425732073
870305377
3555004910
2835160217
3510892402
7623277092
7154674989
10452933813
9943601026
10747635886
15127000252
8452839065
3849238428
9285887957
15258418857
6049831171
11597940021
11951241539
12398873053
13147253659
15115479116
6944857330
8465440091
1117221306
13882032062
8914815001
2052579190
1582732275
7269965395
13651150756
9676803510
3096307552
430981807
17391441934
134167408
14565195624
2587275952
2236363570
3492481916
5534652539
8629625739
14131906207
2560259254
5790090138
6599971674
5187878921
1153124856
12167050678
6232108673
12356373470
2877328199
13301136850
8021577316
7684512605
1565273254
15898343508
7607851643
11422078994
184473564
17684998798
2221541222
16686138263
659477057
10125033275
2722141260
11514429936
14752723014
2182812837
679804544
15726964106
10344982339
7780020281
631640422
4235791098
14374366543
11765808955
11784057105
749866263
9442982765
6616472129
8125792206
12907860748
10391721987
7964439823
3806412649
2067036984
2536304896
9046761051
8898977770
15901803958
8575190715
4701725227
2587353617
1295920554
15032852955
9502453222
17893089529
27983574
9190501851
8326848770
11709046007
6318717809
6229453498
12391172817
110588280
17945011509
993538337
18072939020
5269906787
9386382909
2546929913
5013396192
17907563991
5671699754
17095049414
3820819784
7527955
10449006931
2781632648
2948263816
17065400046
3428182087
5524443076
356693376
8476645970
2678369553
112929991
9503383009
9605755101
4143111169
7934454879
17869746268
10804304058
17227539966
9492894105
426728189
9445263093
7045836321
2289636634
16020135083
3799340050
1321699445
10303391395
16253711674
2511761926
298424539
3025040999
13912221665
3206441102
4916477898
5980285111
2924121496
6675918072
10599412956
251808785
16436025571
321521779
9349572219
13647321399
998658034
15196312371
7866535223
7041661805
9724244267
11843339019
5580368842
5665390020
14045780137
10831900486
13197062965
2778567080
13271994251
638176532
9157452122
1186816071
23903634
13074236351
9352760512
8040411096
3208822815
9960907037
6913117820
2850946034
4104079651
2085880675
14994000312
529199891
3234863282
10079796062
11791199240
14241754509
4304816566
14804516445
2784649650
8331550097
15272945677
16616668854
593695448
4867353066
8222573410
1226682247
18108738019
4972395791
16304137169
10923787499
11309727634
11531779747
4225147519
5574431999
12238165467
10485389348
4957302623
6837575302
5937325687
17158322744
5237673555
13741784762
2327534711
8689386355
11373299881
14282278161
2692558524
707255007
12683725237
1548501443
9324851661
12176336332
2204369552
18364196556
3432913839
11563752758
10468271606
8395737788
6757494414
8938905846
13130784763
10024974592
17215088777
1208483399
9137772210
8833589228
12205204687
12019376589
10344442806
11172801582
9689404972
15692562075
9776991738
10753492758
10758932197
744639774
17083078861
11230719386
5369498285
16290317883
17892771940
8142152002
18992378783
9114203960
16079237798
2425919247
11592832382
9442248043
1403656252
12756480782
482794937
8608956761
7137043875
4284154188
9428477366
4202688857
1051598550
16083732984
13629098213
10918014158
8802570897
2402878427
3864805893
911878742
12990943836
12578853047
10856080801
2196244818
18273175133
2976174946
2291836596
17082047000
7326000558
9705430216
16486393460
124750619
5683568335
12899891213
14245724979
8796580352
8887802011
15546203117
10561369722
9938766407
277517092
10940258576
11191135865
6880579526
13229905307
3083385977
13299135119
8284634277
1027576804
12519688756
13623125082
14550383603
2074949825
19431317484
12307537648
1846875624
18296782751
15710084217
13368043030
3371289146
12604064382
5433694511
1088817704
9882906247
10289504175
14150593837
1481518573
3206819479
10645797847
10925506646
5772057876
11797590950
4669539294
8793997142
17002720387
3178497923
4815600689
14742070711
3247318720
15623461654
11659599672
12881690845
17802770428
11531390514
4677165309
17036433906
13068572523
4928578306
14910334113
13257614339
3212408968
6754015262
1181643403
14476525795
18863570270
15335010171
9940384493
9103064516
3878065983
3387947380
11174518718
11326252427
9434079445
1231002933
11463078564
2832344185
9748610237
4488202110
5054111582
10450126428
18178522429
16359259349
7822843460
10787282453
13379391490
2229610867
13240707424
11131204534
6120917745
18513762341
8649569932
16330572110
12751022073
13601878662
792899389
3115020111
9474107803
1485495533
19707332441
13953969441
9348942679
12205752254
14100707047
7036093501
6176410754
13748500996
4319498532
401991137
9082910991
12582086746
1922985459
2257577960
11007092928
1082249152
11311027868
5389538837
11270270943
10777245436
13205001763
14160754999
10863970597
109241277
20512278678
1249555780
10172492757
16436925472
10553735578
1965751394
12067038534
11363007904
1053356584
20107582907
18838382772
13585005728
11627434922
13141168776
17349175133
3244892154
16433138499
1078130085
5459932275
4124974625
9376978466
6126306039
15231457816
15202523197
13856360217
7772904355
1075191750
2374941867
14496677369
10626480203
2918510279
880259239
3444088423
14505140752
16217086371
10252483205
20150166889
6581116436
16270468599
10154345544
173098486
15078637608
14209215431
10106361277
1897659408
12649043519
4095948851
9332929895
5816164861
7813622486
12642722170
18449948740
5167313622
9460043117
11887314766
10385599345
1758851326
508092006
2810663220
8134048995
2367614395
8748792030
14095401051
195874421
3518503683
18934423066
12516045792
10997868079
6762106827
3325327054
12812010261
13986388513
8685757631
21181314532
12035986619
1569826639
2944530711
14357309886
10167904012
1097491081
11413307074
10181546931
1135091338
19187707109
14105439870
12806724837
15440295135
19153875920
7439811054
5279350195
3709210263
6895862686
13124488406
4980847844
10060986374
6879525135
13523957435
20608248544
19075849328
3843470788
14343022397
20062339605
8688863113
4514935763
14386224160
12290332604
21153915062
10911311322
11040167273
15033423385
8887343613
19652484211
1195730272
3244054160
9403219941
10623509036
7991493233
4669042025
7877072853
11684037689
11367686588
9728000920
5975014712
465277381
2497649137
18243485406
15414396596
513233348
4823440022
9971094716
2496257446
21017959520
21099364985
14361678646
3809125965
4009387826
1488810060
11068824893
1034170628
9304716878
6441893040
12648290598
17793316997
6131420239
15456878350
16411085573
7921701007
16850206495
19082373629
3423815047
9522557116
19837315774
6043283859
18068909310
15717179259
5486482254
10367136088
17973833528
12762191200
13072887483
4085333727
5604149770
12934643897
780128725
14495764613
17800185442
17706174929
12610408521
6164545127
1784746593
7938308551
16860161101
9154274649
9539684737
1886613158
4388975034
13541950445
12005482684
20954351095
4697809084
8627349421
9169789806
21131242883
17112041385
3038424922
21210624523
15579861227
8229878475
16340118175
945189435
6147871183
13086746020
17909955181
9431914598
2071864217
13027308753
9795246599
5021758424
9212502237
930389397
7661923983
21023153831
21412711410
13558000758
1158159499
1600838633
3704994944
4513724777
1786052044
10262889716
850924411
4384160621
11641378271
106260381
20811538854
20750680001
11242184988
9282637637
17930016472
11101279701
15090329481
3576996507
17030244891
555033354
13962987127
18026217154
