97
97
97
93
97
97
97
93
97
97
97
97
97
97
97
97
95
97
97
97
93
97
96
97
97
92
97
97
83
97
97
97
96
97
97
97
97
86
95
97
75
95
97
97
97
97
97
97
95
97
97
96
97
75
95
95
97
95
97
97
96
97
97
97
95
97
97
97
97
97
97
97
95
97
97
96
95
97
97
97
95
97
96
96
97
96
97
97
97
97
97
97
96
97
92
97
97
97
97
95
96
96
72
96
85
98
95
4
98
96
85
85
85
95
95
96
98
98
96
96
67
85
98
98
81
77
96
98
98
85
98
98
98
72
95
91
85
98
98
98
85
96
96
98
98
98
98
98
89
98
72
98
98
72
98
96
98
4
68
98
96
85
96
98
85
98
98
81
98
72
72
96
85
94
72
98
98
96
72
98
98
96
55
98
98
96
98
98
89
98
98
55
98
98
96
85
96
96
85
98
99
99
99
99
40
95
99
98
95
99
99
99
99
99
99
99
95
54
99
99
1
99
99
99
52
99
99
71
76
95
99
99
99
99
95
98
99
98
99
99
99
99
99
99
99
99
99
70
99
99
99
99
99
99
99
99
99
98
98
99
56
70
56
99
99
99
95
99
99
99
95
95
99
99
99
99
56
69
99
99
99
95
99
95
99
99
99
99
69
99
69
99
99
76
99
69
99
99
99
99
99
99
57
99
99
96
96
99
87
96
88
99
99
96
94
48
96
97
96
96
69
89
94
99
99
97
54
42
99
99
92
97
94
96
96
99
96
69
99
99
99
54
99
94
94
96
99
99
94
99
97
99
60
96
89
97
96
89
60
97
69
94
94
92
92
96
57
99
96
57
94
94
97
99
92
92
92
99
92
94
94
99
94
96
69
92
99
74
99
96
94
99
99
96
99
97
99
92
99
99
89
89
98
99
92
79
89
57
96
99
98
98
99
95
99
96
99
98
99
99
92
98
96
96
99
98
98
44
98
98
89
84
98
99
86
98
98
71
98
99
98
98
89
99
72
99
96
98
98
99
86
98
98
98
98
99
98
89
96
59
99
98
99
98
86
91
99
98
96
99
89
98
99
98
98
98
92
99
96
98
88
98
99
98
98
98
79
89
98
99
98
35
99
98
96
99
98
98
95
96
99
87
97
99
99
99
97
99
99
99
99
99
99
97
99
99
99
97
97
55
99
99
8
97
90
78
96
99
99
99
97
99
97
99
97
97
99
99
90
89
99
99
99
96
99
99
97
99
99
97
97
97
55
99
46
99
97
99
97
97
99
99
97
99
38
97
97
99
97
99
99
62
97
97
97
97
96
72
97
99
97
97
97
96
96
99
97
99
99
36
99
99
6
97
97
97
97
97
97
97
95
77
97
89
98
95
97
95
98
90
82
97
49
97
32
95
97
95
98
96
90
90
96
49
96
90
86
97
95
74
96
95
96
49
97
49
97
95
96
96
97
96
97
90
90
95
97
98
90
47
97
85
90
96
77
96
86
95
77
96
97
95
82
96
74
96
90
90
98
95
96
85
82
74
90
77
74
98
96
86
96
82
82
90
85
90
39
95
90
96
98
77
90
90
95
95
96
98
96
96
95
99
95
99
99
91
91
99
99
95
99
93
52
99
99
92
92
93
99
99
99
93
99
99
99
95
66
99
99
99
95
85
99
99
95
99
99
99
93
99
86
92
99
85
99
95
99
99
95
95
93
99
99
99
99
99
99
81
99
99
99
64
95
99
93
93
99
99
99
95
93
99
93
99
95
95
99
99
99
92
99
99
85
99
85
95
83
95
99
93
99
85
81
18
91
99
99
99
90
95
94
86
85
85
91
91
89
91
86
85
91
94
91
94
80
95
94
91
86
89
89
91
91
94
85
91
85
91
95
89
94
91
91
91
94
95
85
94
94
94
94
89
91
91
86
89
95
89
91
94
85
85
94
94
94
91
94
94
75
86
85
94
91
86
86
89
89
94
94
94
89
64
91
94
91
95
91
89
85
94
91
91
89
85
91
94
94
86
91
91
91
91
94
75
94
89
94
91
86
94
92
93
93
98
93
98
97
92
92
98
84
98
93
92
92
93
98
98
98
98
98
98
93
93
93
97
97
98
98
97
92
93
98
98
98
98
98
93
84
98
98
98
93
93
98
46
98
98
98
84
93
84
98
93
66
98
40
98
98
93
95
60
98
98
95
98
92
98
97
92
98
97
51
95
98
98
84
48
98
98
98
93
97
66
97
93
92
84
98
71
98
98
93
98
98
98
92
98
51
98
97
84
98
98
98
98
98
98
97
98
93
98
67
98
96
98
98
98
97
97
98
98
98
98
61
98
98
98
98
98
98
98
93
98
98
98
84
90
96
98
98
98
97
98
98
96
97
97
98
98
97
98
98
93
98
97
98
80
98
97
98
98
97
28
65
98
96
98
98
97
98
96
98
96
97
98
98
98
98
97
98
98
98
98
96
98
97
97
97
96
98
98
97
98
98
98
98
98
97
97
99
96
87
99
99
99
99
99
89
94
73
87
94
94
96
96
94
99
99
94
89
94
89
99
99
96
81
81
87
99
94
94
96
71
96
96
99
94
94
96
99
96
99
94
89
99
78
96
89
99
94
94
89
94
96
94
99
99
99
96
96
89
96
89
96
94
71
94
99
99
25
96
99
94
94
96
99
87
99
94
99
99
96
94
87
96
89
99
89
94
99
94
87
96
81
96
99
99
99
94
97
94
92
97
97
11
97
89
97
97
93
89
97
97
88
97
92
92
97
84
97
84
91
88
94
97
97
88
94
97
97
97
97
94
97
97
97
89
97
97
97
84
92
97
86
97
93
97
84
97
92
97
91
97
41
94
94
97
84
97
97
47
97
84
92
92
89
97
92
97
93
84
93
84
11
97
92
97
84
97
92
97
89
97
97
97
89
97
94
89
97
89
97
94
97
97
94
97
93
84
95
98
96
98
96
98
98
98
96
69
98
57
98
98
96
98
98
98
98
96
96
96
95
98
95
98
98
90
91
98
98
91
98
96
95
95
98
98
95
95
98
98
96
98
91
98
98
95
69
98
98
96
96
96
96
98
98
95
98
98
98
98
98
98
91
98
98
98
98
96
69
96
98
98
98
95
77
98
96
96
91
95
96
96
98
95
98
98
96
98
98
98
95
96
98
98
96
95
96
98
97
79
97
96
99
73
97
88
96
91
96
99
91
91
97
96
91
79
91
91
89
96
96
96
99
91
96
96
96
97
99
99
99
96
88
96
96
91
96
97
99
96
91
96
87
96
96
96
88
96
91
97
94
96
99
89
96
99
96
99
96
94
99
96
91
94
89
96
96
97
96
99
94
87
96
96
97
99
96
96
97
96
96
96
89
96
97
97
99
96
97
96
99
99
99
15
42
96
99
94
99
99
99
98
87
97
99
98
87
99
99
98
99
99
99
99
99
99
99
99
87
99
87
97
99
62
69
98
99
99
99
99
99
98
99
98
99
99
99
98
99
98
99
87
98
99
49
98
99
99
87
44
99
98
87
87
98
99
99
99
87
87
98
85
99
99
96
87
94
98
87
99
99
99
98
99
99
99
99
99
98
99
99
99
52
98
94
99
99
97
99
99
99
98
87
99
99
99
99
94
98
82
97
98
89
26
98
95
63
98
98
98
98
98
82
98
98
98
98
98
97
98
98
98
59
98
97
98
0
98
68
98
97
98
98
98
97
98
98
97
98
68
30
97
97
97
97
91
98
97
97
91
98
98
98
97
82
98
98
98
11
98
98
98
94
68
91
98
98
98
98
98
97
98
91
98
98
98
98
91
97
97
98
55
98
82
98
98
97
98
98
98
98
98
91
98
97
98
98
98
99
99
99
99
99
93
97
94
99
97
99
94
86
44
99
99
97
99
94
97
99
89
99
99
97
99
99
99
94
89
97
94
97
81
84
99
89
99
93
99
97
99
94
99
99
94
89
99
89
99
99
94
32
94
94
97
94
99
99
94
94
99
99
99
94
99
99
99
97
99
89
94
99
84
94
94
99
99
94
99
94
79
99
94
89
84
99
93
89
89
99
94
99
99
99
99
89
99
97
94
97
97
97
31
99
97
99
99
76
99
92
79
99
99
99
97
93
99
99
97
99
97
97
99
99
97
97
97
92
17
99
99
99
71
97
97
97
99
99
90
99
99
97
97
99
97
97
99
99
99
97
97
99
97
99
99
99
97
99
97
97
97
99
97
99
97
97
97
97
56
99
97
99
97
97
97
80
99
92
97
97
97
97
97
99
99
97
97
99
99
99
99
99
97
99
99
99
97
99
97
88
96
97
98
98
98
97
88
88
94
96
97
88
96
98
98
97
88
96
62
96
74
78
84
97
96
96
98
96
97
88
92
62
98
98
88
92
96
92
98
88
74
97
41
96
98
88
96
88
98
98
88
96
96
99
97
96
51
76
96
96
97
97
96
88
98
98
96
74
88
96
92
96
96
88
98
88
88
98
98
98
97
92
7
88
98
98
96
92
97
88
97
92
97
97
96
98
96
97
75
99
19
99
87
99
82
95
89
99
99
99
82
99
95
99
99
99
99
99
99
89
99
78
99
87
74
82
89
99
99
99
87
99
99
99
58
95
99
99
99
45
99
58
99
67
99
99
99
99
99
95
99
87
99
95
99
89
99
99
99
49
99
99
99
89
99
99
82
99
99
99
87
99
99
89
95
89
99
58
99
95
99
99
99
99
89
99
99
95
89
89
99
99
47
95
82
87
99
99
99
72
97
97
94
97
97
94
97
81
97
97
97
97
89
94
88
94
94
94
97
97
89
97
81
97
94
71
88
97
97
89
97
94
42
89
81
97
97
51
94
94
94
94
81
81
97
97
97
97
96
89
97
94
94
94
94
94
97
73
94
94
97
97
97
97
94
89
94
97
94
97
89
94
94
97
97
94
97
97
97
94
29
97
89
81
81
96
97
81
73
73
89
94
97
97
97
97
96
81
97
99
99
99
99
99
92
99
99
99
92
99
99
92
99
99
99
99
99
90
99
99
99
99
92
99
62
99
99
92
92
99
99
55
99
99
99
99
99
56
56
92
56
99
83
99
99
99
99
99
99
99
99
92
84
99
99
99
99
92
84
99
92
99
99
99
99
99
99
99
99
92
99
92
99
99
92
92
99
92
99
92
91
99
91
99
99
92
99
92
99
91
99
99
99
99
74
99
99
99
99
98
98
98
98
98
91
98
85
91
98
98
82
82
98
98
82
91
98
91
98
98
98
98
98
98
98
91
91
98
98
98
98
98
98
98
62
82
82
98
98
98
98
98
98
85
98
98
98
98
98
91
98
98
98
98
98
91
84
98
59
98
82
85
98
91
91
98
91
82
98
98
98
98
98
98
98
98
68
98
27
98
85
98
98
93
91
40
89
98
98
98
93
27
93
98
98
98
91
98
98
98
98
98
98
48
98
88
98
88
88
98
88
88
64
88
98
98
98
98
98
98
98
98
98
98
98
98
98
98
82
98
98
98
98
13
82
98
98
98
98
98
98
98
98
98
88
98
88
98
83
98
98
98
98
98
98
98
82
98
98
98
98
98
98
98
98
83
77
98
88
98
88
98
98
88
98
44
88
98
98
98
98
98
98
88
98
98
98
98
98
98
98
98
98
98
98
88
98
98
82
98
97
94
98
98
98
84
97
94
81
81
42
98
44
96
98
94
98
70
71
94
98
98
98
98
85
97
98
98
98
94
98
98
97
73
98
94
44
60
94
91
98
97
97
98
98
94
98
98
98
98
98
94
98
98
94
98
84
98
98
94
98
98
98
97
98
98
98
98
60
98
98
98
96
98
98
97
98
98
4
98
98
98
94
98
98
98
81
98
98
98
94
96
94
98
98
98
97
97
98
96
98
96
78
98
99
80
98
95
96
95
98
96
96
95
99
99
96
96
96
96
98
99
93
95
99
80
99
99
89
96
98
80
96
95
96
99
99
99
89
98
87
99
99
99
95
96
98
99
98
99
96
98
87
98
96
93
96
96
95
96
93
96
99
96
98
95
98
99
98
95
98
95
96
98
99
96
95
99
98
99
95
89
96
69
96
96
98
98
99
98
98
48
99
95
98
99
98
98
96
99
97
99
97
91
99
99
99
91
99
99
97
99
99
99
99
99
92
99
99
99
99
99
94
99
99
95
99
99
60
99
95
99
99
99
99
99
99
95
95
99
97
94
94
99
99
97
99
97
99
99
95
99
97
14
99
99
94
99
99
99
99
95
95
99
99
97
94
99
95
99
99
99
99
94
97
93
99
99
63
99
95
94
99
99
97
99
97
97
94
99
99
97
99
99
99
99
99
95
95
84
96
82
69
96
97
96
97
97
96
47
97
96
91
91
88
91
91
91
77
97
96
96
96
97
91
96
91
96
0
91
96
96
96
91
97
91
91
77
96
97
91
77
91
66
91
91
68
91
97
97
96
97
91
91
88
84
91
69
69
91
91
91
96
96
91
97
91
91
97
91
91
96
69
88
91
88
96
96
91
96
96
91
97
85
96
84
91
84
91
91
97
84
91
84
91
96
85
96
69
98
81
98
85
86
98
98
96
96
98
96
98
98
96
98
98
98
98
98
74
98
73
96
77
96
98
98
98
76
98
98
98
98
98
98
96
98
98
98
98
95
98
98
98
98
98
86
98
98
86
98
98
98
95
96
86
98
98
59
98
98
98
86
98
95
98
98
77
81
98
85
96
77
98
86
81
98
98
23
98
96
89
86
98
86
96
98
98
77
98
98
85
98
98
98
73
96
98
98
96
