60
1
42
78
1
98
43
31
1
0
17
1
0
1
63
1
0
1
1
1
42
16
1
37
1
1
40
1
1
0
41
7
1
1
82
249
55
40
20
0
61
1
9
0
1
1
19
600
51
1
1
18
1
1
1
223
138
29
0
1
66
1
92
1
56
1
1
1
0
124
19
195
31
49
1
1689
1
1
49
21
18
61
0
26
1
1
1
40
42
1
35
1747
6
54
1
58
0
39
1
1
1
38
1
0
46
0
185
0
90
30
1
1
14
55
1
41
1
1
1
20
1
1
80
1
1
1
1
25
0
136
15
1
211
53
1
38
1
172
1
0
0
36
1
37
63
0
1
1
96
65
0
13
1
1
54
0
1
327
1
1
1
1
1
1
197
9
40
1
355
1
1
13
16
211
613
88
42
63
1
0
0
1
126
29
0
57
1
1
1
0
1
57
0
0
36
160
1
1
1
23
1
22
41
154
1
32
0
1
83
0
1
48
24
77
1
312
62
1
39
56
45
1
1
41
1
1881
51
33
1
1
63
1
1
21
34
71
1
0
1
49
1
127
0
39
1
91
725
59
52
0
1
59
59
48
1
28
1
25
1
56
63
1
99
426
0
1
52
47
35
1
1
1
1
542
1
1
1
160
1
0
78
1
45
24
1
1
1
1
1
286
101
23
1
44
43
1
23
0
86
1
1
1
52
53
1
21
1
0
1
0
1
40
28
1
0
18
1
54
46
2088
79
101
59
1
1
1
1
118
1
48
581
1
73
1
1
57
1
40
31
178
1
1
0
1
90
24
0
183
1
49
36
1
23
18
81
42
1
107
35
128
1
1
30
31
74
38
22
1
22
1
153
48
1
57
64
60
1
0
1
82
0
1
257
1
1
62
587
1
34
1
1
1
1
1
34
12
37
91
106
1
58
1
1
37
0
16
7
223
38
124
1
1
44
87
0
46
85
93
118
30
28
1
49
1
83
1
230
157
13
1
14
81
9
32
1
1
142
1
1
109
0
40
1
28
140
171
1
19
1
101
1
1
0
40
1
0
0
259
1
1
102
32
1
54
20
35
24
63
36
1
1
0
28
25
1
2222
1
31
160
1
90
40
1
1
1
1
22
40
355
1
1
0
37
1
71
38
40
75
1
1
0
1
1
1
1
1
10
1
89
29
1
110
1
29
17
64
62
1
1
1
61
1
1
1
1
1
181
35
1
1
1
53
33
42
24
0
0
1
39
1
57
32
1
1
139
22
154
51
1
84
60
18
1
0
86
204
1
116
799
41
1
1
1
1
30
1
42
88
1
135
59
1
211
71
83
55
0
1
150
37
84
37
499
184
1
28
22
41
52
16
1
0
1
1
1
1
0
92
1
2092
1
1
24
1
50
90
1
61
1
1
1
1
1
337
2964
1
1
70
1
54
1
1
0
1
88
383
1
1
22
0
82
854
32
51
1
1
1
33
1
1
1
132
51
605
15
1
19
1
161
0
48
960
148
740
0
53
37
1
39
1057
105
1
73
1
250
93
240
48
132
59
1
27
33
0
49
46
1
56
151
57
567
1
1
255
1
138
1
0
100
0
140
107
100
1
1
379
79
23
1
51
1
214
1
38
1
50
0
1
47
1
86
67
0
1
1
1
57
810
29
45
1
43
57
28
1
40
1
1
40
48
1
54
0
1
1
1
49
41
1
56
1
1
1
50
1
1
1
71
0
11
1
98
1
378
20
1
64
46
0
0
1
0
42
1
43
54
1
27
58
47
1
108
38
88
1
59
1
629
1
1
1
549
1
37
51
1
35
0
44
1
48
57
138
81
1
0
1
388
56
1
1
66
126
55
161
335
0
20
1
34
1
1
0
0
1
1
0
1
47
0
577
1
54
155
295
52
1
145
61
1
0
0
52
1
1
1
54
0
1
111
1
1
57
54
44
49
1
26
1
56
1
56
45
1
1
1
1
20
1
0
61
56
16
102
1
49
1
145
1
6
107
82
0
15
54
0
1
55
1
1
30
0
1
28
35
1
44
0
1
54
34
1
0
61
37
158
174
1
1
114
1
1
38
1
1
189
30
69
1
0
1
1
1
102
1
631
33
1
1
92
68
26
1
0
1
1
1
49
743
43
1
120
138
646
504
1
1
129
1
1
1
52
1
1
81
57
78
23
1
42
54
1
1
1
46
1
177
1
1
1
1
40
1
236
1
545
1
1
20
1
0
1
0
1
44
1
1
45
51
55
1
43
1
26
1
1
1
0
1
39
1
33
1
247
1
1
1
34
1
1
48
438
1
0
1
61
1
1
1
1
416
1
1
1
43
184
41
397
1
1
44
1
264
1
45
57
29
674
98
1
176
1
47
15
1
51
40
104
1
0
972
55
1
50
55
246
88
1
54
740
1
99
1
1
239
102
1
31
0
28
1
34
28
89
0
1
1
21
55
1
207
1
31
1
1
14
50
0
1
33
553
29
741
1
49
0
8
1
40
21
1
1
0
1
1
30
131
50
1
238
40
25
1
0
1
1
1
61
0
1
65
159
27
372
69
24
39
1
0
43
104
1
19
0
25
36
31
1
75
1
36
32
1
18
1
77
28
47
27
1
22
0
91
1
1
0
42
1
1
22
1
1
269
1
1
1
1
0
0
1
82
33
26
1
69
36
30
1
22
1
1
1
40
18
1
0
96
20
35
59
29
353
39
0
0
29
1
1
32
0
21
27
0
63
44
38
437
44
0
1
1
1
1
76
1
1
45
33
139
39
0
67
408
14
24
38
93
44
1
34
49
1
1
49
70
1
32
36
51
1
1
1
9
1
25
41
0
1
85
670
278
31
54
48
65
0
1
0
1
38
43
34
224
33
1
51
24
1
0
1
600
1
42
1
1
67
41
22
673
1
29
83
24
1
31
1
1
1
1
1
1
33
30
1
1
1
911
0
1
36
60
1
23
1
91
1
1
1
1
47
1
0
0
58
50
34
23
190
36
21
1
1
23
0
1
36
1
141
27
1
1
35
1
46
40
1
25
1
54
1
27
1
1
1
1
26
146
1
1
1
1
37
1
40
40
1
1
18
1
34
1
41
36
33
1
1
63
1
1
273
38
21
1
28
15
1208
200
10
1
77
0
23
48
27
1
1
1
50
216
1
1
23
126
30
27
1
47
0
1
13
1
101
59
1
1
28
1
1
0
83
1
1
0
63
1
92
1
55
1
99
1
145
1
308
25
1
1
72
0
1
17
1
234
1
1
1
159
1
174
1
1
22
1
1
1
1
0
22
18
71
1
59
1
38
1
78
41
1
58
25
17
1
1
0
524
37
21
1
1
1
22
1
0
31
1
1
14
1
10
509
41
73
30
1
1
0
1
6
1
0
1
45
1
131
102
19
81
41
44
1
238
26
0
1
115
1
37
1
1
1
1
0
182
71
677
59
22
46
1
1
1
1
1
24
25
73
1
1
1
0
14
100
1
1
42
0
1
22
1
18
1
1
0
44
168
1
17
1
1
119
10
0
48
138
22
1
1
52
78
1
40
0
1
1
1
56
1
1
0
12
0
115
39
96
32
22
1
1
40
1
1
33
1
1
1
544
1
1
0
1
16
1
1
1
1
156
34
1
53
42
30
1
37
1
84
12
1
0
1
40
1
22
1
0
48
1
1
0
296
352
74
1
13
30
1
1
1
27
15
0
32
53
42
41
12
1
620
1
0
1
1
16
10
257
1
0
1
1
1
43
24
1
1
187
33
51
1
1
1
1
227
1
42
35
0
34
156
93
1
16
53
66
52
337
0
58
0
1
25
31
1079
1
1
35
145
67
1
1
1
1
1
121
221
1
113
1
1
1
1
59
1
