512
3601
1153
1103
327
32
500
3335
1842
152
2829
2161
2967
720
2041
653
737
929
301
614
1974
1247
1112
3115
372
1888
3029
1088
897
246
40
583
97
2656
261
1781
1216
5
1750
1963
1413
589
269
186
815
32
1664
243
348
1686
1616
1775
1462
524
679
479
2240
495
1552
1030
586
270
463
2282
222
1491
2911
514
60
80
3671
1467
538
1137
1073
48
138
1139
2925
2040
2290
1328
756
176
858
110
51
228
980
1290
1933
1582
351
3046
848
3257
1407
2241
166
2942
1965
1775
1278
37
539
287
22
229
2237
39
20
558
1776
2459
1236
391
2810
975
1299
696
1227
199
805
3113
1282
242
366
1468
1694
697
619
1645
1579
177
951
1514
627
1993
148
813
341
2981
132
2301
3356
964
1200
79
115
2542
637
2670
431
1326
2667
1960
1834
3186
2343
216
1686
2539
835
1253
493
1608
1754
1635
365
1039
2449
1720
279
55
832
1780
2591
748
534
1058
162
2858
508
294
2105
1050
248
2009
593
306
859
143
2408
1179
1886
17
4
186
198
3005
2459
1590
824
1870
2738
1271
378
125
3071
345
1628
671
361
3404
959
1760
403
151
26
829
31
772
118
2068
1837
513
597
1345
417
583
3301
524
3149
1811
506
557
1176
3467
1239
418
221
2166
3890
3533
333
616
270
164
2654
1626
477
205
1
2500
1315
2246
2749
1129
535
363
240
20
2085
202
2732
1224
877
9
749
2512
585
1641
1430
88
1534
7
104
1215
103
20
434
750
304
1727
768
2931
1589
253
216
1628
328
698
148
24
434
1672
617
825
24
34
2968
2246
8
1370
236
1606
1044
2110
227
407
1216
200
257
8
168
2956
1204
1625
579
796
347
1552
1106
50
653
1970
65
536
1979
344
505
1305
2052
1815
2592
382
13
76
1090
245
105
1933
280
36
360
5
2951
791
34
2001
207
3191
256
1666
2572
59
1995
528
2679
331
2895
184
494
254
1397
1640
1894
1586
116
146
868
1573
1771
246
1341
1016
2165
641
1030
2551
928
665
523
88
1370
95
2143
83
355
448
1361
3199
1363
447
1474
349
562
2326
1573
2112
680
2028
2409
1223
879
421
1299
499
1922
1066
2025
1809
3717
1409
1544
795
885
2868
167
2052
2761
418
549
40
665
1319
2160
30
1309
1926
232
1752
167
1284
144
3335
1258
749
426
309
797
1508
3524
3154
39
245
2927
768
1809
2148
134
1419
351
952
213
224
211
2031
2776
1785
324
3862
294
669
1148
243
591
372
2259
9
644
2025
105
147
3395
890
335
2338
2274
1263
229
1421
336
1391
360
226
1060
715
165
2
503
227
59
853
601
141
18
1007
222
288
82
2177
588
1207
185
604
3572
1960
2569
1371
344
1552
956
1299
444
1639
1397
60
1054
1031
697
1945
1514
2082
799
2191
893
2259
879
370
1447
754
2350
1328
1179
1310
1100
1466
792
13
1730
296
295
197
736
756
408
583
580
1075
2202
12
1943
474
1106
546
2054
1284
207
110
3309
236
135
562
945
27
649
58
1870
1151
349
304
2221
1387
368
2176
1764
725
2497
175
1463
1173
1637
329
992
1575
432
2017
1091
1835
2132
230
2038
583
331
1224
914
1926
1759
107
947
741
3097
695
966
1073
147
2881
1543
1572
952
202
1831
1849
1412
425
1519
1556
346
1880
531
104
1405
172
121
384
808
1385
659
765
2359
999
61
1117
1335
1248
623
516
2628
90
47
538
3380
1944
216
1407
1266
301
695
40
553
1532
678
1298
1046
1456
1925
832
618
374
1313
522
1643
817
963
1148
1843
63
934
1311
1119
1653
668
2579
10
306
552
1389
2265
875
1431
43
977
287
356
460
2731
1534
583
1922
93
679
693
2529
390
2988
659
6
2078
818
61
3416
1298
188
3097
401
1549
252
2207
4
293
1441
44
726
19
1827
3240
291
92
191
8
191
341
2178
3084
407
3792
351
455
35
694
654
3073
255
82
1202
3383
395
2518
510
2972
654
3533
2442
234
1020
913
2371
386
1271
39
367
872
3494
1287
1460
94
422
1394
14
1839
1028
2497
37
384
234
3097
1655
883
822
179
1446
3016
93
2194
1027
3305
62
24
3351
24
2410
2471
1962
710
3009
1626
1096
293
1332
2869
2872
276
2384
459
963
377
2962
2410
102
2124
130
435
454
346
570
379
2455
887
1159
819
838
14
592
1374
1975
1094
1040
1710
888
402
1260
1095
1877
1490
1542
915
349
2376
2280
1361
3009
1685
242
2905
1348
580
2281
239
849
2277
640
2274
77
961
4
2568
272
141
1420
868
2526
2136
502
594
778
481
11
317
2195
7
30
1407
154
1213
17
1452
272
184
312
1505
438
492
2625
1458
1412
1511
833
1814
556
1455
1073
2706
10
295
825
384
1008
202
67
659
3107
776
202
2280
1530
737
281
661
1666
1344
307
967
951
832
898
2408
1393
2361
155
696
3421
659
1325
188
243
841
596
2560
976
3898
3670
2332
118
392
95
1628
850
1834
1504
175
608
327
2215
1821
542
248
2141
3314
1788
320
864
527
1188
1959
1422
1159
2575
2009
1175
1493
313
343
1009
1214
260
2097
3164
27
1308
1107
2227
1581
1562
2944
570
478
361
3215
29
967
288
266
587
1271
1309
654
946
422
561
1076
299
441
1584
298
1588
2813
395
192
1914
138
350
2215
125
702
3102
2
44
1985
305
5
181
267
307
1915
1398
2538
59
25
1313
1023
370
1153
889
629
125
1122
711
3825
1356
1401
349
8
1153
3174
352
14
736
1043
156
255
342
2062
631
1774
122
1257
1651
672
240
1108
1106
166
274
756
94
1838
2019
233
930
616
144
820
1055
2170
444
2022
5
615
673
50
2024
2173
84
1728
411
895
229
1313
1758
129
18
972
2593
697
748
550
1032
233
135
2354
1459
582
37
651
3492
521
2227
1124
2799
719
362
511
538
2451
358
2206
3028
355
1347
2321
230
709
112
2507
2294
1575
2028
365
411
2318
662
552
2213
1501
1774
987
379
171
2085
112
687
681
1907
530
540
18
564
1227
581
1534
774
15
3356
1795
2115
1203
2920
3593
638
988
2017
806
485
3778
1463
2076
931
260
52
510
1542
1534
178
2108
1648
1158
1086
2050
738
1019
2114
1746
860
727
762
1496
109
1721
159
2212
1819
688
2483
567
2825
255
1260
1
401
151
1996
722
473
72
1251
2286
3752
554
1181
768
1690
455
1403
578
592
1345
836
2213
682
441
1671
177
1367
58
2811
743
882
2467
1436
297
1713
1391
24
3039
1284
665
218
1385
2085
2151
1728
172
656
1650
126
92
2847
2719
789
187
1540
1857
475
330
845
428
3078
2811
436
263
912
365
293
340
759
475
2554
581
377
464
939
950
466
760
1293
117
1698
285
1535
2234
616
1094
572
218
889
1
1819
344
3310
1980
1611
3415
1792
2865
1562
1570
1397
371
914
2017
3390
46
197
10
1644
50
398
1408
698
2957
106
499
1663
444
1098
1818
3573
1688
2625
1752
2000
76
782
1734
3819
54
1176
173
1934
154
837
1164
444
1303
1333
2
137
482
614
2164
303
2496
860
1726
279
422
3399
465
555
3164
3033
1904
2199
1735
87
1286
127
2060
525
1405
3578
957
687
2246
73
1931
1696
423
1054
253
715
1723
161
617
1724
1135
431
757
180
3681
73
1882
3601
382
50
2131
3587
856
775
1719
2662
658
32
47
1748
201
1856
644
2456
938
262
3064
2433
16
657
63
1795
57
1753
1739
1999
3085
1687
20
823
1374
46
1568
22
1453
679
63
73
235
358
31
1128
39
621
913
2903
2265
2161
1
2492
220
2202
830
952
207
2695
36
176
581
1840
1817
1003
494
3289
753
915
958
1069
954
215
3650
1206
808
1797
912
399
343
151
803
341
1465
544
1363
1484
919
2797
662
412
701
1528
439
2453
642
1
1220
1934
347
991
2518
1506
637
2484
1976
1058
301
2928
573
789
1282
128
86
2754
2517
483
1252
147
343
776
431
389
837
85
462
250
121
127
430
852
2454
1150
1932
738
1123
2547
1975
1140
3704
58
356
345
1494
268
121
1518
1934
2254
1650
889
418
292
2389
1091
739
3441
2725
1341
428
932
1142
15
614
788
139
2436
1989
2941
226
1663
264
357
1505
1921
164
1616
1657
677
856
54
1659
304
1292
1216
2389
70
3741
1765
1717
731
1789
1183
446
967
1612
1632
2385
717
2091
50
57
1504
3146
1871
607
42
2276
680
744
410
1035
390
824
26
378
1245
245
1392
11
530
876
681
1925
654
159
59
2084
88
358
1880
1530
2504
281
144
13
2253
1120
865
3638
763
268
601
2088
1110
596
1360
1878
1479
3116
634
2471
122
3565
911
679
133
1082
1910
851
800
1140
1514
1347
1047
1165
1567
3001
755
2273
483
1020
2071
1297
1140
512
1258
1002
90
3512
28
2327
2670
3074
1305
594
790
433
1799
3147
2976
2380
254
2116
513
34
1078
1292
743
15
2326
502
668
586
1666
2419
215
1347
567
1266
1603
268
361
2952
606
1752
60
2234
1371
1832
317
1322
115
2344
2573
215
2386
2407
1514
129
1093
3472
608
1143
1076
357
1306
94
712
131
366
46
2196
2445
1393
509
2557
103
856
403
767
1479
1110
286
937
3170
1329
228
763
1775
687
1860
930
73
20
1209
1031
1066
3151
254
561
383
1510
1081
918
159
120
329
218
84
52
726
581
1264
130
632
683
1848
722
1620
2453
2242
204
411
1685
420
2512
161
1722
303
415
362
1645
208
1549
2448
481
718
1902
92
2363
1738
275
481
1136
811
310
369
386
102
1995
2863
724
789
847
29
555
1346
956
336
2932
1077
2453
622
41
1305
1396
364
644
828
2552
1505
22
1048
3059
1459
3428
3532
2416
21
2748
171
8
1052
443
878
316
891
2454
805
346
1425
3400
1398
1005
581
926
2528
1205
325
583
1755
14
3141
347
2560
2522
531
936
2438
1226
459
1847
2363
270
508
549
1691
240
836
1358
475
1537
845
110
1678
1460
1863
2991
684
2046
40
477
228
2032
990
144
2387
5
2056
2531
242
2222
2249
65
1232
2529
2632
1026
646
752
214
3022
146
278
2657
2513
667
2910
1538
759
139
93
334
3074
1555
974
36
11
1184
1870
130
2872
2215
404
74
1646
1282
466
1948
1222
1173
619
3428
99
503
1551
1346
2006
3425
380
1095
608
1618
864
50
98
3617
1369
193
74
1591
1064
255
1917
535
73
108
1208
2053
893
693
2191
3577
2458
2962
258
842
1063
1879
52
1944
2558
831
335
423
1849
167
4
603
82
676
724
2309
2059
557
98
626
438
1324
1681
2645
25
2251
3010
960
223
54
1065
1888
1043
2145
240
317
184
3260
2705
2191
403
2694
610
1934
1845
1685
2040
2218
1261
1153
359
917
2779
164
152
113
760
31
746
643
1246
574
2034
632
3115
1306
2275
2181
2137
420
202
907
1023
2783
266
688
1078
1951
2870
329
262
2652
738
115
3355
2974
867
111
1074
431
1074
3000
409
2684
1035
612
2672
1458
471
1082
277
2655
758
635
1746
524
1534
1090
1244
877
1184
2128
432
460
866
95
491
1562
44
1615
1841
766
2693
1048
2337
2007
279
176
1247
1802
1081
95
618
1045
250
185
2893
3058
976
1482
2983
63
2085
460
1350
505
1002
596
1100
376
371
116
1019
319
3650
349
24
3573
1122
47
1907
1301
545
1614
180
2431
2590
1
3358
1433
1409
1119
335
255
296
2705
94
382
1430
661
1587
1436
2308
944
3428
1366
144
962
1316
3326
436
266
2515
151
2094
432
431
103
1363
556
1854
1517
16
1134
847
793
758
1882
1444
299
1164
119
1550
309
849
1419
485
253
954
211
737
2720
2769
849
1179
2468
1532
524
88
3459
533
20
106
1386
112
3275
677
725
1372
1170
471
1565
2078
29
82
129
2135
1207
423
217
1831
972
2484
1347
1435
3350
1695
927
166
1426
2379
46
722
138
483
1881
2515
532
1402
2858
655
698
2028
123
1610
2321
624
3027
1371
1726
719
1910
1253
930
573
933
3255
423
2147
273
665
717
18
576
766
949
318
3704
223
1512
960
400
1917
2284
10
2014
1635
289
46
1276
274
459
163
1827
76
1091
220
117
1532
2823
558
2788
783
1896
38
773
1976
169
2753
1052
663
966
2920
1523
244
470
627
418
31
421
208
1234
161
106
1053
21
1601
1461
40
78
610
167
6
703
1417
1600
289
51
3164
2596
3306
1814
1962
673
3438
2853
1374
172
1522
441
2260
447
50
112
2533
116
751
1183
796
769
1317
8
55
2611
2833
1219
38
863
2303
146
772
2513
658
2464
1090
119
3020
436
1700
2169
1315
2727
2233
1151
72
2248
309
359
636
2297
2848
532
1973
187
523
3627
355
1136
1451
1153
2952
97
2441
66
1405
627
3369
800
2471
1403
974
2185
2464
3566
1650
1416
280
727
3147
384
2018
739
528
777
560
662
678
4
2478
47
890
31
2421
104
1184
1121
1625
533
1237
2777
686
2620
1199
1834
1316
1880
1546
104
2191
508
1082
1160
850
2310
821
1664
178
415
2947
1268
1662
1896
596
1775
1413
2941
2798
804
696
267
1836
1110
2579
3972
