0
6534
7
7
134
376
464
862
7622
9119
327
299
41
562
106
10
83
7226
58
2
2
452
899
96
23
1078
9
6
50
27
115
1040
291
5
1989
3
9
791
94
88
9531
6912
51
8
13
4917
1186
49
66
134
377
505
5
4754
4307
6295
8387
5
785
2142
6823
282
4882
7
4
1618
7265
3018
743
10
1085
999
8359
6169
1
17
804
1246
882
651
32
1018
6853
0
6303
603
542
3
2
6948
995
10598
1
9
7625
616
96
366
77
933
428
80
95
1
3
124
9250
97
10102
251
273
1
2888
177
34
22
68
4
916
8209
93
294
59
543
571
41
2
9
2
2862
22
7
2
751
80
3
4
827
805
548
2
15
76
80
762
9
4
8
20
4
161
109
4
33
3
8975
4658
5
586
502
719
4415
71
99
89
429
6
10
967
2588
1
44
3
2512
95
836
3172
246
2722
209
7
6
10
9
8
1
3
325
0
225
38
29
6671
5250
13
10
95
423
43
26
1
6177
415
2034
4
9906
1
10543
44
28
95
3390
764
375
977
4673
6445
58
57
28
27
2560
2
9960
4801
368
8705
227
21
15
7
9158
9
548
327
75
0
3627
981
323
9
7973
1664
30
9
263
8196
42
14
9900
347
376
8
3
607
2411
947
10
1
754
51
313
427
7
391
32
7
9323
345
4938
10188
4
3
9
446
48
59
2208
2682
27
3
45
823
20
538
1
3801
80
1551
375
4
1057
5
77
188
100
422
98
1783
72
25
88
61
656
449
975
5242
8
82
4
503
199
881
3856
40
73
4
6095
106
1687
3
60
6
387
33
7
464
4
9
4105
1
7848
454
308
707
98
4820
5973
6
478
9
1949
43
56
45
948
7
107
2
5877
3
2
35
11
33
1454
6
494
9312
847
3
10298
1151
1
9
605
5872
2
20
5
106
7
436
40
2384
657
106
7796
1234
25
1
9372
37
42
97
10749
4
7
94
186
6202
0
480
22
12
8665
88
698
465
21
23
22
9
5
39
1010
3882
7
8
139
23
3
4
69
2
1315
8378
574
29
1605
90
3
46
77
647
487
99
10061
503
9
469
0
1
60
41
384
247
580
21
573
91
4
6
3
626
3
266
7431
0
1036
385
1468
5
11
8
4576
5620
95
0
93
2
915
61
3644
526
339
95
878
960
5
9575
2114
4143
8
4250
1869
41
52
449
76
2
8178
9604
9338
3068
6
5063
892
9656
6
6
282
413
84
755
45
741
1863
1
2016
346
10
4
42
1001
10915
9170
2
1934
9
106
1077
227
96
1966
959
4
2043
9690
83
4278
7047
8
8056
5160
67
1300
461
519
731
7
69
82
15
448
4667
8497
9
36
88
5
367
372
4377
484
436
0
97
7
6244
10
9
6
0
5
215
680
395
9957
1662
2
206
927
78
7983
6039
85
2953
25
26
3226
154
1120
25
874
766
3
989
777
6
420
91
46
74
68
795
30
6401
6843
16
9
10
314
10906
5
7147
303
5072
7
6696
5
391
2386
648
1840
55
557
48
10497
5244
40
17
7188
128
877
578
32
29
36
263
623
5512
2
1075
4317
879
470
28
71
10211
5
728
1397
43
767
8208
989
1012
33
7
11
434
7
10
10
108
85
2170
69
1195
771
162
529
8
823
27
94
0
7
7
8
3
655
93
3
5586
74
2
836
527
49
899
57
2933
14
90
7
990
0
80
87
4
103
2
868
5436
463
7
8598
2546
3
5
5656
3
11
301
32
7338
87
2
3
153
340
2802
130
5047
6
8471
26
736
9
974
598
927
6898
16
98
319
3
1953
1
2758
5412
967
2
17
3
869
2
40
580
90
508
9558
176
634
1013
315
3541
1043
4917
7
7
5
6885
8
325
9
11
13
40
10881
60
31
769
517
67
908
92
6
3
775
937
59
96
4
10
1033
1057
1698
104
4
828
261
5
503
2272
610
28
163
86
390
5
17
325
4
4608
1318
84
10
27
6123
2524
108
2
6
60
96
5
6930
62
0
347
6079
6349
6371
7
9134
8548
4346
1961
7099
6
57
5027
219
28
755
953
323
2
0
1563
6
10
856
9959
6
1
5601
6
10770
1
4
8388
1529
112
33
5
4
5
73
42
1795
2818
504
2048
52
11
2818
9
344
2
2495
5
3726
28
2
82
756
7866
96
7
49
6893
36
3880
9
10
8224
1071
3102
32
17
217
7892
493
667
487
2684
9248
1
1857
10
2
10
7
974
4
7169
4741
59
46
4219
3566
6572
0
825
7
87
235
47
8
498
70
1056
0
7807
464
11
27
4421
264
3092
9
9
5
65
270
31
3
9066
30
13
3981
6300
536
46
409
8
917
4289
75
52
7025
2
0
8
8684
476
31
5
8547
7195
7861
611
681
3136
7
10137
7387
23
67
5282
4
3
251
59
4
9731
37
108
84
1
8786
6
6283
7
5
415
81
35
2605
1013
5
6
17
4
6
33
26
4099
648
8
769
1
8067
5
4980
5299
983
10
27
92
9
5192
2328
2
1
6
