13759631
11654235
1110135
62748005
0
102154401
84087703
21536112
34250189
21955099
73784461
1880066
121089251
42808173
34598521
1246962
122115971
90073974
22709507
71348234
178972161
1310660
74880530
211206703
8220198
209762771
135869647
219745710
52047244
289695608
11861448
5363067
208721720
212272016
196282136
304301875
207403771
271393388
68716956
191617633
102975672
60423000
47327730
306682366
256820481
256130591
218563440
237064400
34145762
231458029
258688788
245277150
269841223
186041839
17253731
276136237
368613399
131875682
284779579
45222668
172658165
397499090
304980031
207264687
274953139
158120906
207490249
10120864
301790359
345109117
177186601
172360910
260526992
268088474
222825669
77640179
63855410
37149962
396026642
380146319
121834080
40681862
19000634
495234712
19886809
507465821
265109794
360097559
248889527
338627547
224064434
24805711
1235795
116762953
445562085
560512125
201758752
115580345
89018576
83520588
376499351
257187546
201609365
579005356
486426225
221984232
476723301
300843182
725295865
709775503
735394524
121710609
537096715
448878725
607727389
149605408
4078248
705081583
662897926
600012694
759799274
494450472
297721120
471607829
240289233
87348514
643040915
215707348
289061827
530221017
817396691
794281196
883151562
483302738
784058060
59097276
998091090
835705477
503612186
446272683
461652497
748227212
319946888
711665963
881970424
107908239
859838184
1010460704
127250516
922469550
714546029
5117439
716564997
488143622
692586059
1046361242
242662931
124869640
1046040845
301861771
1031894284
708595861
337829384
804520692
1015780540
384739304
39676965
678130010
1060188930
619714670
839278142
1174261216
126625958
854512089
396326417
455056351
1179932152
1425940534
1291724713
165777155
1329495542
374980654
22707582
1038277458
1041424401
1137228615
733737986
343290940
1190645149
1326008875
1001793847
815562855
727647397
119375457
824169437
1295216168
1422126957
637359683
817764016
1214553020
765281823
340156443
120479722
159414164
881552038
1523101028
903175527
8202569
822049155
1317269872
441814936
39814416
1268739507
820826551
253951869
370440483
1019790701
920765047
1029854008
1671357988
423582341
1174275378
299573854
352594852
1134066637
1127951982
1110955047
284567214
1047729513
877946637
347042812
1238259909
568350296
964545016
1647632752
906131888
799150322
84455771
939397325
531130383
1755967572
1206943513
222078129
674268621
700658610
1072293746
1254106624
1783748758
1554191849
27286839
703661926
360595104
491585155
1665146052
1697082932
880127907
683021389
896537674
1236325773
1314949666
210392230
1356642062
748193875
1875797435
115591518
1869157725
1911296566
166832182
1285145606
272488235
954847537
54830410
430521219
106809089
357451567
968060510
1164394619
1046912766
1396810514
1444062735
216950859
1139516373
137097823
685032665
26302413
1748499189
1794741293
583129068
1535881696
1370986525
1485238542
339785156
1548831216
319267886
1468124182
918507582
63901540
1386999069
1930027038
550206305
993838508
94819090
2099187006
1264998704
1672360486
12753810
295382399
1223378596
342547989
40197991
1942219590
1423080226
2134761539
639042043
1097127833
190979542
2270913676
622702635
351181774
1421044785
248867551
1175254926
12430190
1242515458
588979087
1584101681
453665818
985194224
1763655404
1837165409
1802044392
1388794400
653470459
779515917
1878750872
1073000607
249446678
1265094555
1177810905
890581941
531080624
1727129975
963580310
2333864419
1448984167
826755041
841286568
702456337
1430762155
911208679
1625216721
1858669916
1260629422
527506012
1607412651
1426640459
2436946892
484018223
28400184
464159655
894628035
16224435
567372763
987341511
1141578171
1378869854
1384523713
57903180
2515155183
2227870080
1748937691
1380089496
2628607052
2202804842
1911740540
181720160
1616259286
2132467039
1332304467
1027700021
223782160
905203179
139478967
1377006609
122340477
1347578928
2623069701
2436269863
1705155353
1690833498
1419763990
2073180126
1639201794
1585798269
1081267022
37872477
1621780822
1025885270
1683032929
358451834
1522717439
22473444
2542340017
1886616887
744228176
334301509
1033083306
2852923824
977668197
8177310
2176327714
1072906740
2618240753
208015411
1222981910
1815570319
789020119
71562909
342097157
1233677934
1006505030
2166873153
2536900568
199350293
671952087
1521152248
1452313733
1375995163
942426014
2872268681
1154600968
36149424
433861243
1423770417
1456734029
538127966
396039214
2754359730
1522870005
863038602
357912057
440219759
1453650451
1377888296
2641475053
1265942877
2443919143
310294998
102133440
2754924599
590800476
750616165
2506364060
1559386068
1407227942
391648211
264950324
2068438678
305275356
2412668320
2471793799
810063623
406446418
321256378
355674575
2206560051
138493109
458377957
2853674779
1334367516
3160332113
953301314
516961822
1945016321
1845380823
2840669388
1394500175
181540205
3148145155
129528075
1492932053
1367470561
147890514
92172565
2896167976
782261089
2822717794
77958336
139986911
1188330080
2063424896
371633728
927703061
1511191416
2452624870
1175086854
303583813
214652719
283978287
531135799
2416755382
2566145486
3078988177
1035831634
1068131190
2356183288
2141305551
3272151844
219201197
866251358
1088554022
2209244653
2099459648
114484476
2263719517
1487785044
2227769850
712948263
1437895223
228497366
1671124365
1772925426
3053470616
1423703751
2639435144
1796413091
1125024459
55414766
1946101455
26675456
147440693
251638486
1127137421
2406197396
692178515
2719831683
1171006884
429770137
1462405012
1663630895
218824514
2789129317
92047799
2138157549
2944336902
1655379557
1565250845
3667822240
973296604
1701653870
2527691814
2920850060
2144489290
2339486676
335335634
1837100696
3122220082
2902561445
2208727152
1018168094
2880772742
38554223
1813089820
2309216623
1761811102
827861644
287911455
2525583095
1798662398
1641539896
1699678352
137998854
844851984
2223957778
2388540087
208032364
1585919841
384606786
1782566181
2421135812
3274521678
2497547334
836224024
2419440110
1387536503
2452275475
86745159
2104912508
185161675
3646977009
2468343609
369018611
2005655557
3312194445
2483900492
1585517175
2044916143
1536573118
589352319
2624479548
496378860
514290760
2169879534
102088954
749349003
1963821334
1305906289
3970820
2542933207
3812669458
2927448970
925312767
3465907365
2854260877
1723586776
2379769234
3434854290
1565928044
1877832773
1395181282
3006518785
1912130747
1620350782
2069358079
2269464492
3712096198
2459234217
1451534563
3589872844
175765718
1036491738
2360900588
844703310
128174108
1739299888
715374873
3765264592
3250584848
2279520248
3123239447
86614366
21043612
703215656
3284757593
3695112722
2831368402
1747023070
2043675561
905568902
1898402773
3440164066
121329387
3314519949
3949155332
786017922
3012653784
2045335182
2036491532
238662792
1449050746
3603416630
1238793863
3509685758
2337917679
67078155
1662654460
1980324250
482122580
3073172999
3782051849
1843267006
867494299
316675758
3817202975
1679684824
4078943467
66951893
1341029669
3593009344
4104765942
349468360
1306207468
1730563875
3783656819
2880811801
4274923015
690035442
2763367720
3011422751
4280368061
1812068808
1820446148
1965979881
2630780943
357425714
871233792
3285565931
3930859709
1884359192
3536163665
549454573
117603753
2311539728
1084532874
1732192521
2767679139
4027831712
3505009074
21568399
2290865792
2475012052
1247604039
2495785450
1933893985
925459212
1954557757
2361989460
1798299804
1110579458
1844723946
2267596758
2855874461
849833172
3549842546
897508183
3809312932
2876112588
2957701891
1784905765
2188864319
783825021
186688898
2062486075
1999603066
207219464
2989081512
4481205078
1453260747
2662478455
2670056148
2541171570
4354360398
780516646
3302454717
1743757537
3109139548
622157364
492249359
4828752323
2816976138
3158540888
1777467202
2856386660
1786042662
2735411067
3265430838
1684013912
2230553555
3822899431
2217933577
4177246738
3314069034
1848867875
1033130928
2798284661
2554854150
1138421822
3150941748
1524658903
2737349062
2241570058
4554209180
4989920
3460869361
2588563318
2365275491
2106412172
2905313160
2691706012
3027495977
1319293334
2885519024
796400962
3772834289
3427349908
934455858
4522451257
1230670063
2472398023
4819449342
3493110564
997654553
1725851297
1408609092
2597939449
729785024
3032360577
1432652345
2275573134
1222062254
743219099
2666891374
2072237707
4276288009
2122906493
4607101173
3221396743
195564395
1279707820
2249536449
320818401
1584631615
161410144
153179767
3026388357
475683037
1569997774
142811907
361286066
2608196862
2525586976
284031597
221229111
2077270854
3129286087
4021522774
629055324
1969491033
4141382580
3691579610
1002829919
3324104862
3812125332
2917047796
1398245144
3213399816
3127810575
5188454513
2599153296
2744644789
3654318013
4453472663
1023036194
1942463463
2703999184
4947308309
4020485596
2022955283
97619409
3789999415
154376983
3104668846
2701537210
2147153604
201056822
1755612063
280678116
1975212062
2251297041
288625283
2162518756
511670573
5546632902
3207561314
1300167285
3391252264
3294138996
4899557207
4704566419
281625191
100610363
953504512
2021291412
2620600504
4772956579
4494066207
3191754828
4235014217
4307907964
1544233693
2749575418
4632681318
2311185745
1491063934
4259637968
1376762894
4671221565
5577024742
704675081
2379316765
2638141725
882745976
4549009658
5079450049
945150090
3638726392
917899297
2652579799
161452343
324692485
3490994881
6955054
308131699
4564256571
1245947997
4598289090
2644062430
3251708880
4360069205
3806514158
1085164981
2680149112
5790750579
4280894591
4092189030
4134217819
1389236856
1484545422
2144699218
2512638426
5027947728
5627751721
2307710579
1175650247
5139974193
3215624705
3063351516
2530533121
3985761132
1368810264
599941210
5353700996
4655185612
1945027301
2651876858
63723116
250564716
1677523940
976446101
1667758101
314249575
492415762
1915222390
515781836
2130530043
4053119985
5790746309
4912266800
2232474045
3854740856
4102249873
3148890410
2626542556
4831375741
6021721524
1992676186
5331358021
5593542161
736754566
3261958091
2854905481
3372900565
54714239
1506339445
2134511096
4885772294
5067006882
2833101905
3677742235
4063442612
1748141689
1058847575
3235301425
4584811816
2240211485
4889359797
659127963
2514132352
3959098153
29444289
6481085298
3489917450
5193176751
3346201817
1860992304
2723504631
2509084540
3860522399
3651876288
970157724
971171230
5333170288
2250261294
2180368846
39063264
596636966
235490912
1115145743
5453480057
3684045032
3511529630
1457334458
2827160827
5094398369
2358421140
570597144
3184877475
5528678724
6520068668
3048901004
5345988030
3956393350
4296281621
5028682661
6115665939
3004593106
6700773004
4031745939
1469236059
491453956
119866470
241618243
284774809
2220230901
1162801072
4818512440
3169900548
5003961908
808954295
421756051
4197001451
1535190827
5706379948
710700259
4771172570
1783001950
6652782952
3488576391
3769718462
128604426
5535819792
1415813981
533790889
2527204470
3491986549
867041269
2490733987
522077576
105750744
174336140
2693871265
5654380774
2549148984
2785914735
5752104502
424567707
223471958
3718128196
2685982272
2824309938
3941187395
1643545103
6699905988
2646780008
3810707279
501992869
377687056
1121270660
806957961
2750221253
4019835314
2488486133
1957865799
855259131
7206882531
895491457
3275816759
1918907575
304145471
686359803
4569557853
1486542731
3733811417
1607553776
45403757
4011021251
2326639392
1485441973
6759251137
6549005406
784716512
3905322325
3540557589
4349680704
116202241
4380531954
1570882878
943239978
4941893851
4964616719
4380247554
5534085960
4280950823
2159838229
2294580324
4948966344
6912260843
6185029046
1435340702
5846120709
3475845507
1127464951
338345957
5384651851
6755290224
1183372452
190375213
5829151511
4872443932
6055385769
3395442345
3079515460
6507695774
4769243085
570610815
7172063375
4909703561
6377724110
6592595437
3751763657
214818998
1910848669
1123616960
828429943
2550155447
3712444647
5505467522
2121668271
3194292889
2222258972
5297226838
481453939
3365001036
1869994320
7116318992
944633945
1099366059
1327326991
2624474739
7218728666
4818104438
706789862
1774846179
609509449
2016598050
770879967
5608121355
693304973
2749479670
1178900027
4808210049
7802884983
3667424202
5446072202
3423960817
4587508731
3081419632
1778288485
959892996
7257422896
1425987100
1705953523
3801691816
503523847
7313018223
3645077102
6455426970
4867024503
4207748473
66145179
3334632916
1402959142
2146060106
4442574633
5068246132
4285939286
4368467747
3952285748
2985926041
3388874486
2667397269
4050038335
2826079413
831854020
4682807904
3233843204
6113649775
1208500964
4483541931
3084634703
5152553891
7595896669
6754138690
2735841227
7351959390
4672197478
3544315590
21821074
3746684150
3401804744
3295270663
1511907559
1356079528
598207003
2995929796
1051785325
3167700608
3304740957
5408909769
2343828638
7499195336
2109500704
989094459
5195141642
1463657988
249423536
603007389
2949150504
5535343875
2396134300
2063243370
5928779774
1422453160
5702010001
4319592375
2176832809
4722400534
5750444177
6839380487
357671638
2071602484
483816823
5187665774
5900028567
3476006886
4185449903
2000076432
3245561283
640707096
6658295202
2861663978
2435903510
4792623548
2890084618
2774786362
2663671372
4958052061
3730556597
3206175371
7186422364
7862409135
7622890740
3520041444
1340838201
6680363961
29219106
3912927774
1740501305
407736891
5585214560
641622633
6290510869
3428406021
1716777907
7477779244
4699438558
6183237325
232843318
5218900941
3521017669
2588296568
4558251421
7261589870
4876739674
7537092445
6009650893
8010239984
3613848106
2606669613
3905373353
1311731254
524361283
1022571789
2904689999
4895278580
1097380343
2236709131
5810421010
3624624031
471736984
684339722
7775698699
6411525593
1483947300
6452551538
3513311781
3753783577
6777496993
1123596271
7882280727
7277649400
7190577629
3137514713
223025816
6414128466
5096532966
2908960020
7944806719
7326247742
8253284570
3739602510
6562757147
3753941018
2718635618
1214889635
2109498800
5123197424
1210021174
3852579792
5891533753
6757151474
1971899694
4795238708
5188117648
5316622685
679507766
4779836405
5849118759
5277404891
762460990
3608203213
3680203254
902911529
2150546821
4131903946
7248701623
5043881233
714553680
1070482088
6446128375
8661564894
6089239295
7131239316
1376324982
1955126463
2126555145
7315153802
4695425092
3592635594
3897479503
2745722480
3991836023
2573022651
599921652
4909461320
7313040905
6210322583
4962429965
7564710004
13139317
477206551
4391198497
5689834247
5900251749
4684084548
7496474472
1728462487
351945945
4691164126
228146694
6537324
4342981367
3875540514
8413572520
2357403625
2283693000
6843070145
781563518
5675191595
4941699897
5062373251
8074584156
5661461713
8090795708
5706281419
8296688495
7833390038
384496033
3442786875
5744145981
5018019766
3929065125
281320341
3107413035
1668107534
7985818264
8230257118
861368847
5807074035
5580594265
4471920934
531385236
7913796117
7252864132
337258380
982619099
6665089004
1641556599
3029950939
5493522804
9241276368
6448078947
1269758786
3583572390
8881711178
3775878508
4368937394
6191330744
3707016485
352291797
2280004586
7256432327
8277854210
5168541093
8666346113
4287294425
482570843
2584907411
4131316600
2515043781
4073582343
5566857020
4330462180
1520132289
4518685734
6459499095
6913601577
8706277447
2270162924
7620202406
8564420648
4767926340
3143009066
3820932301
7918352974
2194150354
8774109711
7065264490
6661479004
8762491730
171851871
561266207
1886256207
8949546083
8171852486
132499362
4181697387
6145373643
3916795095
8665512338
5248210706
4379053597
4252467772
367505353
7478485061
1590696818
4582587440
4457014308
553579040
2072374286
2443652837
4225010560
9505723057
7853108970
1389970672
7385671654
7448949957
7553215621
6819148324
8098403377
5907176207
4193078509
5250492410
5995003788
6867090753
6677422288
2109026738
7044976984
1855124956
4755936625
2238996654
8660465158
585095131
7851936753
1251142349
4765906020
7579540201
6341483728
1888836238
5892535826
1217451243
3290531875
17063144
2611480925
6166155157
9168027375
5592444448
4918173745
3976807202
5571637843
6541653920
967753267
4449979825
8373510441
2579676706
1841067638
656799721
3638205866
6696852158
4093130159
3217986731
8128470086
2157595058
9224320455
7154212497
5762172081
8472179996
5374765216
4470126684
6467616983
4419856033
496970984
1760831725
1734366494
4488256664
6635325864
8384682077
2741118973
1160367406
1229758649
6803700618
2859943602
6368795949
9766629007
7017249371
9770319446
3934571839
9387661156
3625828091
2153666888
3303194390
5107610820
6516725432
2991399031
4701866347
4324642092
7287664518
7410663251
6841572855
5266720788
3149793835
3180466817
3539604064
2529386589
821438754
1137733779
607023644
6869152321
66777511
513658405
7714291589
7157572202
6368611122
2564982891
8863597096
739373801
3184784784
5166706954
3085754073
6054388668
4656346255
2224911691
5220503327
60390600
5269640336
187520851
8078841329
5363156323
9967912437
9032122336
9180131943
6635460581
4871443993
939628416
3168749720
6907157680
1509195876
9422188406
5794787217
7520631834
733905255
4742290349
9451589735
8018724089
3342017021
9987186436
7375945483
9702628063
8229731580
5416383211
7909815660
5322232434
1879891112
2594205192
3865466539
6072333801
33470255
4997069941
1911511900
10422158585
1950933146
5963227550
3115931740
5770307213
7983681540
10147587464
3959353140
5503834113
9685561795
4289699702
2859249033
5304064922
5223794152
3993738897
1454003433
2507616438
3814555462
1078458471
4445417081
9669477503
9463872480
2381024214
3346400604
1411271901
5098206278
2783996104
5511965
6004941849
4618713732
1322978244
151251183
6904355237
4925852379
1113970014
903170994
9801967690
6283506926
10358473992
678061475
2988889156
9250979907
8338574608
9875188165
623970375
7185072805
678415865
1378255806
2308822268
7042782172
1480906513
5963675645
6905607638
5980708493
9887179061
5611718670
750761676
7151890003
8590334227
7420803382
7446431336
7002424641
11099714061
9065398481
5868342592
9732315785
5042352044
245184252
8075295407
7383643166
8990678957
6786164183
10879742880
1738057238
5469810621
10574941126
1803601706
10127263595
4719775081
10725743271
1019955279
1012864884
5066975349
424021625
1655042769
1766010870
7850769561
9969273356
8056129020
7510737741
10586101233
2011162160
5447534275
6224581535
1952325142
6678781942
8498967259
2812529831
8321116992
5864849967
6990365817
4827549267
2838899656
9661030144
4903431471
1147766407
3732528734
10788467048
7119686602
9527723497
7265552914
5909092919
10068567245
6195242042
10346389359
6441352539
3439287222
3995491860
1183921126
10192576712
5496412790
8942855015
1432861930
7388815727
7310578622
9620312024
11038174750
1172216898
6406475109
5028085436
2247698603
8939356344
9240185018
4683051975
4408103816
4664218301
1834842300
8216418659
5797814417
8721212195
3409535692
6561019821
9117100506
6564756729
6491800319
2095468450
7362354222
6266654943
134486161
6022528748
3020239722
9809305062
9873897666
4597179178
7449985632
11188127258
5590809317
10175662408
7736076920
2279891615
3931506426
5033200861
333138720
5884839960
9741565475
5132091952
4642980474
8159977706
1216018270
10225498030
4322590696
937846180
7302270112
2250462361
5582628585
4479927697
1822992703
159385464
8071101905
6402312159
5895419151
6507093603
10824223042
6062936779
8493051007
335672474
9865172816
9734892477
987339738
3998331375
2282169512
5674137148
11212708229
553802433
2033297069
4813487993
1276054294
5039863795
11451534060
4568937838
6186683203
4823107930
3620346439
9230686559
6026788317
11948545821
8538082634
4680323743
6834267779
10145096765
6860557734
2298072577
7328734865
8101151871
6881964027
5668955804
9967323217
7422646915
2334091074
7543650609
510970072
2802329602
4192545650
1695781322
5114354516
10249054361
2160879269
309657926
7850664540
7219854001
553543615
1303604206
1023907904
1244181256
10703893335
1797724289
12348020212
12414559165
4983082907
5732179924
3674120371
5119777155
6327946441
1186487710
8761931669
3624172032
8567163178
6113619522
8814253988
9352166341
10435361260
2448950704
27400912
9683226552
846337031
4548958804
5618585352
2426681698
3112735362
56476717
4302838508
10425885324
589371833
828626317
8898292826
568923410
5784288039
4305428731
5592355744
8203699067
6150404851
6280567101
7124590103
10038782887
4963977288
5324946158
12451768686
6854256833
958100901
8270666570
3406668840
2877363708
12165192475
127691522
3262517001
2011694271
11067734821
10572702029
3852043550
1976687757
8993861985
12292804391
