Case 1:
280
1544
2947
1947
2510
525
2252
1402
821
33
1941
3095
2775
796
2225
828
77
111
107
2281
1174
2276
1920
2850
926
1896
1433
1773
3089
1206
1860
2720
1595
2695
2056
687
1507
1088
1458
125
2237
3229
2329
1778
15
2688
2771
789
2748
2686
987
3237
1778
1443
833
2750
1457
1858
42
2023
3340
224
357
1071
1044
814
878
1282
493
3023
3057
1918
563
3314
1537
1196
3056
1889
109
2284
1230
2500
673
2640
899
1458
1281
1544
2125
1857
656
2729
776
859
2354
1144
1043
3125
175
1731
2384
1084
557
2011
2814
3328
1365
5
150
152
2986
3110
398
1971
468
1955
2547
3156
712
2788
1150
13
3119
2322
3334
1828
2787
422
1741
3335
1355
1937
2151
1299
855
632
74
1902
1158
550
3097
2643
2194
2938
896
2745
1924
3289
2264
1680
493
2382
896
3152
1226
3338
136
1893
1918
2969
2542
1545
320
1726
190
3050
1411
1140
3328
2266
844
2007
1814
303
34
585
375
2781
3289
2643
1289
2451
1362
1086
361
1236
2438
1024
860
2017
1420
498
2197
3056
3105
2694
56
589
2463
1791
481
2269
3291
886
2092
2845
2420
1342
290
642
2928
1299
1672
387
1073
368
697
1535
3063
1860
1696
2970
1315
440
2745
2188
1296
401
473
1759
133
1091
431
2742
809
2608
2541
948
373
2489
908
1783
2798
69
1063
628
1572
1182
1697
2862
739
2830
532
2403
2356
2745
1337
2240
1954
2576
964
637
3341
1868
2576
1552
1117
2443
2523
2250
765
2118
210
2536
212
643
2577
2883
3189
950
729
1204
1571
1418
513
815
1541
1292
335
479
2619
2845
2664
1808
1020
1520
3205
1814
2064
2297
2208
1359
3292
2573
1376
963
3084
2198
2913
1519
2090
772
1551
2214
999
866
2259
672
1226
1713
189
1743
3330
3159
891
1522
556
2867
955
617
1406
2581
2763
881
2114
1411
2592
462
1567
668
2434
1491
115
1175
1823
1905
2804
2000
1952
913
2296
2470
3248
207
3238
579
1609
3339
710
352
842
1054
768
2386
1383
1151
2424
3167
4
119
3139
1734
2030
2975
175
256
1306
373
2859
1637
3022
555
1315
1478
707
284
2370
2108
1620
596
1083
1859
659
1508
252
3223
381
420
3124
188
2748
654
2088
837
3000
1833
1475
1024
1799
2295
2681
2953
1672
637
1591
2211
78
632
272
1333
1115
2298
1125
1693
2663
1866
3127
2281
390
718
2089
3153
683
2192
2055
970
2294
1100
2619
870
2870
2921
798
2671
2069
163
3209
2379
219
553
2992
2653
2798
1788
1019
2366
1660
1929
352
1544
828
2093
37
90
3291
1224
980
966
2049
1826
759
1767
1066
554
2337
873
3281
1056
2644
657
162
3114
275
3131
1051
94
2781
3022
322
902
2651
3104
2005
455
3215
2004
1339
253
802
1911
1901
1700
1102
1646
3204
930
672
367
1842
1237
2620
917
2967
297
2820
115
276
1622
1618
3051
210
190
1336
1313
1949
3014
1747
1239
2989
885
882
3093
706
1856
1425
1459
1496
668
1637
406
1947
2286
2203
1455
2851
468
2689
2140
1531
327
551
3106
1270
761
958
1457
218
1770
169
3013
1673
850
207
191
2533
297
1779
1893
3092
4
879
2335
2480
1662
761
1813
2442
3020
2938
2704
2583
2190
2581
2217
1282
467
360
1948
1624
2209
462
1360
3000
3073
3266
2456
2289
2391
2256
2636
2011
2810
1063
2311
2241
662
2717
1519
2750
2127
2931
1782
988
3316
2147
945
869
251
1147
2888
627
2682
2996
3131
733
3315
1173
1222
2105
2936
692
451
2184
1187
2043
1585
122
1154
412
1523
3025
1045
1000
1037
2761
79
3099
3296
193
836
3291
1714
16
2217
1686
1143
41
2496
568
227
1087
1075
379
1861
1942
929
307
2565
1948
2104
1264
3177
3243
655
417
958
1705
2269
2165
1701
1888
593
2197
3023
3348
1334
2490
3335
589
1923
1312
2118
2351
390
18
1851
2379
856
2100
499
2919
1390
2913
245
3344
3199
245
1261
2380
3102
548
2555
1478
2178
1102
2820
3164
133
1721
310
2073
671
969
328
1032
1842
2274
1677
2305
207
2869
3193
696
23
2488
3238
989
272
2150
3184
2831
1988
1659
1910
741
1535
2434
730
2558
137
822
2295
993
505
1103
2666
730
569
3100
2712
2746
2577
1180
2709
670
2765
1437
996
428
1217
664
750
770
576
1887
2129
2812
1710
3217
2620
3252
859
2640
1144
2138
163
2986
81
1652
2597
1587
1456
2248
2890
3133
917
1894
1166
2622
2916
162
822
1784
3334
1642
2652
2673
1634
914
2318
1881
490
3244
2347
455
2724
2343
2804
2806
1178
2536
2303
703
2626
1418
930
114
1913
73
1792
1994
1651
1677
672
1622
567
2485
415
2065
2856
3305
140
1067
2593
239
1838
238
1892
738
1492
207
1472
1680
373
1118
1609
2668
3068
2564
709
2317
735
299
255
2467
322
982
2002
2470
1784
339
2074
506
440
195
233
853
892
1948
2596
2325
1696
1017
793
1268
1591
2407
1623
2182
1448
1671
2451
1842
1047
1246
3053
3158
2339
1065
3304
1261
2302
762
1142
2462
1757
1178
1643
1691
1765
2626
780
3167
2725
3194
2810
2057
3010
3151
1046
2180
1425
3052
1222
864
1700
520
3263
467
1624
828
1606
3004
64
171
2817
87
1118
1123
1070
3181
1005
1333
1278
2550
2412
2247
846
2527
207
725
2319
3158
689
1281
3226
403
1576
1842
894
909
2945
543
3188
2009
2522
1797
1622
838
102
512
1049
462
2716
147
909
1658
163
1649
1355
2212
3053
1133
1220
629
241
2763
1449
1130
2571
2950
2326
3166
2312
306
1410
3097
799
1392
49
1189
424
1724
1074
331
762
463
1781
3047
2686
56
2576
1247
2497
3011
2261
1660
2536
494
1021
2342
850
3350
2778
1801
1589
1039
672
738
175
1501
1690
698
3115
2439
2194
1641
993
329
1865
2860
1201
644
121
1196
2015
3256
697
653
1720
2297
636
2098
1394
2885
2290
2131
2557
1667
925
1775
2028
2871
185
2675
45
1696
2995
2695
692
2032
1512
1272
1820
1691
1110
853
1393
319
2977
259
1146
2949
3257
2210
1489
2130
1706
1753
1380
3298
792
933
2145
3306
374
2744
1309
3354
217
3113
827
1864
1434
2153
2343
66
3092
2054
2898
860
3177
2008
291
952
2393
153
1215
519
1260
373
1029
187
1798
2806
2237
1658
1395
1179
1888
566
1625
161
2058
1108
43
1164
977
883
2709
2192
748
1624
1881
831
337
3334
2151
1508
689
1373
621
2508
1067
2076
890
2239
361
293
2878
115
3242
3332
546
1353
1998
265
1289
2680
1358
1757
1745
1087
2436
1733
774
2596
1921
2108
2479
743
2537
767
1111
3059
1749
230
573
588
53
3337
292
2070
1017
938
3304
2012
2556
1967
409
1736
541
872
1894
1665
797
345
299
1915
570
230
1666
3235
603
508
2121
1748
1182
1577
2956
1842
2476
2192
2428
2538
1273
1514
3277
2343
935
2475
2065
3130
1662
1237
1602
2787
1845
1517
3149
1125
2064
1431
46
72
2927
1052
1036
44
2465
2971
2309
2087
2432
1491
3221
1889
45
2137
1104
3018
1472
840
1301
724
167
2288
375
197
3215
2437
63
887
2382
555
516
1404
861
1960
1706
2397
641
999
2889
3033
1995
3108
321
1851
2258
1817
170
1259
2367
810
1202
444
278
1077
1473
2768
1633
1200
412
3272
2636
122
551
1411
2135
1186
2577
2753
406
739
2093
3247
1301
286
1113
747
767
1800
2079
1566
2540
337
2109
54
1372
3241
371
1635
3336
188
2647
3092
2635
223
3261
2926
3328
1244
626
384
749
2979
2960
2157
2164
1511
2231
172
1809
1417
247
160
1422
1722
943
568
2333
2420
1297
990
943
1416
1650
680
3043
607
2801
537
3341
726
1177
2805
2551
2659
2320
463
462
1513
681
2937
3069
2690
958
441
2263
903
1939
1745
1606
2628
1221
2428
1654
3274
2491
825
3105
628
1008
1804
3030
2486
3068
621
526
1223
2310
1216
1641
55
2188
2284
379
2075
731
1015
2196
3284
1000
3140
2281
1240
946
2216
2216
1823
3071
1705
1280
2899
3169
2941
1389
2616
776
2209
2059
1847
1230
819
2436
2894
2998
1719
1986
366
44
3283
1647
1845
796
388
2162
1436
519
1558
1976
1304
1051
119
1579
2634
2953
2177
2230
2311
2839
814
1211
1354
1327
2618
701
2419
2098
2452
793
1217
1517
2848
1536
2444
1419
1228
3077
1058
430
2476
862
368
2374
2678
212
2298
267
396
2622
507
379
1204
1556
2486
1304
1750
507
2168
1056
2438
991
883
321
2109
341
1573
1699
407
2545
172
1293
1817
2148
117
340
43
1164
1701
1872
3127
20
1567
3090
1913
3062
1698
1914
1862
2776
3293
1032
2943
2076
2723
459
2032
3104
3035
2096
2969
862
3260
1394
2704
2933
166
2782
2837
2601
3237
2636
97
2441
1899
2790
2467
700
758
2296
3026
1470
1888
88
2274
1668
1949
2456
573
2664
122
983
350
316
2677
2246
1150
829
907
1909
2770
1441
1946
904
3097
2569
2159
2240
2972
811
2835
235
3102
3088
2929
2714
2451
3077
670
1728
1223
2713
2580
342
392
2617
1469
3115
2215
963
1396
3100
3035
2679
1284
3284
1613
2816
1676
2428
1508
2255
3082
1594
491
2838
2076
638
1204
3115
405
2530
1206
18
3004
814
2193
1484
812
2730
3098
2273
3081
2550
1125
786
318
237
2912
1753
3304
1930
3056
1270
1728
2197
2495
623
2086
1605
103
1740
807
2743
2918
3105
3312
977
2339
2386
2732
1366
2152
1545
2221
595
525
3238
2125
98
987
2265
328
3191
263
650
2572
2269
2473
2995
1024
918
3105
1425
1071
3159
1239
1137
2727
1402
465
2451
922
1523
639
971
183
3310
3103
758
1095
2949
2903
1486
3352
1869
607
360
1977
1932
2377
2858
1528
2284
1164
2234
1232
436
896
48
562
3087
3243
3141
1581
529
922
138
127
1590
162
3189
303
503
2408
468
1864
2283
1787
1438
2034
1805
2038
2645
1625
351
1560
1104
2173
1653
1215
650
1610
640
2725
2465
2977
648
1750
1893
2233
2192
140
603
1459
885
2598
1597
269
806
1908
2913
3285
1551
732
2397
612
1883
2084
158
916
235
1391
2138
1969
2290
3220
2041
2067
336
1707
2412
2866
2007
1924
792
65
282
955
2683
495
3285
59
342
2345
2751
1098
1089
1210
2673
3012
2053
915
762
1094
548
2031
683
586
728
940
2444
3286
2917
2384
1611
2817
2384
647
3167
2571
2565
1478
364
2317
1681
3098
2728
2250
2930
3019
1526
1497
419
1590
1618
2638
761
243
1749
2154
1188
706
1239
1954
150
772
2843
1925
2326
809
2389
834
2031
2224
1472
1287
2016
720
436
2015
3075
1816
859
688
1848
8
1638
83
1732
1567
2517
108
2170
1923
850
551
2077
3143
1928
55
420
627
1728
1077
1683
549
857
3162
866
143
2344
1559
1817
2597
1525
1435
511
2807
672
1260
3022
128
1388
1309
1448
2169
936
1944
362
170
2763
513
734
777
2750
511
2373
1844
592
3344
366
2541
2804
3059
344
3288
2717
446
441
78
2653
39
2284
3115
2583
3327
71
749
207
2897
2488
1226
2720
888
2812
307
3343
115
378
342
2635
329
3004
2276
2209
1591
418
844
2741
2206
49
2379
1935
2006
2063
1280
482
625
1429
1232
540
135
124
3248
2572
485
2339
2453
1459
535
1673
1953
230
2128
621
170
1404
2872
670
750
1631
2536
1784
900
782
2794
2471
292
3100
2961
226
1775
1657
459
1965
2535
2299
2257
2561
614
452
2008
3086
1053
2881
775
1345
557
2017
2979
2372
2783
1566
1577
965
381
2202
1708
2100
2965
1846
464
1027
2622
1402
158
2691
15
1760
3285
2401
2412
3195
2209
1832
2834
1318
466
1143
348
2564
458
180
3260
2143
2323
2788
2682
1972
2538
1751
3225
2607
2184
2084
1148
1061
547
2072
3212
2971
2910
1145
3240
1219
530
83
2758
2867
719
2111
3171
543
603
2652
1104
2184
1282
3196
2502
2146
71
2276
3190
3160
1983
3267
966
164
928
751
1282
2649
1910
2692
818
418
828
2087
1992
1440
3230
1280
2812
376
2947
258
2373
3080
1590
2867
3066
2833
1218
2254
1440
2825
2477
895
1266
160
1706
2612
2282
1805
537
1991
250
752
2400
3325
1277
972
1730
2235
910
1206
925
2277
179
2481
1491
376
2622
3208
1223
244
1078
1536
43
3182
184
1577
744
2875
1127
606
1234
389
2569
2102
2402
104
307
724
1154
1316
1547
298
1779
554
1981
2228
1826
1552
2758
1403
1197
2658
641
2691
1885
2175
2559
2277
834
2925
453
2878
1532
2778
3094
1297
1972
523
2679
3105
2457
2824
947
2048
893
1506
2493
527
1168
990
1163
22
1727
546
1811
2926
2740
431
2687
2258
2816
2166
1563
2654
286
640
558
1023
109
2212
950
756
501
716
523
2549
25
3236
1436
2395
3104
3077
246
2119
1360
3291
1767
1982
152
39
2510
1183
2211
249
2663
406
874
649
2506
3144
3255
1585
2890
911
1738
551
2071
2026
488
547
2136
827
2615
2148
2451
2339
2823
981
2368
479
2755
2704
770
2147
1575
3006
3070
3257
1473
2337
290
2133
1903
240
3166
2808
33
711
2033
28
3022
449
1803
2636
2300
634
3024
63
3274
2798
363
2608
933
2156
1800
802
796
1902
2557
2924
1435
2375
378
140
3189
2408
2610
2519
529
2142
230
1422
2152
2607
2985
3114
1286
2536
2481
1055
570
2357
2897
1463
964
2262
878
150
507
3272
3068
3225
107
3273
1646
1002
1763
1535
2037
3141
1806
2527
929
2812
1318
514
731
255
3097
509
164
999
682
802
2059
13
1778
536
2656
544
291
2441
3246
2312
1573
3153
1374
2738
945
3223
470
3240
2359
2695
1316
101
3341
438
1278
3072
3092
2293
1116
2526
3194
1427
3010
3250
38
2264
693
139
3292
437
1304
245
2000
2305
3206
1921
1041
3066
875
311
2805
326
2467
1363
1722
1809
942
2777
781
2578
821
804
1254
3318
38
1413
1182
2456
120
1943
653
1161
2724
2084
103
2773
93
2040
2347
1265
2706
525
2220
3014
1527
479
1438
340
3326
3305
1491
368
1498
1545
1305
2953
308
1218
556
821
601
3193
2813
1301
2589
279
2817
1069
522
382
2693
1764
1523
1082
2463
3210
2780
1426
63
2194
3114
2319
1296
372
944
3175
3028
375
3245
1936
2527
2192
1637
396
2292
1668
1883
1123
919
2870
1487
2168
3073
584
637
1892
2046
534
152
3000
565
3122
2190
2624
1996
1643
1288
1289
895
1831
2368
986
806
1035
1638
2411
321
2587
410
2836
611
2462
348
661
2592
3078
1179
2800
1409
159
2083
2154
1187
1494
1957
1286
2160
3204
2665
2426
2068
1336
1054
1498
2963
1229
305
2033
2857
1499
2947
1829
210
70
261
1541
594
1614
3341
421
880
932
1040
372
2291
1447
176
629
2731
1574
1595
2289
700
2017
442
3213
3044
117
330
2358
40
2785
1716
2258
590
3184
825
540
41
1558
1640
3269
1655
2941
2706
755
1392
1720
3289
1143
2126
2292
516
2734
844
568
3177
2638
666
2995
1483
2920
2972
685
1681
2407
1509
849
2866
736
789
2861
955
155
25
3345
2619
1195
3165
2517
3047
2130
2570
3277
1258
2213
2806
593
1935
745
2957
621
1892
2582
539
1289
1006
2444
2190
2354
2078
416
3049
317
632
2999
918
2523
884
1843
2208
1342
2750
893
2396
1691
862
423
3309
1096
1570
2467
1244
161
2676
2543
219
3102
3240
315
1812
2707
1239
2989
2035
2711
1479
1252
2221
777
1626
1577
3084
136
1701
1978
2709
1381
563
2380
1443
3037
1933
2358
2777
3144
1385
1006
2869
2851
2758
2841
3209
1749
1082
2073
2630
2129
349
1672
250
2128
935
2654
1579
2278
3261
679
2560
629
1348
1506
715
2324
1077
1263
1372
1012
285
1797
1726
2388
1750
252
163
1391
2991
144
2710
2706
1252
1325
687
694
1838
725
2713
1018
3072
1296
3351
2366
2311
2660
813
3133
3111
2089
101
321
2429
1119
1222
2634
3092
3050
2521
2438
2814
2584
573
410
1037
3131
1275
3165
2871
2256
1902
1191
153
750
409
1857
1883
1487
2543
731
658
2902
1266
2041
147
3014
2963
2982
1297
1617
2348
260
3277
351
617
999
9
1653
1597
2835
2805
3317
1653
1464
2815
3123
3228
1499
3089
1918
3216
1653
1785
3181
717
442
3053
2960
2659
3182
2132
457
1225
416
1746
2975
203
146
1657
2782
2188
2217
2387
1902
2848
932
1409
1412
2662
2228
560
3284
1009
2737
2508
1157
2044
3184
2083
362
3191
303
924
1004
527
3127
1506
1107
1170
926
2443
400
2078
1524
2684
1733
2747
3043
2288
527
1929
2812
3002
1450
3130
1072
316
2851
2710
1673
2411
36
1984
2437
785
298
3110
380
3133
3113
853
401
1072
838
2120
129
2945
2210
919
701
2368
523
2069
2486
2410
1162
455
1444
1211
2449
1160
329
2056
1390
2263
38
1042
3285
2229
424
2381
2453
43
1391
1751
1126
3200
1189
1711
1469
424
1822
754
1611
1562
228
167
2458
3136
3177
441
1921
2021
258
296
3120
1701
1798
2411
2757
196
122
739
540
183
1248
1948
1929
1594
1928
453
1315
2824
1091
2554
1985
11
3212
1937
1616
3197
1238
2225
3334
1961
2189
753
1698
771
1316
3177
2564
2135
2852
1271
3277
2015
978
2054
79
1921
809
3155
1107
2477
665
3267
2335
1925
1350
2773
1923
1560
1290
1333
2618
1647
3197
1454
2804
2952
1200
236
2351
934
1315
693
1557
2345
503
2222
1226
3342
598
40
2363
1343
1107
2683
1907
2429
389
589
2975
2761
3154
381
842
421
2029
2770
1336
225
2093
2522
1958
2
2040
1312
2040
1
1404
677
2887
1258
1696
3185
3257
2969
1007
2745
1580
881
3198
1860
848
2103
799
2284
337
35
3354
1201
Case 2:
451
1101
49
2326
1632
69
2579
318
981
1017
1267
180
2412
2798
1484
3849
229
3697
507
2615
3265
2846
2671
2756
2294
3224
3965
688
1580
1226
3984
997
1905
3987
2194
3605
3203
2996
1794
2114
1290
3100
1945
1234
1478
3860
2797
1060
155
1196
823
3662
2874
454
2433
3530
2600
487
2552
2577
3175
3763
73
1105
2743
3480
794
1157
341
401
1754
678
146
2374
3329
3804
2003
3760
614
1778
1822
3403
1211
1651
3716
55
2986
719
2933
1330
1504
1242
487
2813
1189
2739
435
3198
3068
2829
2666
1467
1069
264
3679
1894
487
2374
3450
1328
836
2645
1397
3686
2698
3205
3850
1094
338
3545
1391
3813
3231
1287
730
1673
1580
1890
791
3512
784
1132
937
3175
406
1091
816
3585
303
725
902
3060
3327
3681
2427
2727
2100
1960
411
2809
1282
297
2
267
2412
2365
1809
1703
772
397
1962
3717
3877
1691
2872
1993
1088
316
2139
3828
2177
2955
1847
360
802
3451
1788
1973
2555
3970
2498
1590
2783
1560
1357
1459
3675
1155
3566
2452
516
3679
2147
3654
1991
2591
2333
3618
3133
2971
1793
3021
3425
2405
2178
959
1172
110
2697
342
1546
2601
1729
3053
2167
3715
3472
2019
1780
3565
319
429
1638
129
2322
614
1610
871
3758
2038
2621
1382
383
1314
1725
3026
3652
199
1551
59
3897
3603
1052
3704
2849
1854
1317
86
573
2664
1330
159
413
1573
192
1627
1006
3258
713
3083
2488
2795
223
3202
2170
1598
3663
1464
2563
2622
846
3417
656
594
1943
2185
144
3106
1683
2486
29
3872
2438
1302
1726
1622
1225
2979
1908
131
34
3655
1575
2775
1013
3635
3694
2790
3805
3896
3935
1637
2213
1970
1919
3741
2335
3543
1897
495
3184
2039
1650
318
1179
3348
1772
3936
3689
1969
2631
3864
294
1885
708
3311
3491
2176
2497
1268
1378
2947
3067
1485
2776
723
2460
3379
1476
3667
652
1988
2183
20
3643
206
3372
3336
96
3808
1573
1643
1746
3204
2424
3736
848
1939
1451
1936
3947
3571
22
3093
2745
233
2550
718
1537
3859
2059
3372
2779
2460
3076
3711
2863
1981
2995
2976
549
1790
2855
2466
3608
1714
922
1886
3098
1879
2037
2205
2712
1539
1258
1456
3453
91
2223
461
100
3388
3742
573
136
387
290
3083
2517
3920
437
1211
2078
1299
1144
196
1169
3172
1432
2375
934
157
974
916
2445
2885
2478
3893
2745
2152
1183
1646
1049
2734
3869
1718
1507
2012
2755
2831
3319
2553
2547
2364
121
817
3371
202
2887
1002
2507
1906
1578
3260
615
266
3844
2992
3031
804
3582
2852
1500
3952
2838
2966
3824
1908
2583
2302
281
2663
2957
3677
3632
1882
981
3145
149
18
2662
1821
2294
953
1046
1339
1669
2245
1681
2240
1302
737
3058
3207
965
1989
2586
2172
678
296
2520
733
2792
2401
2939
3454
1037
3889
1073
3455
1505
570
12
2777
796
819
3219
2720
161
2293
1046
642
3095
3821
3626
123
1876
3182
3851
1097
899
3338
2222
2640
244
399
3130
2310
3171
1811
1743
2418
3187
3597
2034
1179
270
1297
3835
2857
1577
2949
1774
227
3089
2248
3083
3007
2338
749
1070
727
1087
727
3524
2653
3818
1640
836
256
3170
791
2597
3737
3069
3820
3607
2594
3324
1061
3132
2770
1141
731
203
2345
2121
1302
497
1287
1892
364
3420
2385
142
2047
1492
3896
2149
345
2889
3885
2105
3317
3485
972
1953
1211
2868
2777
3726
3499
803
3178
956
3159
2078
2164
2889
2182
2332
536
678
1264
2747
1936
3988
3884
398
1554
3382
3397
2247
1554
3804
3557
3074
300
897
3820
3862
2115
1524
456
2970
279
574
3998
3717
440
1607
1935
2767
403
3022
1172
3275
2310
3702
1652
946
444
458
3561
1997
3065
3760
1783
197
3410
2647
92
171
3757
2524
2104
495
2091
3536
2110
3703
230
2150
258
3374
2172
340
1615
1668
1160
2882
3492
3436
3604
1933
3
3713
1582
573
235
1739
1985
868
1360
2824
2385
1776
3191
808
2149
829
2950
3134
1150
2285
862
2558
782
181
2596
2674
3130
3429
1138
1059
3362
339
1505
3964
3972
1236
1258
3014
3547
3063
3718
3675
1717
973
484
1758
400
2578
2066
754
1415
3234
1235
600
3874
1110
2924
3452
1851
2398
522
3578
3954
3985
2945
2120
2997
508
2187
890
2280
3093
806
1228
1170
1999
2193
3405
2785
513
1475
122
1673
3021
3367
2983
2802
461
1486
539
433
1115
2217
1839
848
90
1324
1377
2707
286
1288
1893
2077
3521
1660
807
1465
130
3943
1059
2525
2171
1921
3445
2505
1031
875
2351
2725
2667
1316
2731
2049
1664
852
2133
3031
2339
1558
3978
2572
1694
3254
3487
3250
2023
2104
2999
799
826
1451
1598
3155
4003
1869
2248
483
2704
147
3475
493
2527
732
830
1006
2035
2918
695
2559
3975
3781
996
3233
2181
2780
2700
1707
1184
629
3717
2453
2202
3335
158
3504
1472
558
2438
780
2178
3329
533
2761
1992
3671
2450
68
2044
2551
1962
1990
3332
153
1667
1020
3196
2310
2138
3703
181
2469
1274
2281
2561
3344
2227
1870
1722
2040
3993
1237
3672
1566
1427
802
7
1669
1850
1773
3595
2591
2760
3878
1464
3789
872
761
2036
3973
1379
3270
1516
1392
2892
2028
1655
1550
1871
1714
2426
511
2200
3426
3050
2760
1592
3931
3573
2187
3377
797
1440
1389
857
349
1406
3814
4001
1162
2389
199
2368
2979
540
295
3047
862
1674
484
3546
1866
532
3593
2005
564
2459
3075
887
3002
3238
2213
1101
2192
2013
982
2811
2981
3418
3368
2832
1445
346
1727
3790
2983
2179
3521
3914
34
2023
660
1451
3459
1837
1848
2226
1485
493
3398
1910
3216
2116
3527
3041
1751
3043
3740
2483
1365
495
2790
746
2481
3614
3070
1013
673
3862
1102
901
1505
3289
2495
2567
2266
718
2927
532
1622
2971
113
345
3327
3966
488
2333
1839
1011
2116
2867
1539
2455
2932
3312
2953
2550
2889
3470
3105
3325
2779
1864
1473
2746
973
2874
1613
3065
2555
3905
2476
712
205
541
211
993
2904
346
1768
79
518
3719
2021
3139
1297
3707
2719
3294
510
726
2763
573
286
1869
1102
3012
51
14
1784
3419
3089
3832
623
338
1215
1312
3482
77
132
1516
827
3876
2320
672
1974
1285
1457
779
2092
2376
3269
1488
393
1274
1609
2623
2808
470
3447
2468
3786
1914
2007
977
3040
1654
2016
2029
3913
2788
381
3422
3838
788
2795
3253
2847
3263
3478
1511
3225
2828
1
2866
1791
2515
3749
2205
3206
3748
2816
3618
2676
744
1959
1952
1365
1632
3533
1939
3298
3195
3774
619
1741
1893
1829
2702
3229
3444
250
3658
2948
1989
943
1787
1646
752
3212
2645
1628
680
131
3043
3367
188
3022
2432
3228
3767
970
876
146
3932
635
2470
2088
306
1681
3478
1272
3201
1052
1178
3241
2710
457
632
3332
2559
3131
2053
3526
2579
3556
2735
1700
3233
2053
1082
1897
3059
3758
38
1350
1418
756
1698
84
274
3064
825
965
3198
49
3718
3513
2530
1171
2302
1352
2466
2574
2765
2664
1725
634
2366
1495
36
1292
3661
1828
3150
343
343
1110
2896
1386
1508
2614
3006
1351
76
3149
940
1900
3055
1738
3529
1291
33
2114
3904
1427
1423
1277
255
3813
3622
3465
237
749
1954
918
2354
3754
890
605
1259
101
3837
1584
1218
1056
2620
2951
778
3766
648
2470
2082
3404
3940
1798
1691
1312
1135
138
1061
3006
3918
3428
3726
3934
1570
3399
140
132
792
3488
3879
3605
223
1061
894
1934
2628
3297
3544
577
214
1162
2303
417
2397
3306
614
683
421
3278
3393
1952
3987
813
126
1610
304
3998
2970
691
3069
1959
2429
3419
3760
2533
996
1543
3007
3732
3164
2754
2031
683
2987
3788
3366
2709
3435
2247
1459
513
3678
1984
2484
2476
1517
3793
3685
1902
1763
2864
912
1012
744
359
3940
3512
2618
1094
2539
1490
2386
2802
2015
3897
1930
3519
3036
1770
525
3616
1698
3439
1977
3493
2751
677
3951
686
523
2869
3918
2691
3646
3392
955
770
890
1612
3145
3391
864
902
1875
53
2202
2346
2853
1808
1955
962
1097
487
3731
2433
3253
1961
2034
1772
1690
440
2623
382
1255
2055
2098
1121
996
1795
949
506
110
3069
690
2086
610
3231
2028
2116
1750
1589
2762
2258
3040
1326
798
2837
3245
2497
482
2318
3829
2656
1237
3045
1880
1988
1849
2622
1674
1008
2112
3104
2805
3530
3754
121
3713
3551
2179
3863
1662
2900
2658
2390
935
1846
129
3992
277
167
877
2288
3529
1096
3681
3784
818
1521
3102
1101
78
786
1674
1342
1810
106
2804
546
819
3951
573
895
1938
2825
1965
3752
263
2106
1810
3346
2186
3705
1485
727
1597
1373
1173
880
2433
3688
591
2338
414
2884
337
3715
1104
353
1872
1182
3002
669
485
3523
3136
135
1786
2051
1829
492
3854
3621
3731
2346
2273
3653
3420
1124
1437
1216
2946
211
328
1475
1431
567
1423
3895
3983
2543
1971
2821
2395
3182
3093
3110
3152
2488
3263
2544
49
2578
3700
204
621
2121
1788
416
1545
542
2847
3166
247
3425
2323
3935
279
3968
268
3391
1632
527
832
3167
3461
3040
367
3536
3414
1714
844
1376
1271
2607
3528
981
2644
312
1728
2678
3990
2078
2164
3733
1710
3196
2097
1457
2291
1342
3051
609
3324
191
116
1568
1929
2947
3285
2419
1550
1615
774
12
1669
2069
1209
451
706
2341
3309
3481
1791
2479
1685
1128
2821
1776
100
1887
2654
1387
1535
533
825
256
444
2670
450
1801
1449
3756
1513
2267
1031
2418
1321
2367
3734
3988
556
1386
2700
84
453
1618
3393
1453
731
1472
3076
1797
169
3941
859
35
1405
120
3871
175
2303
3671
410
1710
32
3602
829
1637
1115
1790
3399
3981
3301
3969
3261
3704
1668
508
3602
3113
2510
3691
983
3104
3453
3366
1168
1067
1146
1477
3901
3750
2580
2801
2961
2147
2666
1845
2130
2244
1208
2329
1072
3146
3920
1448
3547
964
3377
2763
3923
475
3991
2856
753
2540
331
3328
904
3628
550
396
2521
2615
3840
3142
259
3478
1909
546
2105
2038
3822
1629
491
2401
242
2148
597
49
2445
3326
2638
1976
437
3618
2115
2263
2135
795
3997
3371
3761
2943
1436
1036
1196
2981
1153
3990
399
1406
606
2596
2696
3995
2843
803
3358
3831
177
3949
712
1919
3238
225
1212
1796
1794
3294
873
1341
1930
2007
1930
2686
2774
3498
1117
1976
3652
3103
2759
2751
2926
1633
1051
3420
2878
2120
3486
1892
861
3402
3327
3303
935
1309
3761
1829
3676
3948
2253
2491
3836
2068
95
512
2697
118
1539
3650
2122
1638
3923
3887
1791
3600
1027
712
3380
1688
74
3970
3941
2089
968
3194
2103
2027
3307
1075
3253
2285
2251
1051
2558
3222
962
552
394
1116
440
1688
1410
62
2688
2158
1613
2821
437
2992
2549
1451
3010
3042
3111
2661
394
441
1066
567
396
1136
863
700
3788
364
423
2962
1511
3947
3186
1979
1989
1715
2997
3717
981
2886
1211
3300
1619
91
3771
789
3395
1438
3462
3256
897
3017
2068
2399
1121
3582
2864
413
2833
1514
1639
2673
961
1435
825
3603
3934
3204
1398
2598
3195
631
3214
3723
2072
828
2068
982
1211
1879
3251
363
1300
1868
2345
2646
3949
3524
2509
1900
1962
2632
386
1176
2608
2058
799
2952
3613
3005
2458
686
1504
3513
666
2141
2817
720
4007
4007
Case 3:
2936
2583
362
1744
3
147
2674
923
830
2543
1408
737
127
291
2686
166
817
1285
2236
460
347
3047
3068
1678
2169
929
1453
1933
37
3072
2645
1829
2047
2965
2365
8
2238
3040
2798
1256
576
1428
302
2765
2416
2302
800
2093
871
943
1410
1216
2557
1976
519
412
1555
2442
2780
1737
584
1414
1325
1650
2430
1916
1443
1992
1624
601
711
1709
1025
1974
246
1526
2582
166
2060
990
115
45
2172
1025
2009
2027
2775
1110
1026
1587
2936
1892
3059
376
2703
1782
2700
1011
1597
3043
60
1664
2369
1702
358
175
180
2345
2277
1793
891
481
931
3046
678
2963
2368
825
2110
314
1396
897
1748
657
2534
1633
2226
377
2741
17
1407
2208
2135
362
2327
2883
1441
22
678
533
1097
1546
2505
1714
2634
2002
1512
2206
183
48
911
1080
1469
479
648
2420
332
319
1718
734
119
1295
2467
2161
1744
140
2064
1373
1742
928
270
160
1350
1480
626
1837
2701
2326
1623
2026
1230
1778
2339
2259
565
2955
926
1724
110
1556
99
2006
2020
2956
1939
1321
1881
2680
727
2783
1050
2544
468
583
2657
2247
391
745
1422
1103
768
265
545
220
1782
171
2818
1688
1186
1818
712
1789
849
287
2676
295
449
1833
2892
1234
1905
887
2490
306
500
816
2131
2223
547
586
1373
1695
15
2104
2319
2251
373
1136
362
3070
510
455
2704
2468
3057
2420
873
1901
2441
62
803
600
2543
112
1216
1350
781
3023
169
1126
2348
2627
1712
404
1417
423
2814
882
2451
2153
1857
2164
1943
2050
1234
2584
1692
2276
1992
531
1573
2553
2531
2485
718
2736
1292
161
1048
642
2600
428
2010
2372
1873
24
2496
100
1995
561
2855
2339
436
2462
1954
946
2002
1847
2128
839
2659
544
1432
1292
1807
1319
2893
496
2801
129
1363
938
2610
494
199
2292
2144
2768
1644
1107
2680
481
595
855
2660
1277
2353
2031
2908
1252
2718
1565
952
1401
155
746
877
1030
1791
2789
1817
2400
186
2303
154
3079
1715
892
1164
655
472
2783
1461
1138
1734
632
3070
1422
1012
2901
1477
62
1829
198
3031
3086
1931
624
1027
1764
981
1369
2397
2113
779
1319
126
1103
2115
253
2273
1587
1382
1319
1625
84
142
2607
934
544
2803
3010
641
1675
2608
904
2238
2673
3066
2102
1322
164
606
1667
1459
393
628
1483
1917
1044
1012
1682
2880
1862
2237
1069
2480
2961
1757
2479
2586
1174
2948
2679
843
2859
2343
2459
701
953
1087
2978
1551
1839
209
1211
1104
3046
1524
528
1443
991
1962
796
1704
1353
2755
2521
1405
2273
1956
2140
2379
1061
3059
286
2802
1182
2651
3062
1258
1051
2318
2190
938
710
714
854
693
483
3050
1230
1638
589
2581
161
83
1940
2981
247
2709
2133
505
143
261
459
2158
521
2525
153
1673
1984
508
637
1778
11
731
1332
1243
2
1447
1217
2166
1732
2813
648
3010
2964
1036
1453
662
1070
2456
2394
2956
33
1179
673
465
1983
1932
1116
789
14
2867
2959
935
323
158
2254
2399
567
1196
1142
2996
1093
1511
216
1667
2628
1257
2175
2202
289
102
933
1867
1573
19
1833
1563
2524
613
1886
1283
1579
1252
1670
2847
3046
1537
2099
1454
169
2718
29
1308
1643
1709
2042
2478
1824
801
1357
246
2836
1100
674
1675
3001
280
1644
2098
1165
2731
2051
321
270
2404
161
1922
2745
835
1913
1056
2179
1987
1649
135
1234
647
2502
377
797
579
2496
1822
2364
935
2667
2985
2806
721
1364
2349
1759
2217
2247
1465
1188
131
170
1808
138
203
2514
1414
2047
2029
426
2418
778
1184
1281
2600
1503
1354
1981
1762
2261
2560
2089
2025
1277
2168
2868
1247
1849
2872
2645
1073
961
763
608
2438
1125
1980
1205
277
163
70
547
509
2060
1026
1341
614
2711
1762
593
1305
2452
2824
849
130
3028
225
772
1246
1238
2754
2353
2869
218
2624
1466
1023
1549
2588
1842
1257
1663
781
997
281
1613
179
226
2115
148
2334
2981
2101
397
604
222
1746
528
1603
1301
546
1636
2214
378
2461
715
1142
2290
1906
2374
1032
678
2028
3085
789
1555
2366
1570
2216
1148
1887
40
1749
2602
2384
783
2798
470
2368
1481
769
2413
1313
1972
2030
3035
2951
64
1375
1756
2354
222
447
2037
2176
387
1179
2730
2587
2924
1384
1363
419
537
2828
2766
2432
285
2421
1442
1063
2971
2747
2441
551
1572
2045
2366
2044
1009
934
2445
2255
2173
1122
3102
2869
2748
639
1487
99
1225
2177
522
2298
2756
1701
740
2113
1045
992
952
2801
615
744
1808
1089
164
1237
2341
424
1452
1720
784
1178
727
352
2065
479
397
1884
2197
824
1027
2383
152
2670
135
1936
2342
1990
1854
2173
229
536
1019
1545
1505
731
3027
1943
1317
1615
2581
1489
1614
2440
888
343
159
3011
2216
1091
1930
860
1293
1874
1421
1928
1133
2291
2337
1537
1528
863
287
410
50
357
999
1321
825
782
1141
1618
995
1604
2532
3009
1540
2641
2849
804
2324
3012
2850
1128
1843
1784
2866
1844
2418
1695
2013
743
3077
2931
1806
198
892
310
2007
76
276
1820
232
407
449
2564
1869
88
571
407
989
1168
1382
2771
717
2574
1636
900
772
292