120
176
180
163
132
38
65
190
190
157
150
67
100
179
168
167
123
78
3
65
44
99
101
38
149
186
46
35
14
109
182
46
182
129
181
186
145
186
181
137
114
182
92
151
82
125
148
120
176
181
168
186
145
124
182
84
182
113
133
174
127
130
120
184
160
62
131
79
169
187
26
78
167
140
178
123
181
175
156
188
159
73
162
109
115
165
183
10
174
113
69
144
182
65
191
98
127
191
77
123
118
159
185
151
151
7
92
123
134
184
173
137
188
72
55
20
170
55
165
59
83
151
109
167
155
158
7
141
28
144
112
122
182
137
177
130
44
184
96
155
175
178
174
136
108
170
58
125
185
77
144
95
96
123
142
2
139
172
172
137
151
26
167
114
114
128
178
3
154
1
133
162
82
178
9
127
62
184
102
134
65
17
180
69
51
174
158
39
95
59
155
146
125
187
9
160
102
97
165
183
